{"numFailedTestSuites":0,"numFailedTests":0,"numPassedTestSuites":12,"numPassedTests":251,"numPendingTestSuites":0,"numPendingTests":0,"numRuntimeErrorTestSuites":0,"numTodoTests":0,"numTotalTestSuites":12,"numTotalTests":251,"openHandles":[],"snapshot":{"added":0,"didUpdate":false,"failure":false,"filesAdded":0,"filesRemoved":0,"filesRemovedList":[],"filesUnmatched":0,"filesUpdated":0,"matched":0,"total":0,"unchecked":0,"uncheckedKeysByFile":[],"unmatched":0,"updated":0},"startTime":1785206444142,"success":true,"testResults":[{"assertionResults":[{"ancestorTitles":["[1] Model validation"],"duration":287,"failing":false,"failureDetails":[],"failureMessages":[],"fullName":"[1] Model validation creates a valid deposit request with all required fields","invocations":1,"location":null,"numPassingAsserts":4,"retryReasons":[],"startAt":1785206455255,"status":"passed","title":"creates a valid deposit request with all required fields"},{"ancestorTitles":["[1] Model validation"],"duration":142,"failing":false,"failureDetails":[],"failureMessages":[],"fullName":"[1] Model validation rejects when userId is missing","invocations":1,"location":null,"numPassingAsserts":1,"retryReasons":[],"startAt":1785206455544,"status":"passed","title":"rejects when userId is missing"},{"ancestorTitles":["[1] Model validation"],"duration":132,"failing":false,"failureDetails":[],"failureMessages":[],"fullName":"[1] Model validation rejects when requestedAmount is missing","invocations":1,"location":null,"numPassingAsserts":1,"retryReasons":[],"startAt":1785206455688,"status":"passed","title":"rejects when requestedAmount is missing"},{"ancestorTitles":["[1] Model validation"],"duration":113,"failing":false,"failureDetails":[],"failureMessages":[],"fullName":"[1] Model validation rejects when requestedAmount <= 0","invocations":1,"location":null,"numPassingAsserts":1,"retryReasons":[],"startAt":1785206455821,"status":"passed","title":"rejects when requestedAmount <= 0"},{"ancestorTitles":["[1] Model validation"],"duration":142,"failing":false,"failureDetails":[],"failureMessages":[],"fullName":"[1] Model validation rejects when receiptImage is missing","invocations":1,"location":null,"numPassingAsserts":1,"retryReasons":[],"startAt":1785206455936,"status":"passed","title":"rejects when receiptImage is missing"},{"ancestorTitles":["[1] Model validation"],"duration":127,"failing":false,"failureDetails":[],"failureMessages":[],"fullName":"[1] Model validation rejects when paymentMethodId is missing","invocations":1,"location":null,"numPassingAsserts":1,"retryReasons":[],"startAt":1785206456081,"status":"passed","title":"rejects when paymentMethodId is missing"},{"ancestorTitles":["[1] Model validation"],"duration":107,"failing":false,"failureDetails":[],"failureMessages":[],"fullName":"[1] Model validation rejects invalid status value","invocations":1,"location":null,"numPassingAsserts":1,"retryReasons":[],"startAt":1785206456208,"status":"passed","title":"rejects invalid status value"},{"ancestorTitles":["[1] Model validation"],"duration":321,"failing":false,"failureDetails":[],"failureMessages":[],"fullName":"[1] Model validation virtual isApproved returns true for APPROVED status","invocations":1,"location":null,"numPassingAsserts":3,"retryReasons":[],"startAt":1785206456316,"status":"passed","title":"virtual isApproved returns true for APPROVED status"},{"ancestorTitles":["[1] Model validation"],"duration":368,"failing":false,"failureDetails":[],"failureMessages":[],"fullName":"[1] Model validation virtual isRejected returns true for REJECTED status","invocations":1,"location":null,"numPassingAsserts":3,"retryReasons":[],"startAt":1785206456637,"status":"passed","title":"virtual isRejected returns true for REJECTED status"},{"ancestorTitles":["[1] Model validation"],"duration":126,"failing":false,"failureDetails":[],"failureMessages":[],"fullName":"[1] Model validation virtual isPending returns true for PENDING status","invocations":1,"location":null,"numPassingAsserts":3,"retryReasons":[],"startAt":1785206457007,"status":"passed","title":"virtual isPending returns true for PENDING status"},{"ancestorTitles":["[1] Model validation"],"duration":124,"failing":false,"failureDetails":[],"failureMessages":[],"fullName":"[1] Model validation default status is PENDING","invocations":1,"location":null,"numPassingAsserts":1,"retryReasons":[],"startAt":1785206457134,"status":"passed","title":"default status is PENDING"},{"ancestorTitles":["[2] createDepositRequest"],"duration":264,"failing":false,"failureDetails":[],"failureMessages":[],"fullName":"[2] createDepositRequest creates a PENDING deposit request with correct fields","invocations":1,"location":null,"numPassingAsserts":4,"retryReasons":[],"startAt":1785206457259,"status":"passed","title":"creates a PENDING deposit request with correct fields"},{"ancestorTitles":["[2] createDepositRequest"],"duration":144,"failing":false,"failureDetails":[],"failureMessages":[],"fullName":"[2] createDepositRequest persists to the database","invocations":1,"location":null,"numPassingAsserts":2,"retryReasons":[],"startAt":1785206457527,"status":"passed","title":"persists to the database"},{"ancestorTitles":["[2] createDepositRequest"],"duration":360,"failing":false,"failureDetails":[],"failureMessages":[],"fullName":"[2] createDepositRequest creates DEPOSIT_REQUESTED audit log (fire-and-forget)","invocations":1,"location":null,"numPassingAsserts":4,"retryReasons":[],"startAt":1785206457673,"status":"passed","title":"creates DEPOSIT_REQUESTED audit log (fire-and-forget)"},{"ancestorTitles":["[2] createDepositRequest"],"duration":293,"failing":false,"failureDetails":[],"failureMessages":[],"fullName":"[2] createDepositRequest allows a user to submit multiple pending requests","invocations":1,"location":null,"numPassingAsserts":1,"retryReasons":[],"startAt":1785206458034,"status":"passed","title":"allows a user to submit multiple pending requests"},{"ancestorTitles":["[3] approveDeposit"],"duration":500,"failing":false,"failureDetails":[],"failureMessages":[],"fullName":"[3] approveDeposit transitions status PENDING → APPROVED","invocations":1,"location":null,"numPassingAsserts":1,"retryReasons":[],"startAt":1785206458327,"status":"passed","title":"transitions status PENDING → APPROVED"},{"ancestorTitles":["[3] approveDeposit"],"duration":412,"failing":false,"failureDetails":[],"failureMessages":[],"fullName":"[3] approveDeposit sets reviewedBy and reviewedAt on approval","invocations":1,"location":null,"numPassingAsserts":2,"retryReasons":[],"startAt":1785206458827,"status":"passed","title":"sets reviewedBy and reviewedAt on approval"},{"ancestorTitles":["[3] approveDeposit"],"duration":433,"failing":false,"failureDetails":[],"failureMessages":[],"fullName":"[3] approveDeposit credits the user wallet by requestedAmount","invocations":1,"location":null,"numPassingAsserts":2,"retryReasons":[],"startAt":1785206459240,"status":"passed","title":"credits the user wallet by requestedAmount"},{"ancestorTitles":["[3] approveDeposit"],"duration":434,"failing":false,"failureDetails":[],"failureMessages":[],"fullName":"[3] approveDeposit repays partial debt and recalculates creditUsed","invocations":1,"location":null,"numPassingAsserts":2,"retryReasons":[],"startAt":1785206459674,"status":"passed","title":"repays partial debt and recalculates creditUsed"},{"ancestorTitles":["[3] approveDeposit"],"duration":487,"failing":false,"failureDetails":[],"failureMessages":[],"fullName":"[3] approveDeposit clears debt when deposit overpays and leaves positive balance","invocations":1,"location":null,"numPassingAsserts":2,"retryReasons":[],"startAt":1785206460108,"status":"passed","title":"clears debt when deposit overpays and leaves positive balance"},{"ancestorTitles":["[3] approveDeposit"],"duration":424,"failing":false,"failureDetails":[],"failureMessages":[],"fullName":"[3] approveDeposit creates a WalletTransaction CREDIT record","invocations":1,"location":null,"numPassingAsserts":4,"retryReasons":[],"startAt":1785206460595,"status":"passed","title":"creates a WalletTransaction CREDIT record"},{"ancestorTitles":["[3] approveDeposit"],"duration":393,"failing":false,"failureDetails":[],"failureMessages":[],"fullName":"[3] approveDeposit uses override amount instead of requestedAmount when provided","invocations":1,"location":null,"numPassingAsserts":2,"retryReasons":[],"startAt":1785206461021,"status":"passed","title":"uses override amount instead of requestedAmount when provided"},{"ancestorTitles":["[3] approveDeposit"],"duration":882,"failing":false,"failureDetails":[],"failureMessages":[],"fullName":"[3] approveDeposit creates DEPOSIT_APPROVED and WALLET_CREDIT audit logs","invocations":1,"location":null,"numPassingAsserts":6,"retryReasons":[],"startAt":1785206461414,"status":"passed","title":"creates DEPOSIT_APPROVED and WALLET_CREDIT audit logs"},{"ancestorTitles":["[3] approveDeposit"],"duration":350,"failing":false,"failureDetails":[],"failureMessages":[],"fullName":"[3] approveDeposit throws DEPOSIT_ALREADY_APPROVED when approving a second time","invocations":1,"location":null,"numPassingAsserts":1,"retryReasons":[],"startAt":1785206462296,"status":"passed","title":"throws DEPOSIT_ALREADY_APPROVED when approving a second time"},{"ancestorTitles":["[3] approveDeposit"],"duration":295,"failing":false,"failureDetails":[],"failureMessages":[],"fullName":"[3] approveDeposit throws DEPOSIT_ALREADY_REJECTED when approving a rejected deposit","invocations":1,"location":null,"numPassingAsserts":1,"retryReasons":[],"startAt":1785206462647,"status":"passed","title":"throws DEPOSIT_ALREADY_REJECTED when approving a rejected deposit"},{"ancestorTitles":["[3] approveDeposit"],"duration":319,"failing":false,"failureDetails":[],"failureMessages":[],"fullName":"[3] approveDeposit throws NotFoundError for a non-existent deposit ID","invocations":1,"location":null,"numPassingAsserts":1,"retryReasons":[],"startAt":1785206462942,"status":"passed","title":"throws NotFoundError for a non-existent deposit ID"},{"ancestorTitles":["[3] approveDeposit"],"duration":436,"failing":false,"failureDetails":[],"failureMessages":[],"fullName":"[3] approveDeposit wallet is NOT credited when approval fails (transaction rollback)","invocations":1,"location":null,"numPassingAsserts":2,"retryReasons":[],"startAt":1785206463261,"status":"passed","title":"wallet is NOT credited when approval fails (transaction rollback)"},{"ancestorTitles":["[4] rejectDeposit"],"duration":233,"failing":false,"failureDetails":[],"failureMessages":[],"fullName":"[4] rejectDeposit transitions status PENDING → REJECTED","invocations":1,"location":null,"numPassingAsserts":1,"retryReasons":[],"startAt":1785206463698,"status":"passed","title":"transitions status PENDING → REJECTED"},{"ancestorTitles":["[4] rejectDeposit"],"duration":277,"failing":false,"failureDetails":[],"failureMessages":[],"fullName":"[4] rejectDeposit sets reviewedBy and reviewedAt on rejection","invocations":1,"location":null,"numPassingAsserts":2,"retryReasons":[],"startAt":1785206463931,"status":"passed","title":"sets reviewedBy and reviewedAt on rejection"},{"ancestorTitles":["[4] rejectDeposit"],"duration":292,"failing":false,"failureDetails":[],"failureMessages":[],"fullName":"[4] rejectDeposit does NOT credit the wallet on rejection","invocations":1,"location":null,"numPassingAsserts":1,"retryReasons":[],"startAt":1785206464209,"status":"passed","title":"does NOT credit the wallet on rejection"},{"ancestorTitles":["[4] rejectDeposit"],"duration":260,"failing":false,"failureDetails":[],"failureMessages":[],"fullName":"[4] rejectDeposit does NOT create a WalletTransaction on rejection","invocations":1,"location":null,"numPassingAsserts":1,"retryReasons":[],"startAt":1785206464502,"status":"passed","title":"does NOT create a WalletTransaction on rejection"},{"ancestorTitles":["[4] rejectDeposit"],"duration":486,"failing":false,"failureDetails":[],"failureMessages":[],"fullName":"[4] rejectDeposit creates DEPOSIT_REJECTED audit log","invocations":1,"location":null,"numPassingAsserts":3,"retryReasons":[],"startAt":1785206464763,"status":"passed","title":"creates DEPOSIT_REJECTED audit log"},{"ancestorTitles":["[4] rejectDeposit"],"duration":833,"failing":false,"failureDetails":[],"failureMessages":[],"fullName":"[4] rejectDeposit throws DEPOSIT_ALREADY_REJECTED when rejecting a second time","invocations":1,"location":null,"numPassingAsserts":1,"retryReasons":[],"startAt":1785206465249,"status":"passed","title":"throws DEPOSIT_ALREADY_REJECTED when rejecting a second time"},{"ancestorTitles":["[4] rejectDeposit"],"duration":366,"failing":false,"failureDetails":[],"failureMessages":[],"fullName":"[4] rejectDeposit throws DEPOSIT_ALREADY_APPROVED when rejecting an approved deposit","invocations":1,"location":null,"numPassingAsserts":1,"retryReasons":[],"startAt":1785206466083,"status":"passed","title":"throws DEPOSIT_ALREADY_APPROVED when rejecting an approved deposit"},{"ancestorTitles":["[4] rejectDeposit"],"duration":425,"failing":false,"failureDetails":[],"failureMessages":[],"fullName":"[4] rejectDeposit throws NotFoundError for a non-existent deposit ID","invocations":1,"location":null,"numPassingAsserts":1,"retryReasons":[],"startAt":1785206466457,"status":"passed","title":"throws NotFoundError for a non-existent deposit ID"},{"ancestorTitles":["[5] Concurrency"],"duration":418,"failing":false,"failureDetails":[],"failureMessages":[],"fullName":"[5] Concurrency two concurrent approve calls: only one succeeds, wallet credited once","invocations":1,"location":null,"numPassingAsserts":5,"retryReasons":[],"startAt":1785206466883,"status":"passed","title":"two concurrent approve calls: only one succeeds, wallet credited once"},{"ancestorTitles":["[6] listDeposits / listMyDeposits"],"duration":553,"failing":false,"failureDetails":[],"failureMessages":[],"fullName":"[6] listDeposits / listMyDeposits listDeposits returns all deposits for admin","invocations":1,"location":null,"numPassingAsserts":2,"retryReasons":[],"startAt":1785206467303,"status":"passed","title":"listDeposits returns all deposits for admin"},{"ancestorTitles":["[6] listDeposits / listMyDeposits"],"duration":599,"failing":false,"failureDetails":[],"failureMessages":[],"fullName":"[6] listDeposits / listMyDeposits listDeposits filters by status=PENDING","invocations":1,"location":null,"numPassingAsserts":2,"retryReasons":[],"startAt":1785206467856,"status":"passed","title":"listDeposits filters by status=PENDING"},{"ancestorTitles":["[6] listDeposits / listMyDeposits"],"duration":461,"failing":false,"failureDetails":[],"failureMessages":[],"fullName":"[6] listDeposits / listMyDeposits listDeposits filters by status=APPROVED","invocations":1,"location":null,"numPassingAsserts":2,"retryReasons":[],"startAt":1785206468455,"status":"passed","title":"listDeposits filters by status=APPROVED"},{"ancestorTitles":["[6] listDeposits / listMyDeposits"],"duration":504,"failing":false,"failureDetails":[],"failureMessages":[],"fullName":"[6] listDeposits / listMyDeposits listMyDeposits returns only the requesting user deposits","invocations":1,"location":null,"numPassingAsserts":4,"retryReasons":[],"startAt":1785206468916,"status":"passed","title":"listMyDeposits returns only the requesting user deposits"},{"ancestorTitles":["[6] listDeposits / listMyDeposits"],"duration":526,"failing":false,"failureDetails":[],"failureMessages":[],"fullName":"[6] listDeposits / listMyDeposits listDeposits paginates correctly","invocations":1,"location":null,"numPassingAsserts":4,"retryReasons":[],"startAt":1785206469420,"status":"passed","title":"listDeposits paginates correctly"},{"ancestorTitles":["[7] getDepositById"],"duration":712,"failing":false,"failureDetails":[],"failureMessages":[],"fullName":"[7] getDepositById returns the correct deposit when called without userId restriction","invocations":1,"location":null,"numPassingAsserts":1,"retryReasons":[],"startAt":1785206469947,"status":"passed","title":"returns the correct deposit when called without userId restriction"},{"ancestorTitles":["[7] getDepositById"],"duration":784,"failing":false,"failureDetails":[],"failureMessages":[],"fullName":"[7] getDepositById returns the deposit when requestingUserId matches","invocations":1,"location":null,"numPassingAsserts":1,"retryReasons":[],"startAt":1785206470660,"status":"passed","title":"returns the deposit when requestingUserId matches"},{"ancestorTitles":["[7] getDepositById"],"duration":437,"failing":false,"failureDetails":[],"failureMessages":[],"fullName":"[7] getDepositById throws AuthorizationError when requestingUserId does not match","invocations":1,"location":null,"numPassingAsserts":1,"retryReasons":[],"startAt":1785206471444,"status":"passed","title":"throws AuthorizationError when requestingUserId does not match"},{"ancestorTitles":["[7] getDepositById"],"duration":318,"failing":false,"failureDetails":[],"failureMessages":[],"fullName":"[7] getDepositById throws NotFoundError for a non-existent deposit ID","invocations":1,"location":null,"numPassingAsserts":1,"retryReasons":[],"startAt":1785206471908,"status":"passed","title":"throws NotFoundError for a non-existent deposit ID"},{"ancestorTitles":["[8] Audit log correctness"],"duration":370,"failing":false,"failureDetails":[],"failureMessages":[],"fullName":"[8] Audit log correctness DEPOSIT_REQUESTED log does not contain sensitive token fields","invocations":1,"location":null,"numPassingAsserts":3,"retryReasons":[],"startAt":1785206472226,"status":"passed","title":"DEPOSIT_REQUESTED log does not contain sensitive token fields"},{"ancestorTitles":["[8] Audit log correctness"],"duration":475,"failing":false,"failureDetails":[],"failureMessages":[],"fullName":"[8] Audit log correctness DEPOSIT_REQUESTED log entityId matches the deposit _id","invocations":1,"location":null,"numPassingAsserts":1,"retryReasons":[],"startAt":1785206472597,"status":"passed","title":"DEPOSIT_REQUESTED log entityId matches the deposit _id"},{"ancestorTitles":["[8] Audit log correctness"],"duration":420,"failing":false,"failureDetails":[],"failureMessages":[],"fullName":"[8] Audit log correctness DEPOSIT_APPROVED log records finalAmount in metadata","invocations":1,"location":null,"numPassingAsserts":2,"retryReasons":[],"startAt":1785206473074,"status":"passed","title":"DEPOSIT_APPROVED log records finalAmount in metadata"},{"ancestorTitles":["[8] Audit log correctness"],"duration":394,"failing":false,"failureDetails":[],"failureMessages":[],"fullName":"[8] Audit log correctness DEPOSIT_REJECTED log records the admin reviewer","invocations":1,"location":null,"numPassingAsserts":2,"retryReasons":[],"startAt":1785206473494,"status":"passed","title":"DEPOSIT_REJECTED log records the admin reviewer"},{"ancestorTitles":["[8] Audit log correctness"],"duration":352,"failing":false,"failureDetails":[],"failureMessages":[],"fullName":"[8] Audit log correctness no DEPOSIT_APPROVED or WALLET_CREDIT logs when approval fails","invocations":1,"location":null,"numPassingAsserts":3,"retryReasons":[],"startAt":1785206473888,"status":"passed","title":"no DEPOSIT_APPROVED or WALLET_CREDIT logs when approval fails"}],"endTime":1785206474391,"message":"","name":"D:\\projects\\Kareem\\Kanz Coins\\Backend\\src\\tests\\deposit.test.js","startTime":1785206444464,"status":"passed","summary":""},{"assertionResults":[{"ancestorTitles":["Referral commission engine"],"duration":964,"failing":false,"failureDetails":[],"failureMessages":[],"fullName":"Referral commission engine creates one available commission when an eligible referred deposit is approved","invocations":1,"location":null,"numPassingAsserts":9,"retryReasons":[],"startAt":1785206479103,"status":"passed","title":"creates one available commission when an eligible referred deposit is approved"},{"ancestorTitles":["Referral commission engine"],"duration":364,"failing":false,"failureDetails":[],"failureMessages":[],"fullName":"Referral commission engine marks deposits from non-referred users as not applicable and creates no commission","invocations":1,"location":null,"numPassingAsserts":3,"retryReasons":[],"startAt":1785206480068,"status":"passed","title":"marks deposits from non-referred users as not applicable and creates no commission"},{"ancestorTitles":["Referral commission engine"],"duration":341,"failing":false,"failureDetails":[],"failureMessages":[],"fullName":"Referral commission engine does not create a commission after the 30-day eligibility window","invocations":1,"location":null,"numPassingAsserts":2,"retryReasons":[],"startAt":1785206480432,"status":"passed","title":"does not create a commission after the 30-day eligibility window"},{"ancestorTitles":["Referral commission engine"],"duration":436,"failing":false,"failureDetails":[],"failureMessages":[],"fullName":"Referral commission engine applies eligibility boundary as reviewedAt <= referralEligibleUntil","invocations":1,"location":null,"numPassingAsserts":3,"retryReasons":[],"startAt":1785206480773,"status":"passed","title":"applies eligibility boundary as reviewedAt <= referralEligibleUntil"},{"ancestorTitles":["Referral commission engine"],"duration":439,"failing":false,"failureDetails":[],"failureMessages":[],"fullName":"Referral commission engine treats referralCommissionStoppedAt equality as stopped","invocations":1,"location":null,"numPassingAsserts":3,"retryReasons":[],"startAt":1785206481210,"status":"passed","title":"treats referralCommissionStoppedAt equality as stopped"},{"ancestorTitles":["Referral commission engine"],"duration":353,"failing":false,"failureDetails":[],"failureMessages":[],"fullName":"Referral commission engine honors explicit zero percent override without creating a commission record","invocations":1,"location":null,"numPassingAsserts":3,"retryReasons":[],"startAt":1785206481649,"status":"passed","title":"honors explicit zero percent override without creating a commission record"},{"ancestorTitles":["Referral commission engine"],"duration":415,"failing":false,"failureDetails":[],"failureMessages":[],"fullName":"Referral commission engine preserves explicit zero percent variants and null falls back to default","invocations":1,"location":null,"numPassingAsserts":5,"retryReasons":[],"startAt":1785206482002,"status":"passed","title":"preserves explicit zero percent variants and null falls back to default"},{"ancestorTitles":["Referral commission engine"],"duration":375,"failing":false,"failureDetails":[],"failureMessages":[],"fullName":"Referral commission engine uses per-referrer positive override instead of the default percent","invocations":1,"location":null,"numPassingAsserts":2,"retryReasons":[],"startAt":1785206482419,"status":"passed","title":"uses per-referrer positive override instead of the default percent"},{"ancestorTitles":["Referral commission engine"],"duration":400,"failing":false,"failureDetails":[],"failureMessages":[],"fullName":"Referral commission engine converts commission through active platform rates into referrer wallet currency","invocations":1,"location":null,"numPassingAsserts":6,"retryReasons":[],"startAt":1785206482795,"status":"passed","title":"converts commission through active platform rates into referrer wallet currency"},{"ancestorTitles":["Referral commission engine"],"duration":180,"failing":false,"failureDetails":[],"failureMessages":[],"fullName":"Referral commission engine proves FX direction for EGP to USD and preserves same-currency snapshots","invocations":1,"location":null,"numPassingAsserts":6,"retryReasons":[],"startAt":1785206483195,"status":"passed","title":"proves FX direction for EGP to USD and preserves same-currency snapshots"},{"ancestorTitles":["Referral commission engine"],"duration":130,"failing":false,"failureDetails":[],"failureMessages":[],"fullName":"Referral commission engine keeps six-decimal precision for small and repeating-decimal commissions","invocations":1,"location":null,"numPassingAsserts":6,"retryReasons":[],"startAt":1785206483376,"status":"passed","title":"keeps six-decimal precision for small and repeating-decimal commissions"},{"ancestorTitles":["Referral commission engine"],"duration":317,"failing":false,"failureDetails":[],"failureMessages":[],"fullName":"Referral commission engine marks commission processing failed when the referrer currency has no active FX configuration","invocations":1,"location":null,"numPassingAsserts":4,"retryReasons":[],"startAt":1785206483506,"status":"passed","title":"marks commission processing failed when the referrer currency has no active FX configuration"},{"ancestorTitles":["Referral commission engine"],"duration":556,"failing":false,"failureDetails":[],"failureMessages":[],"fullName":"Referral commission engine reconciles failed FX processing after currency configuration is added without touching wallet balance","invocations":1,"location":null,"numPassingAsserts":9,"retryReasons":[],"startAt":1785206483823,"status":"passed","title":"reconciles failed FX processing after currency configuration is added without touching wallet balance"},{"ancestorTitles":["Referral commission engine"],"duration":521,"failing":false,"failureDetails":[],"failureMessages":[],"fullName":"Referral commission engine concurrent reconciliation attempts create only one commission and do not alter wallet balance","invocations":1,"location":null,"numPassingAsserts":2,"retryReasons":[],"startAt":1785206484380,"status":"passed","title":"concurrent reconciliation attempts create only one commission and do not alter wallet balance"},{"ancestorTitles":["Referral commission engine"],"duration":438,"failing":false,"failureDetails":[],"failureMessages":[],"fullName":"Referral commission engine reconciliation skips non-approved and deterministic non-commission deposits","invocations":1,"location":null,"numPassingAsserts":4,"retryReasons":[],"startAt":1785206484902,"status":"passed","title":"reconciliation skips non-approved and deterministic non-commission deposits"},{"ancestorTitles":["Referral commission engine"],"duration":374,"failing":false,"failureDetails":[],"failureMessages":[],"fullName":"Referral commission engine creates only one commission when two approval attempts race","invocations":1,"location":null,"numPassingAsserts":3,"retryReasons":[],"startAt":1785206485340,"status":"passed","title":"creates only one commission when two approval attempts race"},{"ancestorTitles":["Referral commission engine"],"duration":322,"failing":false,"failureDetails":[],"failureMessages":[],"fullName":"Referral commission engine approval and rejection attempted concurrently leave exactly one terminal state","invocations":1,"location":null,"numPassingAsserts":5,"retryReasons":[],"startAt":1785206485714,"status":"passed","title":"approval and rejection attempted concurrently leave exactly one terminal state"},{"ancestorTitles":["Referral commission engine"],"duration":312,"failing":false,"failureDetails":[],"failureMessages":[],"fullName":"Referral commission engine rolls back all financial writes when failures are injected before wallet update","invocations":1,"location":null,"numPassingAsserts":9,"retryReasons":[],"startAt":1785206486036,"status":"passed","title":"rolls back all financial writes when failures are injected before wallet update"},{"ancestorTitles":["Referral commission engine"],"duration":263,"failing":false,"failureDetails":[],"failureMessages":[],"fullName":"Referral commission engine rolls back all financial writes when failure occurs after wallet mutation before ledger","invocations":1,"location":null,"numPassingAsserts":9,"retryReasons":[],"startAt":1785206486348,"status":"passed","title":"rolls back all financial writes when failure occurs after wallet mutation before ledger"},{"ancestorTitles":["Referral commission engine"],"duration":267,"failing":false,"failureDetails":[],"failureMessages":[],"fullName":"Referral commission engine rolls back all financial writes when failure occurs after ledger before commission","invocations":1,"location":null,"numPassingAsserts":9,"retryReasons":[],"startAt":1785206486612,"status":"passed","title":"rolls back all financial writes when failure occurs after ledger before commission"},{"ancestorTitles":["Referral commission engine"],"duration":334,"failing":false,"failureDetails":[],"failureMessages":[],"fullName":"Referral commission engine rolls back all financial writes when failure occurs after commission creation before marker update","invocations":1,"location":null,"numPassingAsserts":9,"retryReasons":[],"startAt":1785206486880,"status":"passed","title":"rolls back all financial writes when failure occurs after commission creation before marker update"},{"ancestorTitles":["Referral commission engine"],"duration":361,"failing":false,"failureDetails":[],"failureMessages":[],"fullName":"Referral commission engine commits financial writes when post-commit notification fails","invocations":1,"location":null,"numPassingAsserts":5,"retryReasons":[],"startAt":1785206487215,"status":"passed","title":"commits financial writes when post-commit notification fails"},{"ancestorTitles":["Referral commission engine"],"duration":613,"failing":false,"failureDetails":[],"failureMessages":[],"fullName":"Referral commission engine handles duplicate commission creation as already existing with invariant validation","invocations":1,"location":null,"numPassingAsserts":3,"retryReasons":[],"startAt":1785206487576,"status":"passed","title":"handles duplicate commission creation as already existing with invariant validation"},{"ancestorTitles":["Referral commission engine"],"duration":384,"failing":false,"failureDetails":[],"failureMessages":[],"fullName":"Referral commission engine summarizes customer commissions by referrer currency","invocations":1,"location":null,"numPassingAsserts":2,"retryReasons":[],"startAt":1785206488189,"status":"passed","title":"summarizes customer commissions by referrer currency"},{"ancestorTitles":["Referral commission engine"],"duration":677,"failing":false,"failureDetails":[],"failureMessages":[],"fullName":"Referral commission engine lists only the authenticated referrer commissions and rejects invalid status filters","invocations":1,"location":null,"numPassingAsserts":4,"retryReasons":[],"startAt":1785206488573,"status":"passed","title":"lists only the authenticated referrer commissions and rejects invalid status filters"},{"ancestorTitles":["Referral commission engine"],"duration":266,"failing":false,"failureDetails":[],"failureMessages":[],"fullName":"Referral commission engine updates, clears, and validates admin referral commission overrides","invocations":1,"location":null,"numPassingAsserts":3,"retryReasons":[],"startAt":1785206489250,"status":"passed","title":"updates, clears, and validates admin referral commission overrides"},{"ancestorTitles":["Referral commission engine"],"duration":240,"failing":false,"failureDetails":[],"failureMessages":[],"fullName":"Referral commission engine backfills referral eligibility in dry-run and explicit write mode","invocations":1,"location":null,"numPassingAsserts":5,"retryReasons":[],"startAt":1785206489516,"status":"passed","title":"backfills referral eligibility in dry-run and explicit write mode"}],"endTime":1785206489858,"message":"","name":"D:\\projects\\Kareem\\Kanz Coins\\Backend\\src\\tests\\referralCommission.test.js","startTime":1785206474480,"status":"passed","summary":""},{"assertionResults":[{"ancestorTitles":["Client compatibility API authentication and profile"],"duration":760,"failing":false,"failureDetails":[],"failureMessages":[],"fullName":"Client compatibility API authentication and profile returns compatibility auth error codes","invocations":1,"location":null,"numPassingAsserts":8,"retryReasons":[],"startAt":1785206501083,"status":"passed","title":"returns compatibility auth error codes"},{"ancestorTitles":["Client compatibility API authentication and profile"],"duration":331,"failing":false,"failureDetails":[],"failureMessages":[],"fullName":"Client compatibility API authentication and profile accepts supported token headers and returns flat profile shape","invocations":1,"location":null,"numPassingAsserts":8,"retryReasons":[],"startAt":1785206501854,"status":"passed","title":"accepts supported token headers and returns flat profile shape"},{"ancestorTitles":["Client compatibility API products and content"],"duration":723,"failing":false,"failureDetails":[],"failureMessages":[],"fullName":"Client compatibility API products and content lists, filters, and minimizes products with numeric compatibility IDs","invocations":1,"location":null,"numPassingAsserts":164,"retryReasons":[],"startAt":1785206502185,"status":"passed","title":"lists, filters, and minimizes products with numeric compatibility IDs"},{"ancestorTitles":["Client compatibility API products and content"],"duration":414,"failing":false,"failureDetails":[],"failureMessages":[],"fullName":"Client compatibility API products and content returns root and category content without exposing legacy /api/client behavior","invocations":1,"location":null,"numPassingAsserts":10,"retryReasons":[],"startAt":1785206502908,"status":"passed","title":"returns root and category content without exposing legacy /api/client behavior"},{"ancestorTitles":["Client compatibility API products and content"],"duration":143,"failing":false,"failureDetails":[],"failureMessages":[],"fullName":"Client compatibility API products and content mapper keeps fixed quantity lists and adds list aliases","invocations":1,"location":null,"numPassingAsserts":7,"retryReasons":[],"startAt":1785206503322,"status":"passed","title":"mapper keeps fixed quantity lists and adds list aliases"},{"ancestorTitles":["Client compatibility API products and content"],"duration":84,"failing":false,"failureDetails":[],"failureMessages":[],"fullName":"Client compatibility API products and content mapper keeps minimal product price aliases numeric and finite","invocations":1,"location":null,"numPassingAsserts":37,"retryReasons":[],"startAt":1785206503466,"status":"passed","title":"mapper keeps minimal product price aliases numeric and finite"},{"ancestorTitles":["Client compatibility API orders"],"duration":1621,"failing":false,"failureDetails":[],"failureMessages":[],"fullName":"Client compatibility API orders creates orders through GET and idempotent retries do not double debit","invocations":1,"location":null,"numPassingAsserts":13,"retryReasons":[],"startAt":1785206503550,"status":"passed","title":"creates orders through GET and idempotent retries do not double debit"},{"ancestorTitles":["Client compatibility API orders"],"duration":763,"failing":false,"failureDetails":[],"failureMessages":[],"fullName":"Client compatibility API orders maps Arabic display target key to player_id and ignores reseller metadata","invocations":1,"location":null,"numPassingAsserts":7,"retryReasons":[],"startAt":1785206505171,"status":"passed","title":"maps Arabic display target key to player_id and ignores reseller metadata"},{"ancestorTitles":["Client compatibility API orders"],"duration":925,"failing":false,"failureDetails":[],"failureMessages":[],"fullName":"Client compatibility API orders maps Arabic معرف المستخدم display key to the real product field key","invocations":1,"location":null,"numPassingAsserts":4,"retryReasons":[],"startAt":1785206505936,"status":"passed","title":"maps Arabic معرف المستخدم display key to the real product field key"},{"ancestorTitles":["Client compatibility API orders"],"duration":624,"failing":false,"failureDetails":[],"failureMessages":[],"fullName":"Client compatibility API orders maps English display target key to the real product field key","invocations":1,"location":null,"numPassingAsserts":3,"retryReasons":[],"startAt":1785206506861,"status":"passed","title":"maps English display target key to the real product field key"},{"ancestorTitles":["Client compatibility API orders"],"duration":609,"failing":false,"failureDetails":[],"failureMessages":[],"fullName":"Client compatibility API orders falls back Arabic display target key to playerId when product has no formal fields","invocations":1,"location":null,"numPassingAsserts":7,"retryReasons":[],"startAt":1785206507486,"status":"passed","title":"falls back Arabic display target key to playerId when product has no formal fields"},{"ancestorTitles":["Client compatibility API orders"],"duration":778,"failing":false,"failureDetails":[],"failureMessages":[],"fullName":"Client compatibility API orders maps order creation validation failures to compatibility codes","invocations":1,"location":null,"numPassingAsserts":14,"retryReasons":[],"startAt":1785206508095,"status":"passed","title":"maps order creation validation failures to compatibility codes"},{"ancestorTitles":["Client compatibility API orders"],"duration":599,"failing":false,"failureDetails":[],"failureMessages":[],"fullName":"Client compatibility API orders batch checks by compat order ID and order_uuid while enforcing ownership","invocations":1,"location":null,"numPassingAsserts":12,"retryReasons":[],"startAt":1785206508873,"status":"passed","title":"batch checks by compat order ID and order_uuid while enforcing ownership"}],"endTime":1785206509629,"message":"","name":"D:\\projects\\Kareem\\Kanz Coins\\Backend\\src\\tests\\clientCompat.test.js","startTime":1785206489923,"status":"passed","summary":""},{"assertionResults":[{"ancestorTitles":["Order within wallet balance"],"duration":527,"failing":false,"failureDetails":[],"failureMessages":[],"fullName":"Order within wallet balance deducts from walletBalance without drawing credit","invocations":1,"location":null,"numPassingAsserts":10,"retryReasons":[],"startAt":1785206514238,"status":"passed","title":"deducts from walletBalance without drawing credit"},{"ancestorTitles":["Manual product costPrice profit"],"duration":508,"failing":false,"failureDetails":[],"failureMessages":[],"fullName":"Manual product costPrice profit uses product.costPrice as the unit cost basis for manual products","invocations":1,"location":null,"numPassingAsserts":3,"retryReasons":[],"startAt":1785206514766,"status":"passed","title":"uses product.costPrice as the unit cost basis for manual products"},{"ancestorTitles":["Wallet balance virtual field"],"duration":247,"failing":false,"failureDetails":[],"failureMessages":[],"fullName":"Wallet balance virtual field availableBalance equals walletBalance plus creditLimit","invocations":1,"location":null,"numPassingAsserts":1,"retryReasons":[],"startAt":1785206515276,"status":"passed","title":"availableBalance equals walletBalance plus creditLimit"},{"ancestorTitles":["Insufficient funds"],"duration":342,"failing":false,"failureDetails":[],"failureMessages":[],"fullName":"Insufficient funds rejects order when walletBalance plus creditLimit cannot cover totalPrice","invocations":1,"location":null,"numPassingAsserts":3,"retryReasons":[],"startAt":1785206515529,"status":"passed","title":"rejects order when walletBalance plus creditLimit cannot cover totalPrice"},{"ancestorTitles":["Insufficient funds"],"duration":338,"failing":false,"failureDetails":[],"failureMessages":[],"fullName":"Insufficient funds draws credit and updates creditUsed when wallet balance is insufficient","invocations":1,"location":null,"numPassingAsserts":4,"retryReasons":[],"startAt":1785206515871,"status":"passed","title":"draws credit and updates creditUsed when wallet balance is insufficient"},{"ancestorTitles":["Insufficient funds"],"duration":357,"failing":false,"failureDetails":[],"failureMessages":[],"fullName":"Insufficient funds allows a purchase that reaches the exact credit limit","invocations":1,"location":null,"numPassingAsserts":4,"retryReasons":[],"startAt":1785206516209,"status":"passed","title":"allows a purchase that reaches the exact credit limit"},{"ancestorTitles":["Insufficient funds"],"duration":331,"failing":false,"failureDetails":[],"failureMessages":[],"fullName":"Insufficient funds rejects order when it would exceed credit limit","invocations":1,"location":null,"numPassingAsserts":3,"retryReasons":[],"startAt":1785206516566,"status":"passed","title":"rejects order when it would exceed credit limit"},{"ancestorTitles":["Insufficient funds"],"duration":301,"failing":false,"failureDetails":[],"failureMessages":[],"fullName":"Insufficient funds does not trust client-supplied balance or price fields for affordability","invocations":1,"location":null,"numPassingAsserts":4,"retryReasons":[],"startAt":1785206516898,"status":"passed","title":"does not trust client-supplied balance or price fields for affordability"},{"ancestorTitles":["Insufficient funds"],"duration":315,"failing":false,"failureDetails":[],"failureMessages":[],"fullName":"Insufficient funds rejects order when walletBalance is zero and creditLimit is zero","invocations":1,"location":null,"numPassingAsserts":3,"retryReasons":[],"startAt":1785206517200,"status":"passed","title":"rejects order when walletBalance is zero and creditLimit is zero"},{"ancestorTitles":["Insufficient funds"],"duration":200,"failing":false,"failureDetails":[],"failureMessages":[],"fullName":"Insufficient funds rejects order when product is inactive","invocations":1,"location":null,"numPassingAsserts":1,"retryReasons":[],"startAt":1785206517516,"status":"passed","title":"rejects order when product is inactive"},{"ancestorTitles":["Insufficient funds"],"duration":248,"failing":false,"failureDetails":[],"failureMessages":[],"fullName":"Insufficient funds rejects order when quantity is out of range","invocations":1,"location":null,"numPassingAsserts":2,"retryReasons":[],"startAt":1785206517716,"status":"passed","title":"rejects order when quantity is out of range"},{"ancestorTitles":["Refund — wallet-only order"],"duration":405,"failing":false,"failureDetails":[],"failureMessages":[],"fullName":"Refund — wallet-only order restores walletBalance fully (creditUsedAmount is always 0)","invocations":1,"location":null,"numPassingAsserts":8,"retryReasons":[],"startAt":1785206517964,"status":"passed","title":"restores walletBalance fully (creditUsedAmount is always 0)"},{"ancestorTitles":["Refund — wallet-only order"],"duration":353,"failing":false,"failureDetails":[],"failureMessages":[],"fullName":"Refund — wallet-only order refund reduces existing debt and recalculates creditUsed","invocations":1,"location":null,"numPassingAsserts":2,"retryReasons":[],"startAt":1785206518369,"status":"passed","title":"refund reduces existing debt and recalculates creditUsed"},{"ancestorTitles":["Refund — second wallet order"],"duration":680,"failing":false,"failureDetails":[],"failureMessages":[],"fullName":"Refund — second wallet order restores walletBalance correctly for a second separate order","invocations":1,"location":null,"numPassingAsserts":4,"retryReasons":[],"startAt":1785206518723,"status":"passed","title":"restores walletBalance correctly for a second separate order"},{"ancestorTitles":["Double refund prevention"],"duration":434,"failing":false,"failureDetails":[],"failureMessages":[],"fullName":"Double refund prevention throws ORDER_ALREADY_FAILED on second fail attempt","invocations":1,"location":null,"numPassingAsserts":3,"retryReasons":[],"startAt":1785206519404,"status":"passed","title":"throws ORDER_ALREADY_FAILED on second fail attempt"},{"ancestorTitles":["Double refund prevention"],"duration":473,"failing":false,"failureDetails":[],"failureMessages":[],"fullName":"Double refund prevention throws ALREADY_REFUNDED if refundedAt is set but status somehow differs","invocations":1,"location":null,"numPassingAsserts":1,"retryReasons":[],"startAt":1785206519838,"status":"passed","title":"throws ALREADY_REFUNDED if refundedAt is set but status somehow differs"},{"ancestorTitles":["Idempotency key protection"],"duration":384,"failing":false,"failureDetails":[],"failureMessages":[],"fullName":"Idempotency key protection returns the same order and does NOT deduct funds twice","invocations":1,"location":null,"numPassingAsserts":6,"retryReasons":[],"startAt":1785206520311,"status":"passed","title":"returns the same order and does NOT deduct funds twice"},{"ancestorTitles":["Idempotency key protection"],"duration":519,"failing":false,"failureDetails":[],"failureMessages":[],"fullName":"Idempotency key protection different idempotency keys create separate orders","invocations":1,"location":null,"numPassingAsserts":3,"retryReasons":[],"startAt":1785206520696,"status":"passed","title":"different idempotency keys create separate orders"},{"ancestorTitles":["Idempotency key protection"],"duration":768,"failing":false,"failureDetails":[],"failureMessages":[],"fullName":"Idempotency key protection one user's idempotency key does not block another user","invocations":1,"location":null,"numPassingAsserts":3,"retryReasons":[],"startAt":1785206521235,"status":"passed","title":"one user's idempotency key does not block another user"},{"ancestorTitles":["Concurrent order requests"],"duration":454,"failing":false,"failureDetails":[],"failureMessages":[],"fullName":"Concurrent order requests prevents overspending when two orders fire simultaneously","invocations":1,"location":null,"numPassingAsserts":7,"retryReasons":[],"startAt":1785206522003,"status":"passed","title":"prevents overspending when two orders fire simultaneously"},{"ancestorTitles":["Concurrent order requests"],"duration":665,"failing":false,"failureDetails":[],"failureMessages":[],"fullName":"Concurrent order requests allows two concurrent orders when funds cover both","invocations":1,"location":null,"numPassingAsserts":5,"retryReasons":[],"startAt":1785206522458,"status":"passed","title":"allows two concurrent orders when funds cover both"},{"ancestorTitles":["Concurrent order requests"],"duration":427,"failing":false,"failureDetails":[],"failureMessages":[],"fullName":"Concurrent order requests handles concurrent refund attempts — only first succeeds","invocations":1,"location":null,"numPassingAsserts":5,"retryReasons":[],"startAt":1785206523124,"status":"passed","title":"handles concurrent refund attempts — only first succeeds"}],"endTime":1785206523773,"message":"","name":"D:\\projects\\Kareem\\Kanz Coins\\Backend\\src\\tests\\order.test.js","startTime":1785206509690,"status":"passed","summary":""},{"assertionResults":[{"ancestorTitles":["Target app purchasing"],"duration":572,"failing":false,"failureDetails":[],"failureMessages":[],"fullName":"Target app purchasing creates target orders from an active app and snapshots app pricing","invocations":1,"location":null,"numPassingAsserts":10,"retryReasons":[],"startAt":1785206528923,"status":"passed","title":"creates target orders from an active app and snapshots app pricing"},{"ancestorTitles":["Target app purchasing"],"duration":226,"failing":false,"failureDetails":[],"failureMessages":[],"fullName":"Target app purchasing accepts the frontend paymentMethodId contract against active payment settings","invocations":1,"location":null,"numPassingAsserts":4,"retryReasons":[],"startAt":1785206529496,"status":"passed","title":"accepts the frontend paymentMethodId contract against active payment settings"},{"ancestorTitles":["Target app purchasing"],"duration":235,"failing":false,"failureDetails":[],"failureMessages":[],"fullName":"Target app purchasing rejects inactive or unknown payment methods","invocations":1,"location":null,"numPassingAsserts":1,"retryReasons":[],"startAt":1785206529723,"status":"passed","title":"rejects inactive or unknown payment methods"},{"ancestorTitles":["Target app purchasing"],"duration":261,"failing":false,"failureDetails":[],"failureMessages":[],"fullName":"Target app purchasing fails closed when no target payment configuration exists unless legacy fallback is explicitly enabled","invocations":1,"location":null,"numPassingAsserts":2,"retryReasons":[],"startAt":1785206529960,"status":"passed","title":"fails closed when no target payment configuration exists unless legacy fallback is explicitly enabled"},{"ancestorTitles":["Target app purchasing"],"duration":192,"failing":false,"failureDetails":[],"failureMessages":[],"fullName":"Target app purchasing rejects payment methods not allowed by the selected app","invocations":1,"location":null,"numPassingAsserts":1,"retryReasons":[],"startAt":1785206530222,"status":"passed","title":"rejects payment methods not allowed by the selected app"},{"ancestorTitles":["Target app purchasing"],"duration":181,"failing":false,"failureDetails":[],"failureMessages":[],"fullName":"Target app purchasing separates missing and inactive target app failures before creating an order","invocations":1,"location":null,"numPassingAsserts":3,"retryReasons":[],"startAt":1785206530415,"status":"passed","title":"separates missing and inactive target app failures before creating an order"},{"ancestorTitles":["Target app purchasing"],"duration":213,"failing":false,"failureDetails":[],"failureMessages":[],"fullName":"Target app purchasing reuses an existing target order for a repeated idempotency key","invocations":1,"location":null,"numPassingAsserts":3,"retryReasons":[],"startAt":1785206530597,"status":"passed","title":"reuses an existing target order for a repeated idempotency key"},{"ancestorTitles":["Target app purchasing"],"duration":348,"failing":false,"failureDetails":[],"failureMessages":[],"fullName":"Target app purchasing deletes a newly uploaded duplicate proof when a valid idempotent replay returns the existing order","invocations":1,"location":null,"numPassingAsserts":3,"retryReasons":[],"startAt":1785206530810,"status":"passed","title":"deletes a newly uploaded duplicate proof when a valid idempotent replay returns the existing order"},{"ancestorTitles":["Target app purchasing"],"duration":601,"failing":false,"failureDetails":[],"failureMessages":[],"fullName":"Target app purchasing rejects the same idempotency key with a different material payload","invocations":1,"location":null,"numPassingAsserts":2,"retryReasons":[],"startAt":1785206531158,"status":"passed","title":"rejects the same idempotency key with a different material payload"},{"ancestorTitles":["Target app purchasing"],"duration":478,"failing":false,"failureDetails":[],"failureMessages":[],"fullName":"Target app purchasing failed creation does not reserve an idempotency key permanently","invocations":1,"location":null,"numPassingAsserts":3,"retryReasons":[],"startAt":1785206531759,"status":"passed","title":"failed creation does not reserve an idempotency key permanently"},{"ancestorTitles":["Target app purchasing"],"duration":322,"failing":false,"failureDetails":[],"failureMessages":[],"fullName":"Target app purchasing allows multiple requests without idempotency keys and treats empty keys as missing","invocations":1,"location":null,"numPassingAsserts":2,"retryReasons":[],"startAt":1785206532237,"status":"passed","title":"allows multiple requests without idempotency keys and treats empty keys as missing"},{"ancestorTitles":["Target app purchasing"],"duration":327,"failing":false,"failureDetails":[],"failureMessages":[],"fullName":"Target app purchasing scopes idempotency keys to the authenticated user","invocations":1,"location":null,"numPassingAsserts":1,"retryReasons":[],"startAt":1785206532559,"status":"passed","title":"scopes idempotency keys to the authenticated user"},{"ancestorTitles":["Target app purchasing"],"duration":324,"failing":false,"failureDetails":[],"failureMessages":[],"fullName":"Target app purchasing uses the target app account snapshot and ignores customer-supplied account values","invocations":1,"location":null,"numPassingAsserts":2,"retryReasons":[],"startAt":1785206532886,"status":"passed","title":"uses the target app account snapshot and ignores customer-supplied account values"},{"ancestorTitles":["Target app purchasing"],"duration":205,"failing":false,"failureDetails":[],"failureMessages":[],"fullName":"Target app purchasing rejects target orders when the target app account is missing instead of trusting customer payload","invocations":1,"location":null,"numPassingAsserts":1,"retryReasons":[],"startAt":1785206533211,"status":"passed","title":"rejects target orders when the target app account is missing instead of trusting customer payload"},{"ancestorTitles":["Target app purchasing"],"duration":215,"failing":false,"failureDetails":[],"failureMessages":[],"fullName":"Target app purchasing notification failures do not reject or roll back target creation","invocations":1,"location":null,"numPassingAsserts":2,"retryReasons":[],"startAt":1785206533417,"status":"passed","title":"notification failures do not reject or roll back target creation"},{"ancestorTitles":["Target app purchasing"],"duration":149,"failing":false,"failureDetails":[],"failureMessages":[],"fullName":"Target app purchasing admin rejection validation requires a non-empty reason and accepts existing aliases","invocations":1,"location":null,"numPassingAsserts":3,"retryReasons":[],"startAt":1785206533632,"status":"passed","title":"admin rejection validation requires a non-empty reason and accepts existing aliases"},{"ancestorTitles":["Target app purchasing"],"duration":135,"failing":false,"failureDetails":[],"failureMessages":[],"fullName":"Target app purchasing deactivates target apps and hides them from customer app lists","invocations":1,"location":null,"numPassingAsserts":2,"retryReasons":[],"startAt":1785206533783,"status":"passed","title":"deactivates target apps and hides them from customer app lists"},{"ancestorTitles":["Target app purchasing"],"duration":278,"failing":false,"failureDetails":[],"failureMessages":[],"fullName":"Target app purchasing keeps admin review compare-and-swap behavior","invocations":1,"location":null,"numPassingAsserts":2,"retryReasons":[],"startAt":1785206533918,"status":"passed","title":"keeps admin review compare-and-swap behavior"},{"ancestorTitles":["Target app purchasing"],"duration":563,"failing":false,"failureDetails":[],"failureMessages":[],"fullName":"Target app purchasing writes target approval/rejection audit logs with supervisor actor role","invocations":1,"location":null,"numPassingAsserts":6,"retryReasons":[],"startAt":1785206534197,"status":"passed","title":"writes target approval/rejection audit logs with supervisor actor role"}],"endTime":1785206534931,"message":"","name":"D:\\projects\\Kareem\\Kanz Coins\\Backend\\src\\tests\\targetApps.test.js","startTime":1785206523856,"status":"passed","summary":""},{"assertionResults":[{"ancestorTitles":["Referral payout creation and locking"],"duration":380,"failing":false,"failureDetails":[],"failureMessages":[],"fullName":"Referral payout creation and locking creates a pending wallet payout and atomically locks only selected available commissions","invocations":1,"location":null,"numPassingAsserts":4,"retryReasons":[],"startAt":1785206536638,"status":"passed","title":"creates a pending wallet payout and atomically locks only selected available commissions"},{"ancestorTitles":["Referral payout creation and locking"],"duration":356,"failing":false,"failureDetails":[],"failureMessages":[],"fullName":"Referral payout creation and locking supports amount-only compatibility by locking exact oldest whole commissions only","invocations":1,"location":null,"numPassingAsserts":3,"retryReasons":[],"startAt":1785206537021,"status":"passed","title":"supports amount-only compatibility by locking exact oldest whole commissions only"},{"ancestorTitles":["Referral payout creation and locking"],"duration":1216,"failing":false,"failureDetails":[],"failureMessages":[],"fullName":"Referral payout creation and locking rejects cross-user, unavailable, mixed-currency, and wallet-currency-mismatch requests","invocations":1,"location":null,"numPassingAsserts":3,"retryReasons":[],"startAt":1785206537379,"status":"passed","title":"rejects cross-user, unavailable, mixed-currency, and wallet-currency-mismatch requests"},{"ancestorTitles":["Referral payout creation and locking"],"duration":368,"failing":false,"failureDetails":[],"failureMessages":[],"fullName":"Referral payout creation and locking rolls back locked commissions if payout creation fails after the commission claim","invocations":1,"location":null,"numPassingAsserts":4,"retryReasons":[],"startAt":1785206538595,"status":"passed","title":"rolls back locked commissions if payout creation fails after the commission claim"},{"ancestorTitles":["Referral payout creation and locking"],"duration":1001,"failing":false,"failureDetails":[],"failureMessages":[],"fullName":"Referral payout creation and locking scopes idempotency to user and rejects same-key different payloads","invocations":1,"location":null,"numPassingAsserts":4,"retryReasons":[],"startAt":1785206538964,"status":"passed","title":"scopes idempotency to user and rejects same-key different payloads"},{"ancestorTitles":["Referral payout creation and locking"],"duration":750,"failing":false,"failureDetails":[],"failureMessages":[],"fullName":"Referral payout creation and locking allows multiple requests without an idempotency key and treats blank keys as missing","invocations":1,"location":null,"numPassingAsserts":1,"retryReasons":[],"startAt":1785206539965,"status":"passed","title":"allows multiple requests without an idempotency key and treats blank keys as missing"},{"ancestorTitles":["Referral payout rejection"],"duration":324,"failing":false,"failureDetails":[],"failureMessages":[],"fullName":"Referral payout rejection rejects a pending payout and releases locked commissions without wallet credit","invocations":1,"location":null,"numPassingAsserts":4,"retryReasons":[],"startAt":1785206540715,"status":"passed","title":"rejects a pending payout and releases locked commissions without wallet credit"},{"ancestorTitles":["Referral payout rejection"],"duration":283,"failing":false,"failureDetails":[],"failureMessages":[],"fullName":"Referral payout rejection rolls back payout rejection and commission release if the transaction aborts","invocations":1,"location":null,"numPassingAsserts":4,"retryReasons":[],"startAt":1785206541039,"status":"passed","title":"rolls back payout rejection and commission release if the transaction aborts"},{"ancestorTitles":["Wallet referral payout review"],"duration":402,"failing":false,"failureDetails":[],"failureMessages":[],"fullName":"Wallet referral payout review credits the wallet exactly once, writes a source-keyed ledger entry, and marks commissions paid","invocations":1,"location":null,"numPassingAsserts":9,"retryReasons":[],"startAt":1785206541323,"status":"passed","title":"credits the wallet exactly once, writes a source-keyed ledger entry, and marks commissions paid"},{"ancestorTitles":["Wallet referral payout review"],"duration":369,"failing":false,"failureDetails":[],"failureMessages":[],"fullName":"Wallet referral payout review rolls back financial writes when payout payment fails after wallet mutation before ledger","invocations":1,"location":null,"numPassingAsserts":7,"retryReasons":[],"startAt":1785206541726,"status":"passed","title":"rolls back financial writes when payout payment fails after wallet mutation before ledger"},{"ancestorTitles":["Wallet referral payout review"],"duration":312,"failing":false,"failureDetails":[],"failureMessages":[],"fullName":"Wallet referral payout review rolls back financial writes when payout payment fails after wallet ledger before commissions paid","invocations":1,"location":null,"numPassingAsserts":7,"retryReasons":[],"startAt":1785206542096,"status":"passed","title":"rolls back financial writes when payout payment fails after wallet ledger before commissions paid"},{"ancestorTitles":["Wallet referral payout review"],"duration":342,"failing":false,"failureDetails":[],"failureMessages":[],"fullName":"Wallet referral payout review rolls back financial writes when payout payment fails after wallet credit before commissions paid","invocations":1,"location":null,"numPassingAsserts":7,"retryReasons":[],"startAt":1785206542409,"status":"passed","title":"rolls back financial writes when payout payment fails after wallet credit before commissions paid"},{"ancestorTitles":["Wallet referral payout review"],"duration":459,"failing":false,"failureDetails":[],"failureMessages":[],"fullName":"Wallet referral payout review rolls back financial writes when payout payment fails after commissions paid before final payout update","invocations":1,"location":null,"numPassingAsserts":7,"retryReasons":[],"startAt":1785206542752,"status":"passed","title":"rolls back financial writes when payout payment fails after commissions paid before final payout update"},{"ancestorTitles":["Wallet referral payout review"],"duration":419,"failing":false,"failureDetails":[],"failureMessages":[],"fullName":"Wallet referral payout review handles concurrent wallet payment attempts with one successful credit","invocations":1,"location":null,"numPassingAsserts":5,"retryReasons":[],"startAt":1785206543211,"status":"passed","title":"handles concurrent wallet payment attempts with one successful credit"},{"ancestorTitles":["Wallet referral payout review"],"duration":459,"failing":false,"failureDetails":[],"failureMessages":[],"fullName":"Wallet referral payout review does not roll back a committed wallet payout when a post-commit side effect fails","invocations":1,"location":null,"numPassingAsserts":3,"retryReasons":[],"startAt":1785206543630,"status":"passed","title":"does not roll back a committed wallet payout when a post-commit side effect fails"},{"ancestorTitles":["Manual external referral payout review"],"duration":489,"failing":false,"failureDetails":[],"failureMessages":[],"fullName":"Manual external referral payout review records external payment proof and reference without wallet crediting","invocations":1,"location":null,"numPassingAsserts":6,"retryReasons":[],"startAt":1785206544090,"status":"passed","title":"records external payment proof and reference without wallet crediting"},{"ancestorTitles":["Manual external referral payout review"],"duration":229,"failing":false,"failureDetails":[],"failureMessages":[],"fullName":"Manual external referral payout review rejects external details with forbidden fields or missing destinations","invocations":1,"location":null,"numPassingAsserts":2,"retryReasons":[],"startAt":1785206544579,"status":"passed","title":"rejects external details with forbidden fields or missing destinations"},{"ancestorTitles":["Referral payout summaries, privacy, and audits"],"duration":228,"failing":false,"failureDetails":[],"failureMessages":[],"fullName":"Referral payout summaries, privacy, and audits summarizes available, locked, and paid earnings by currency","invocations":1,"location":null,"numPassingAsserts":6,"retryReasons":[],"startAt":1785206544808,"status":"passed","title":"summarizes available, locked, and paid earnings by currency"},{"ancestorTitles":["Referral payout summaries, privacy, and audits"],"duration":357,"failing":false,"failureDetails":[],"failureMessages":[],"fullName":"Referral payout summaries, privacy, and audits does not expose another customer payout and returns masked admin/customer list fields","invocations":1,"location":null,"numPassingAsserts":5,"retryReasons":[],"startAt":1785206545036,"status":"passed","title":"does not expose another customer payout and returns masked admin/customer list fields"},{"ancestorTitles":["Referral payout summaries, privacy, and audits"],"duration":309,"failing":false,"failureDetails":[],"failureMessages":[],"fullName":"Referral payout summaries, privacy, and audits detects payout integrity mismatches without modifying data","invocations":1,"location":null,"numPassingAsserts":2,"retryReasons":[],"startAt":1785206545394,"status":"passed","title":"detects payout integrity mismatches without modifying data"}],"endTime":1785206545828,"message":"","name":"D:\\projects\\Kareem\\Kanz Coins\\Backend\\src\\tests\\referralPayout.test.js","startTime":1785206534957,"status":"passed","summary":""},{"assertionResults":[{"ancestorTitles":["Sub-agent request system"],"duration":454,"failing":false,"failureDetails":[],"failureMessages":[],"fullName":"Sub-agent request system creates a valid pending request with proof and leaves user group/referral stop unchanged","invocations":1,"location":null,"numPassingAsserts":8,"retryReasons":[],"startAt":1785206548067,"status":"passed","title":"creates a valid pending request with proof and leaves user group/referral stop unchanged"},{"ancestorTitles":["Sub-agent request system"],"duration":183,"failing":false,"failureDetails":[],"failureMessages":[],"fullName":"Sub-agent request system validates proof and notes, including invalid MIME and oversized files","invocations":1,"location":null,"numPassingAsserts":7,"retryReasons":[],"startAt":1785206548522,"status":"passed","title":"validates proof and notes, including invalid MIME and oversized files"},{"ancestorTitles":["Sub-agent request system"],"duration":441,"failing":false,"failureDetails":[],"failureMessages":[],"fullName":"Sub-agent request system blocks duplicate pending requests, cleans duplicate proof, and allows reapply after rejection","invocations":1,"location":null,"numPassingAsserts":4,"retryReasons":[],"startAt":1785206548705,"status":"passed","title":"blocks duplicate pending requests, cleans duplicate proof, and allows reapply after rejection"},{"ancestorTitles":["Sub-agent request system"],"duration":209,"failing":false,"failureDetails":[],"failureMessages":[],"fullName":"Sub-agent request system allows only one pending request under concurrent creation and cleans the losing proof","invocations":1,"location":null,"numPassingAsserts":4,"retryReasons":[],"startAt":1785206549146,"status":"passed","title":"allows only one pending request under concurrent creation and cleans the losing proof"},{"ancestorTitles":["Sub-agent request system"],"duration":347,"failing":false,"failureDetails":[],"failureMessages":[],"fullName":"Sub-agent request system cleans uploaded proof when database creation fails","invocations":1,"location":null,"numPassingAsserts":3,"retryReasons":[],"startAt":1785206549356,"status":"passed","title":"cleans uploaded proof when database creation fails"},{"ancestorTitles":["Sub-agent request system"],"duration":388,"failing":false,"failureDetails":[],"failureMessages":[],"fullName":"Sub-agent request system customer reads only own current request and history without reviewer private data","invocations":1,"location":null,"numPassingAsserts":4,"retryReasons":[],"startAt":1785206549704,"status":"passed","title":"customer reads only own current request and history without reviewer private data"},{"ancestorTitles":["Sub-agent request system"],"duration":204,"failing":false,"failureDetails":[],"failureMessages":[],"fullName":"Sub-agent request system admin list filters status, search, and serializes safe user/group summaries","invocations":1,"location":null,"numPassingAsserts":5,"retryReasons":[],"startAt":1785206550092,"status":"passed","title":"admin list filters status, search, and serializes safe user/group summaries"},{"ancestorTitles":["Sub-agent request system"],"duration":341,"failing":false,"failureDetails":[],"failureMessages":[],"fullName":"Sub-agent request system approves a pending request transactionally and uses one timestamp for review, reseller, and commission stop","invocations":1,"location":null,"numPassingAsserts":9,"retryReasons":[],"startAt":1785206550296,"status":"passed","title":"approves a pending request transactionally and uses one timestamp for review, reseller, and commission stop"},{"ancestorTitles":["Sub-agent request system"],"duration":271,"failing":false,"failureDetails":[],"failureMessages":[],"fullName":"Sub-agent request system rejects unknown or inactive approval groups and leaves the request pending","invocations":1,"location":null,"numPassingAsserts":5,"retryReasons":[],"startAt":1785206550641,"status":"passed","title":"rejects unknown or inactive approval groups and leaves the request pending"},{"ancestorTitles":["Sub-agent request system"],"duration":373,"failing":false,"failureDetails":[],"failureMessages":[],"fullName":"Sub-agent request system rolls back approval request and user changes when transactional stages fail","invocations":1,"location":null,"numPassingAsserts":6,"retryReasons":[],"startAt":1785206550912,"status":"passed","title":"rolls back approval request and user changes when transactional stages fail"},{"ancestorTitles":["Sub-agent request system"],"duration":530,"failing":false,"failureDetails":[],"failureMessages":[],"fullName":"Sub-agent request system concurrent approvals and approve/reject races produce one terminal result","invocations":1,"location":null,"numPassingAsserts":5,"retryReasons":[],"startAt":1785206551286,"status":"passed","title":"concurrent approvals and approve/reject races produce one terminal result"},{"ancestorTitles":["Sub-agent request system"],"duration":289,"failing":false,"failureDetails":[],"failureMessages":[],"fullName":"Sub-agent request system rejection leaves user group and referral commission stop untouched and requires bounded reason","invocations":1,"location":null,"numPassingAsserts":7,"retryReasons":[],"startAt":1785206551817,"status":"passed","title":"rejection leaves user group and referral commission stop untouched and requires bounded reason"},{"ancestorTitles":["Sub-agent request system"],"duration":364,"failing":false,"failureDetails":[],"failureMessages":[],"fullName":"Sub-agent request system approved reseller cannot reapply and inactive/deleted users are blocked","invocations":1,"location":null,"numPassingAsserts":2,"retryReasons":[],"startAt":1785206552106,"status":"passed","title":"approved reseller cannot reapply and inactive/deleted users are blocked"},{"ancestorTitles":["Sub-agent request system"],"duration":493,"failing":false,"failureDetails":[],"failureMessages":[],"fullName":"Sub-agent request system post-commit notification/test hook failure does not roll back approval or rejection","invocations":1,"location":null,"numPassingAsserts":2,"retryReasons":[],"startAt":1785206552471,"status":"passed","title":"post-commit notification/test hook failure does not roll back approval or rejection"},{"ancestorTitles":["Sub-agent request system"],"duration":818,"failing":false,"failureDetails":[],"failureMessages":[],"fullName":"Sub-agent request system reseller approval stops future commissions from this user but preserves historical and own-referrer earnings","invocations":1,"location":null,"numPassingAsserts":7,"retryReasons":[],"startAt":1785206552964,"status":"passed","title":"reseller approval stops future commissions from this user but preserves historical and own-referrer earnings"},{"ancestorTitles":["Sub-agent request system"],"duration":544,"failing":false,"failureDetails":[],"failureMessages":[],"fullName":"Sub-agent request system pending, rejected, and reapplication states do not stop referral commissions","invocations":1,"location":null,"numPassingAsserts":4,"retryReasons":[],"startAt":1785206553782,"status":"passed","title":"pending, rejected, and reapplication states do not stop referral commissions"},{"ancestorTitles":["Sub-agent request system"],"duration":159,"failing":false,"failureDetails":[],"failureMessages":[],"fullName":"Sub-agent request system test-only hooks are not enabled outside test mode","invocations":1,"location":null,"numPassingAsserts":1,"retryReasons":[],"startAt":1785206554327,"status":"passed","title":"test-only hooks are not enabled outside test mode"},{"ancestorTitles":["Sub-agent request system"],"duration":54,"failing":false,"failureDetails":[],"failureMessages":[],"fullName":"Sub-agent request system audit script helper reports duplicate pending groups safely","invocations":1,"location":null,"numPassingAsserts":2,"retryReasons":[],"startAt":1785206554486,"status":"passed","title":"audit script helper reports duplicate pending groups safely"}],"endTime":1785206554651,"message":"","name":"D:\\projects\\Kareem\\Kanz Coins\\Backend\\src\\tests\\subAgentRequest.test.js","startTime":1785206545860,"status":"passed","summary":""},{"assertionResults":[{"ancestorTitles":["[1] Registration"],"duration":322,"failing":false,"failureDetails":[],"failureMessages":[],"fullName":"[1] Registration creates a new user with verified=false and ACTIVE status","invocations":1,"location":null,"numPassingAsserts":4,"retryReasons":[],"startAt":1785206556703,"status":"passed","title":"creates a new user with verified=false and ACTIVE status"},{"ancestorTitles":["[1] Registration"],"duration":142,"failing":false,"failureDetails":[],"failureMessages":[],"fullName":"[1] Registration stores a HASHED token (not raw) in the DB","invocations":1,"location":null,"numPassingAsserts":1,"retryReasons":[],"startAt":1785206557026,"status":"passed","title":"stores a HASHED token (not raw) in the DB"},{"ancestorTitles":["[1] Registration"],"duration":143,"failing":false,"failureDetails":[],"failureMessages":[],"fullName":"[1] Registration sets expiry ~24 hours in the future","invocations":1,"location":null,"numPassingAsserts":2,"retryReasons":[],"startAt":1785206557168,"status":"passed","title":"sets expiry ~24 hours in the future"},{"ancestorTitles":["[1] Registration"],"duration":143,"failing":false,"failureDetails":[],"failureMessages":[],"fullName":"[1] Registration throws ConflictError if email already registered","invocations":1,"location":null,"numPassingAsserts":1,"retryReasons":[],"startAt":1785206557312,"status":"passed","title":"throws ConflictError if email already registered"},{"ancestorTitles":["[1] Registration"],"duration":132,"failing":false,"failureDetails":[],"failureMessages":[],"fullName":"[1] Registration does NOT return a JWT token at registration","invocations":1,"location":null,"numPassingAsserts":1,"retryReasons":[],"startAt":1785206557460,"status":"passed","title":"does NOT return a JWT token at registration"},{"ancestorTitles":["[2] Email Verification"],"duration":188,"failing":false,"failureDetails":[],"failureMessages":[],"fullName":"[2] Email Verification marks user as verified and clears token on valid token","invocations":1,"location":null,"numPassingAsserts":4,"retryReasons":[],"startAt":1785206557592,"status":"passed","title":"marks user as verified and clears token on valid token"},{"ancestorTitles":["[2] Email Verification"],"duration":170,"failing":false,"failureDetails":[],"failureMessages":[],"fullName":"[2] Email Verification returns a redirectUrl","invocations":1,"location":null,"numPassingAsserts":2,"retryReasons":[],"startAt":1785206557780,"status":"passed","title":"returns a redirectUrl"},{"ancestorTitles":["[2] Email Verification"],"duration":175,"failing":false,"failureDetails":[],"failureMessages":[],"fullName":"[2] Email Verification throws on invalid token","invocations":1,"location":null,"numPassingAsserts":1,"retryReasons":[],"startAt":1785206557950,"status":"passed","title":"throws on invalid token"},{"ancestorTitles":["[2] Email Verification"],"duration":175,"failing":false,"failureDetails":[],"failureMessages":[],"fullName":"[2] Email Verification throws on expired token","invocations":1,"location":null,"numPassingAsserts":1,"retryReasons":[],"startAt":1785206558125,"status":"passed","title":"throws on expired token"},{"ancestorTitles":["[2] Email Verification"],"duration":248,"failing":false,"failureDetails":[],"failureMessages":[],"fullName":"[2] Email Verification throws if token already consumed (used twice)","invocations":1,"location":null,"numPassingAsserts":1,"retryReasons":[],"startAt":1785206558300,"status":"passed","title":"throws if token already consumed (used twice)"},{"ancestorTitles":["[2] Email Verification"],"duration":146,"failing":false,"failureDetails":[],"failureMessages":[],"fullName":"[2] Email Verification throws if no token supplied","invocations":1,"location":null,"numPassingAsserts":1,"retryReasons":[],"startAt":1785206558549,"status":"passed","title":"throws if no token supplied"},{"ancestorTitles":["[3] Resend Verification"],"duration":156,"failing":false,"failureDetails":[],"failureMessages":[],"fullName":"[3] Resend Verification re-issues a new token (different from the old one)","invocations":1,"location":null,"numPassingAsserts":2,"retryReasons":[],"startAt":1785206558695,"status":"passed","title":"re-issues a new token (different from the old one)"},{"ancestorTitles":["[3] Resend Verification"],"duration":76,"failing":false,"failureDetails":[],"failureMessages":[],"fullName":"[3] Resend Verification returns an anti-enumeration message for unknown email","invocations":1,"location":null,"numPassingAsserts":1,"retryReasons":[],"startAt":1785206558852,"status":"passed","title":"returns an anti-enumeration message for unknown email"},{"ancestorTitles":["[3] Resend Verification"],"duration":81,"failing":false,"failureDetails":[],"failureMessages":[],"fullName":"[3] Resend Verification throws ALREADY_VERIFIED for already-verified user","invocations":1,"location":null,"numPassingAsserts":1,"retryReasons":[],"startAt":1785206558929,"status":"passed","title":"throws ALREADY_VERIFIED for already-verified user"},{"ancestorTitles":["[4] Login gates"],"duration":132,"failing":false,"failureDetails":[],"failureMessages":[],"fullName":"[4] Login gates blocks login when email is not verified (even though ACTIVE)","invocations":1,"location":null,"numPassingAsserts":2,"retryReasons":[],"startAt":1785206559010,"status":"passed","title":"blocks login when email is not verified (even though ACTIVE)"},{"ancestorTitles":["[4] Login gates"],"duration":144,"failing":false,"failureDetails":[],"failureMessages":[],"fullName":"[4] Login gates blocks login when account is PENDING (even if verified)","invocations":1,"location":null,"numPassingAsserts":2,"retryReasons":[],"startAt":1785206559142,"status":"passed","title":"blocks login when account is PENDING (even if verified)"},{"ancestorTitles":["[4] Login gates"],"duration":127,"failing":false,"failureDetails":[],"failureMessages":[],"fullName":"[4] Login gates blocks login when account is REJECTED","invocations":1,"location":null,"numPassingAsserts":2,"retryReasons":[],"startAt":1785206559286,"status":"passed","title":"blocks login when account is REJECTED"},{"ancestorTitles":["[4] Login gates"],"duration":120,"failing":false,"failureDetails":[],"failureMessages":[],"fullName":"[4] Login gates blocks password login for Google-only accounts","invocations":1,"location":null,"numPassingAsserts":1,"retryReasons":[],"startAt":1785206559418,"status":"passed","title":"blocks password login for Google-only accounts"},{"ancestorTitles":["[5] Login success"],"duration":179,"failing":false,"failureDetails":[],"failureMessages":[],"fullName":"[5] Login success issues a JWT when verified + ACTIVE + correct password","invocations":1,"location":null,"numPassingAsserts":4,"retryReasons":[],"startAt":1785206559542,"status":"passed","title":"issues a JWT when verified + ACTIVE + correct password"},{"ancestorTitles":["[6] Email OTP 2FA"],"duration":165,"failing":false,"failureDetails":[],"failureMessages":[],"fullName":"[6] Email OTP 2FA requests a setup email OTP without enabling 2FA immediately","invocations":1,"location":null,"numPassingAsserts":8,"retryReasons":[],"startAt":1785206559722,"status":"passed","title":"requests a setup email OTP without enabling 2FA immediately"},{"ancestorTitles":["[6] Email OTP 2FA"],"duration":219,"failing":false,"failureDetails":[],"failureMessages":[],"fullName":"[6] Email OTP 2FA confirms setup OTP before enabling 2FA and clears setup OTP fields","invocations":1,"location":null,"numPassingAsserts":4,"retryReasons":[],"startAt":1785206559887,"status":"passed","title":"confirms setup OTP before enabling 2FA and clears setup OTP fields"},{"ancestorTitles":["[6] Email OTP 2FA"],"duration":175,"failing":false,"failureDetails":[],"failureMessages":[],"fullName":"[6] Email OTP 2FA rejects an invalid setup OTP and keeps 2FA disabled","invocations
[...]
rtAt":1785206564718,"status":"passed","title":"wrong password for ACTIVE user returns generic 401 (not status message)"},{"ancestorTitles":["Login blocking"],"duration":90,"failing":false,"failureDetails":[],"failureMessages":[],"fullName":"Login blocking non-existent email returns generic 401 (timing-safe, no user enumeration)","invocations":1,"location":null,"numPassingAsserts":2,"retryReasons":[],"startAt":1785206564853,"status":"passed","title":"non-existent email returns generic 401 (timing-safe, no user enumeration)"},{"ancestorTitles":["approveUser"],"duration":183,"failing":false,"failureDetails":[],"failureMessages":[],"fullName":"approveUser PENDING → ACTIVE: sets status, approvedBy, approvedAt","invocations":1,"location":null,"numPassingAsserts":5,"retryReasons":[],"startAt":1785206564943,"status":"passed","title":"PENDING → ACTIVE: sets status, approvedBy, approvedAt"},{"ancestorTitles":["approveUser"],"duration":165,"failing":false,"failureDetails":[],"failureMessages":[],"fullName":"approveUser REJECTED → ACTIVE: re-approval succeeds","invocations":1,"location":null,"numPassingAsserts":1,"retryReasons":[],"startAt":1785206565126,"status":"passed","title":"REJECTED → ACTIVE: re-approval succeeds"},{"ancestorTitles":["approveUser"],"duration":176,"failing":false,"failureDetails":[],"failureMessages":[],"fullName":"approveUser ACTIVE → ACTIVE: throws ALREADY_ACTIVE","invocations":1,"location":null,"numPassingAsserts":2,"retryReasons":[],"startAt":1785206565291,"status":"passed","title":"ACTIVE → ACTIVE: throws ALREADY_ACTIVE"},{"ancestorTitles":["approveUser"],"duration":179,"failing":false,"failureDetails":[],"failureMessages":[],"fullName":"approveUser records the admin ID in approvedBy","invocations":1,"location":null,"numPassingAsserts":1,"retryReasons":[],"startAt":1785206565467,"status":"passed","title":"records the admin ID in approvedBy"},{"ancestorTitles":["approveUser"],"duration":197,"failing":false,"failureDetails":[],"failureMessages":[],"fullName":"approveUser approving a previously rejected user clears rejectedBy / rejectedAt","invocations":1,"location":null,"numPassingAsserts":2,"retryReasons":[],"startAt":1785206565647,"status":"passed","title":"approving a previously rejected user clears rejectedBy / rejectedAt"},{"ancestorTitles":["rejectUser"],"duration":220,"failing":false,"failureDetails":[],"failureMessages":[],"fullName":"rejectUser PENDING → REJECTED: sets status, rejectedBy, rejectedAt","invocations":1,"location":null,"numPassingAsserts":4,"retryReasons":[],"startAt":1785206565844,"status":"passed","title":"PENDING → REJECTED: sets status, rejectedBy, rejectedAt"},{"ancestorTitles":["rejectUser"],"duration":168,"failing":false,"failureDetails":[],"failureMessages":[],"fullName":"rejectUser ACTIVE → REJECTED: revoking access succeeds","invocations":1,"location":null,"numPassingAsserts":1,"retryReasons":[],"startAt":1785206566064,"status":"passed","title":"ACTIVE → REJECTED: revoking access succeeds"},{"ancestorTitles":["rejectUser"],"duration":149,"failing":false,"failureDetails":[],"failureMessages":[],"fullName":"rejectUser REJECTED → REJECTED: throws ALREADY_REJECTED","invocations":1,"location":null,"numPassingAsserts":2,"retryReasons":[],"startAt":1785206566233,"status":"passed","title":"REJECTED → REJECTED: throws ALREADY_REJECTED"},{"ancestorTitles":["rejectUser"],"duration":185,"failing":false,"failureDetails":[],"failureMessages":[],"fullName":"rejectUser records the admin ID in rejectedBy","invocations":1,"location":null,"numPassingAsserts":1,"retryReasons":[],"startAt":1785206566383,"status":"passed","title":"records the admin ID in rejectedBy"},{"ancestorTitles":["rejectUser"],"duration":277,"failing":false,"failureDetails":[],"failureMessages":[],"fullName":"rejectUser rejecting an active user clears approvedBy / approvedAt","invocations":1,"location":null,"numPassingAsserts":2,"retryReasons":[],"startAt":1785206566568,"status":"passed","title":"rejecting an active user clears approvedBy / approvedAt"},{"ancestorTitles":["Full lifecycle flows"],"duration":254,"failing":false,"failureDetails":[],"failureMessages":[],"fullName":"Full lifecycle flows register → verify email → login succeeds with JWT","invocations":1,"location":null,"numPassingAsserts":2,"retryReasons":[],"startAt":1785206566845,"status":"passed","title":"register → verify email → login succeeds with JWT"},{"ancestorTitles":["Full lifecycle flows"],"duration":324,"failing":false,"failureDetails":[],"failureMessages":[],"fullName":"Full lifecycle flows ACTIVE → reject → login blocked","invocations":1,"location":null,"numPassingAsserts":2,"retryReasons":[],"startAt":1785206567100,"status":"passed","title":"ACTIVE → reject → login blocked"},{"ancestorTitles":["Full lifecycle flows"],"duration":338,"failing":false,"failureDetails":[],"failureMessages":[],"fullName":"Full lifecycle flows register → reject → login blocked → re-approve → login succeeds","invocations":1,"location":null,"numPassingAsserts":3,"retryReasons":[],"startAt":1785206567424,"status":"passed","title":"register → reject → login blocked → re-approve → login succeeds"},{"ancestorTitles":["Edge cases"],"duration":86,"failing":false,"failureDetails":[],"failureMessages":[],"fullName":"Edge cases approveUser throws NotFoundError for a non-existent user","invocations":1,"location":null,"numPassingAsserts":1,"retryReasons":[],"startAt":1785206567763,"status":"passed","title":"approveUser throws NotFoundError for a non-existent user"},{"ancestorTitles":["Edge cases"],"duration":70,"failing":false,"failureDetails":[],"failureMessages":[],"fullName":"Edge cases rejectUser throws NotFoundError for a non-existent user","invocations":1,"location":null,"numPassingAsserts":1,"retryReasons":[],"startAt":1785206567849,"status":"passed","title":"rejectUser throws NotFoundError for a non-existent user"},{"ancestorTitles":["Edge cases"],"duration":156,"failing":false,"failureDetails":[],"failureMessages":[],"fullName":"Edge cases isActive virtual reflects status correctly","invocations":1,"location":null,"numPassingAsserts":3,"retryReasons":[],"startAt":1785206567920,"status":"passed","title":"isActive virtual reflects status correctly"}],"endTime":1785206568274,"message":"","name":"D:\\projects\\Kareem\\Kanz Coins\\Backend\\src\\tests\\activation.test.js","startTime":1785206561233,"status":"passed","summary":""},{"assertionResults":[{"ancestorTitles":["referral identity"],"duration":353,"failing":false,"failureDetails":[],"failureMessages":[],"fullName":"referral identity assigns a stable referral code to a new email user","invocations":1,"location":null,"numPassingAsserts":3,"retryReasons":[],"startAt":1785206571026,"status":"passed","title":"assigns a stable referral code to a new email user"},{"ancestorTitles":["referral identity"],"duration":160,"failing":false,"failureDetails":[],"failureMessages":[],"fullName":"referral identity assigns a stable referral code to a new Google user and keeps it on repeated login","invocations":1,"location":null,"numPassingAsserts":5,"retryReasons":[],"startAt":1785206571380,"status":"passed","title":"assigns a stable referral code to a new Google user and keeps it on repeated login"},{"ancestorTitles":["referral identity"],"duration":137,"failing":false,"failureDetails":[],"failureMessages":[],"fullName":"referral identity retries referral-code collisions during generated user creation","invocations":1,"location":null,"numPassingAsserts":1,"retryReasons":[],"startAt":1785206571541,"status":"passed","title":"retries referral-code collisions during generated user creation"},{"ancestorTitles":["referral identity"],"duration":179,"failing":false,"failureDetails":[],"failureMessages":[],"fullName":"referral identity backfill skips existing codes and dry-run performs no writes","invocations":1,"location":null,"numPassingAsserts":5,"retryReasons":[],"startAt":1785206571678,"status":"passed","title":"backfill skips existing codes and dry-run performs no writes"},{"ancestorTitles":["email signup referral relationship"],"duration":167,"failing":false,"failureDetails":[],"failureMessages":[],"fullName":"email signup referral relationship signs up without referral","invocations":1,"location":null,"numPassingAsserts":3,"retryReasons":[],"startAt":1785206571858,"status":"passed","title":"signs up without referral"},{"ancestorTitles":["email signup referral relationship"],"duration":240,"failing":false,"failureDetails":[],"failureMessages":[],"fullName":"email signup referral relationship links a valid referral without changing default group or creating commissions","invocations":1,"location":null,"numPassingAsserts":4,"retryReasons":[],"startAt":1785206572025,"status":"passed","title":"links a valid referral without changing default group or creating commissions"},{"ancestorTitles":["email signup referral relationship"],"duration":415,"failing":false,"failureDetails":[],"failureMessages":[],"fullName":"email signup referral relationship rejects invalid, inactive, deleted, and self referral codes","invocations":1,"location":null,"numPassingAsserts":4,"retryReasons":[],"startAt":1785206572266,"status":"passed","title":"rejects invalid, inactive, deleted, and self referral codes"},{"ancestorTitles":["Google OAuth referral preservation"],"duration":399,"failing":false,"failureDetails":[],"failureMessages":[],"fullName":"Google OAuth referral preservation creates and consumes signed OAuth state once","invocations":1,"location":null,"numPassingAsserts":4,"retryReasons":[],"startAt":1785206572682,"status":"passed","title":"creates and consumes signed OAuth state once"},{"ancestorTitles":["Google OAuth referral preservation"],"duration":301,"failing":false,"failureDetails":[],"failureMessages":[],"fullName":"Google OAuth referral preservation rejects tampered and expired OAuth state","invocations":1,"location":null,"numPassingAsserts":2,"retryReasons":[],"startAt":1785206573081,"status":"passed","title":"rejects tampered and expired OAuth state"},{"ancestorTitles":["Google OAuth referral preservation"],"duration":110,"failing":false,"failureDetails":[],"failureMessages":[],"fullName":"Google OAuth referral preservation rejects OAuth state replay after service re-instantiation","invocations":1,"location":null,"numPassingAsserts":2,"retryReasons":[],"startAt":1785206573384,"status":"passed","title":"rejects OAuth state replay after service re-instantiation"},{"ancestorTitles":["Google OAuth referral preservation"],"duration":186,"failing":false,"failureDetails":[],"failureMessages":[],"fullName":"Google OAuth referral preservation links a new Google user to a valid referral once","invocations":1,"location":null,"numPassingAsserts":4,"retryReasons":[],"startAt":1785206573494,"status":"passed","title":"links a new Google user to a valid referral once"},{"ancestorTitles":["Google OAuth referral preservation"],"duration":358,"failing":false,"failureDetails":[],"failureMessages":[],"fullName":"Google OAuth referral preservation does not assign a new referrer to existing Google or email-linked users","invocations":1,"location":null,"numPassingAsserts":3,"retryReasons":[],"startAt":1785206573680,"status":"passed","title":"does not assign a new referrer to existing Google or email-linked users"},{"ancestorTitles":["Google profile completion"],"duration":365,"failing":false,"failureDetails":[],"failureMessages":[],"fullName":"Google profile completion completes country/currency for an OAuth-referred user without changing safe fields","invocations":1,"location":null,"numPassingAsserts":11,"retryReasons":[],"startAt":1785206574039,"status":"passed","title":"completes country/currency for an OAuth-referred user without changing safe fields"},{"ancestorTitles":["Google profile completion"],"duration":309,"failing":false,"failureDetails":[],"failureMessages":[],"fullName":"Google profile completion does not let a normal email user assign a referral through profile update","invocations":1,"location":null,"numPassingAsserts":3,"retryReasons":[],"startAt":1785206574404,"status":"passed","title":"does not let a normal email user assign a referral through profile update"},{"ancestorTitles":["Google profile completion"],"duration":283,"failing":false,"failureDetails":[],"failureMessages":[],"fullName":"Google profile completion does not let missing country/currency or an old Google account authorize referral assignment","invocations":1,"location":null,"numPassingAsserts":3,"retryReasons":[],"startAt":1785206574714,"status":"passed","title":"does not let missing country/currency or an old Google account authorize referral assignment"},{"ancestorTitles":["Google profile completion"],"duration":337,"failing":false,"failureDetails":[],"failureMessages":[],"fullName":"Google profile completion rejects browser substitution of a different referral code during completion","invocations":1,"location":null,"numPassingAsserts":2,"retryReasons":[],"startAt":1785206574997,"status":"passed","title":"rejects browser substitution of a different referral code during completion"},{"ancestorTitles":["Google profile completion"],"duration":240,"failing":false,"failureDetails":[],"failureMessages":[],"fullName":"Google profile completion does not regenerate referralCode on repeated save or allow profile mutation of referral identity","invocations":1,"location":null,"numPassingAsserts":3,"retryReasons":[],"startAt":1785206575335,"status":"passed","title":"does not regenerate referralCode on repeated save or allow profile mutation of referral identity"},{"ancestorTitles":["Google profile completion"],"duration":384,"failing":false,"failureDetails":[],"failureMessages":[],"fullName":"Google profile completion concurrent completion cannot overwrite referral data","invocations":1,"location":null,"numPassingAsserts":2,"retryReasons":[],"startAt":1785206575576,"status":"passed","title":"concurrent completion cannot overwrite referral data"},{"ancestorTitles":["Google profile completion"],"duration":273,"failing":false,"failureDetails":[],"failureMessages":[],"fullName":"Google profile completion rejects inactive currency and keeps existing referral immutable","invocations":1,"location":null,"numPassingAsserts":2,"retryReasons":[],"startAt":1785206575960,"status":"passed","title":"rejects inactive currency and keeps existing referral immutable"},{"ancestorTitles":["Google profile completion"],"duration":150,"failing":false,"failureDetails":[],"failureMessages":[],"fullName":"Google profile completion keeps existing email login working","invocations":1,"location":null,"numPassingAsserts":2,"retryReasons":[],"startAt":1785206576239,"status":"passed","title":"keeps existing email login working"}],"endTime":1785206576574,"message":"","name":"D:\\projects\\Kareem\\Kanz Coins\\Backend\\src\\tests\\referralFoundation.test.js","startTime":1785206568312,"status":"passed","summary":""},{"assertionResults":[{"ancestorTitles":["canonical wallet summary"],"duration":4,"failing":false,"failureDetails":[],"failureMessages":[],"fullName":"canonical wallet summary positive wallet, no credit","invocations":1,"location":null,"numPassingAsserts":1,"retryReasons":[],"startAt":1785206577207,"status":"passed","title":"positive wallet, no credit"},{"ancestorTitles":["canonical wallet summary"],"duration":1,"failing":false,"failureDetails":[],"failureMessages":[],"fullName":"canonical wallet summary positive wallet with credit","invocations":1,"location":null,"numPassingAsserts":1,"retryReasons":[],"startAt":1785206577212,"status":"passed","title":"positive wallet with credit"},{"ancestorTitles":["canonical wallet summary"],"duration":3,"failing":false,"failureDetails":[],"failureMessages":[],"fullName":"canonical wallet summary zero wallet with credit","invocations":1,"location":null,"numPassingAsserts":1,"retryReasons":[],"startAt":1785206577213,"status":"passed","title":"zero wallet with credit"},{"ancestorTitles":["canonical wallet summary"],"duration":1,"failing":false,"failureDetails":[],"failureMessages":[],"fullName":"canonical wallet summary partially used credit","invocations":1,"location":null,"numPassingAsserts":1,"retryReasons":[],"startAt":1785206577216,"status":"passed","title":"partially used credit"},{"ancestorTitles":["canonical wallet summary"],"duration":1,"failing":false,"failureDetails":[],"failureMessages":[],"fullName":"canonical wallet summary fully used credit","invocations":1,"location":null,"numPassingAsserts":1,"retryReasons":[],"startAt":1785206577217,"status":"passed","title":"fully used credit"},{"ancestorTitles":["canonical wallet summary"],"duration":1,"failing":false,"failureDetails":[],"failureMessages":[],"fullName":"canonical wallet summary legacy overdrawn data is clamped externally without mutation","invocations":1,"location":null,"numPassingAsserts":1,"retryReasons":[],"startAt":1785206577218,"status":"passed","title":"legacy overdrawn data is clamped externally without mutation"},{"ancestorTitles":["canonical wallet summary"],"duration":1,"failing":false,"failureDetails":[],"failureMessages":[],"fullName":"canonical wallet summary decimal precision rounds wallet fields half up","invocations":1,"location":null,"numPassingAsserts":1,"retryReasons":[],"startAt":1785206577219,"status":"passed","title":"decimal precision rounds wallet fields half up"},{"ancestorTitles":["canonical wallet summary"],"duration":1,"failing":false,"failureDetails":[],"failureMessages":[],"fullName":"canonical wallet summary negative wallet decimal precision","invocations":1,"location":null,"numPassingAsserts":1,"retryReasons":[],"startAt":1785206577220,"status":"passed","title":"negative wallet decimal precision"},{"ancestorTitles":["canonical wallet summary"],"duration":0,"failing":false,"failureDetails":[],"failureMessages":[],"fullName":"canonical wallet summary does not trust a stale supplied creditUsed value","invocations":1,"location":null,"numPassingAsserts":1,"retryReasons":[],"startAt":1785206577222,"status":"passed","title":"does not trust a stale supplied creditUsed value"},{"ancestorTitles":["canonical wallet summary"],"duration":3,"failing":false,"failureDetails":[],"failureMessages":[],"fullName":"canonical wallet summary normalizes invalid and negative credit limits to zero","invocations":1,"location":null,"numPassingAsserts":1,"retryReasons":[],"startAt":1785206577223,"status":"passed","title":"normalizes invalid and negative credit limits to zero"}],"endTime":1785206577228,"message":"","name":"D:\\projects\\Kareem\\Kanz Coins\\Backend\\src\\tests\\walletSummary.test.js","startTime":1785206576623,"status":"passed","summary":""},{"assertionResults":[{"ancestorTitles":["upload signature validation"],"duration":3,"failing":false,"failureDetails":[],"failureMessages":[],"fullName":"upload signature validation accepts valid public image signatures","invocations":1,"location":null,"numPassingAsserts":3,"retryReasons":[],"startAt":1785206577923,"status":"passed","title":"accepts valid public image signatures"},{"ancestorTitles":["upload signature validation"],"duration":1,"failing":false,"failureDetails":[],"failureMessages":[],"fullName":"upload signature validation rejects renamed non-image bytes even when MIME claims image","invocations":1,"location":null,"numPassingAsserts":1,"retryReasons":[],"startAt":1785206577927,"status":"passed","title":"rejects renamed non-image bytes even when MIME claims image"},{"ancestorTitles":["upload signature validation"],"duration":3,"failing":false,"failureDetails":[],"failureMessages":[],"fullName":"upload signature validation allows PDF signatures only when explicitly enabled","invocations":1,"location":null,"numPassingAsserts":2,"retryReasons":[],"startAt":1785206577929,"status":"passed","title":"allows PDF signatures only when explicitly enabled"}],"endTime":1785206577934,"message":"","name":"D:\\projects\\Kareem\\Kanz Coins\\Backend\\src\\tests\\uploadSecurity.test.js","startTime":1785206577270,"status":"passed","summary":""}],"wasInterrupted":false}
