{"numFailedTestSuites":4,"numFailedTests":6,"numPassedTestSuites":8,"numPassedTests":375,"numPendingTestSuites":0,"numPendingTests":0,"numRuntimeErrorTestSuites":0,"numTodoTests":0,"numTotalTestSuites":12,"numTotalTests":381,"openHandles":[],"snapshot":{"added":0,"didUpdate":false,"failure":false,"filesAdded":0,"filesRemoved":0,"filesRemovedList":[],"filesUnmatched":0,"filesUpdated":0,"matched":0,"total":0,"unchecked":0,"uncheckedKeysByFile":[],"unmatched":0,"updated":0},"startTime":1785206080972,"success":false,"testResults":[{"assertionResults":[{"ancestorTitles":["[1] Provider Model"],"duration":211,"failing":false,"failureDetails":[],"failureMessages":[],"fullName":"[1] Provider Model creates a valid provider with all required fields","invocations":1,"location":null,"numPassingAsserts":3,"retryReasons":[],"startAt":1785206093782,"status":"passed","title":"creates a valid provider with all required fields"},{"ancestorTitles":["[1] Provider Model"],"duration":247,"failing":false,"failureDetails":[],"failureMessages":[],"fullName":"[1] Provider Model rejects when name is missing","invocations":1,"location":null,"numPassingAsserts":1,"retryReasons":[],"startAt":1785206094015,"status":"passed","title":"rejects when name is missing"},{"ancestorTitles":["[1] Provider Model"],"duration":51,"failing":false,"failureDetails":[],"failureMessages":[],"fullName":"[1] Provider Model rejects when baseUrl is missing","invocations":1,"location":null,"numPassingAsserts":1,"retryReasons":[],"startAt":1785206094263,"status":"passed","title":"rejects when baseUrl is missing"},{"ancestorTitles":["[1] Provider Model"],"duration":175,"failing":false,"failureDetails":[],"failureMessages":[],"fullName":"[1] Provider Model enforces unique provider name","invocations":1,"location":null,"numPassingAsserts":1,"retryReasons":[],"startAt":1785206094316,"status":"passed","title":"enforces unique provider name"},{"ancestorTitles":["[1] Provider Model"],"duration":68,"failing":false,"failureDetails":[],"failureMessages":[],"fullName":"[1] Provider Model rejects negative syncInterval","invocations":1,"location":null,"numPassingAsserts":1,"retryReasons":[],"startAt":1785206094492,"status":"passed","title":"rejects negative syncInterval"},{"ancestorTitles":["[1] Provider Model"],"duration":74,"failing":false,"failureDetails":[],"failureMessages":[],"fullName":"[1] Provider Model defaults isActive to true","invocations":1,"location":null,"numPassingAsserts":1,"retryReasons":[],"startAt":1785206094560,"status":"passed","title":"defaults isActive to true"},{"ancestorTitles":["[2] ProviderProduct Model"],"duration":127,"failing":false,"failureDetails":[],"failureMessages":[],"fullName":"[2] ProviderProduct Model creates a valid ProviderProduct","invocations":1,"location":null,"numPassingAsserts":3,"retryReasons":[],"startAt":1785206094635,"status":"passed","title":"creates a valid ProviderProduct"},{"ancestorTitles":["[2] ProviderProduct Model"],"duration":80,"failing":false,"failureDetails":[],"failureMessages":[],"fullName":"[2] ProviderProduct Model rejects when provider is missing","invocations":1,"location":null,"numPassingAsserts":1,"retryReasons":[],"startAt":1785206094763,"status":"passed","title":"rejects when provider is missing"},{"ancestorTitles":["[2] ProviderProduct Model"],"duration":92,"failing":false,"failureDetails":[],"failureMessages":[],"fullName":"[2] ProviderProduct Model rejects when externalProductId is missing","invocations":1,"location":null,"numPassingAsserts":1,"retryReasons":[],"startAt":1785206094843,"status":"passed","title":"rejects when externalProductId is missing"},{"ancestorTitles":["[2] ProviderProduct Model"],"duration":92,"failing":false,"failureDetails":[],"failureMessages":[],"fullName":"[2] ProviderProduct Model rejects when rawName is missing","invocations":1,"location":null,"numPassingAsserts":1,"retryReasons":[],"startAt":1785206094936,"status":"passed","title":"rejects when rawName is missing"},{"ancestorTitles":["[2] ProviderProduct Model"],"duration":72,"failing":false,"failureDetails":[],"failureMessages":[],"fullName":"[2] ProviderProduct Model rejects when rawPrice is missing","invocations":1,"location":null,"numPassingAsserts":1,"retryReasons":[],"startAt":1785206095029,"status":"passed","title":"rejects when rawPrice is missing"},{"ancestorTitles":["[2] ProviderProduct Model"],"duration":90,"failing":false,"failureDetails":[],"failureMessages":[],"fullName":"[2] ProviderProduct Model enforces unique (provider, externalProductId)","invocations":1,"location":null,"numPassingAsserts":1,"retryReasons":[],"startAt":1785206095101,"status":"passed","title":"enforces unique (provider, externalProductId)"},{"ancestorTitles":["[2] ProviderProduct Model"],"duration":150,"failing":false,"failureDetails":[],"failureMessages":[],"fullName":"[2] ProviderProduct Model same externalProductId allowed for DIFFERENT providers","invocations":1,"location":null,"numPassingAsserts":1,"retryReasons":[],"startAt":1785206095191,"status":"passed","title":"same externalProductId allowed for DIFFERENT providers"},{"ancestorTitles":["[2] ProviderProduct Model"],"duration":276,"failing":false,"failureDetails":[],"failureMessages":[],"fullName":"[2] ProviderProduct Model defaults lastSyncedAt to null","invocations":1,"location":null,"numPassingAsserts":1,"retryReasons":[],"startAt":1785206095341,"status":"passed","title":"defaults lastSyncedAt to null"},{"ancestorTitles":["[3] Adapter Layer"],"duration":423,"failing":false,"failureDetails":[],"failureMessages":[],"fullName":"[3] Adapter Layer BaseProviderAdapter cannot be instantiated directly","invocations":1,"location":null,"numPassingAsserts":1,"retryReasons":[],"startAt":1785206095617,"status":"passed","title":"BaseProviderAdapter cannot be instantiated directly"},{"ancestorTitles":["[3] Adapter Layer"],"duration":45,"failing":false,"failureDetails":[],"failureMessages":[],"fullName":"[3] Adapter Layer MockProviderAdapter returns valid DTOs (default sample)","invocations":1,"location":null,"numPassingAsserts":13,"retryReasons":[],"startAt":1785206096040,"status":"passed","title":"MockProviderAdapter returns valid DTOs (default sample)"},{"ancestorTitles":["[3] Adapter Layer"],"duration":45,"failing":false,"failureDetails":[],"failureMessages":[],"fullName":"[3] Adapter Layer MockProviderAdapter returns custom injected products","invocations":1,"location":null,"numPassingAsserts":3,"retryReasons":[],"startAt":1785206096086,"status":"passed","title":"MockProviderAdapter returns custom injected products"},{"ancestorTitles":["[3] Adapter Layer"],"duration":52,"failing":false,"failureDetails":[],"failureMessages":[],"fullName":"[3] Adapter Layer MockProviderAdapter propagates injected error","invocations":1,"location":null,"numPassingAsserts":1,"retryReasons":[],"startAt":1785206096133,"status":"passed","title":"MockProviderAdapter propagates injected error"},{"ancestorTitles":["[3] Adapter Layer"],"duration":61,"failing":false,"failureDetails":[],"failureMessages":[],"fullName":"[3] Adapter Layer AdapterFactory returns MockProviderAdapter for unregistered provider name","invocations":1,"location":null,"numPassingAsserts":1,"retryReasons":[],"startAt":1785206096186,"status":"passed","title":"AdapterFactory returns MockProviderAdapter for unregistered provider name"},{"ancestorTitles":["[3] Adapter Layer"],"duration":54,"failing":false,"failureDetails":[],"failureMessages":[],"fullName":"[3] Adapter Layer AdapterFactory resolves mock key correctly","invocations":1,"location":null,"numPassingAsserts":1,"retryReasons":[],"startAt":1785206096248,"status":"passed","title":"AdapterFactory resolves mock key correctly"},{"ancestorTitles":["[3] Adapter Layer"],"duration":40,"failing":false,"failureDetails":[],"failureMessages":[],"fullName":"[3] Adapter Layer registerAdapter allows runtime registration of custom adapter","invocations":1,"location":null,"numPassingAsserts":2,"retryReasons":[],"startAt":1785206096302,"status":"passed","title":"registerAdapter allows runtime registration of custom adapter"},{"ancestorTitles":["[3] Adapter Layer"],"duration":43,"failing":false,"failureDetails":[],"failureMessages":[],"fullName":"[3] Adapter Layer BaseProviderAdapter._validateDTO rejects missing externalProductId","invocations":1,"location":null,"numPassingAsserts":1,"retryReasons":[],"startAt":1785206096342,"status":"passed","title":"BaseProviderAdapter._validateDTO rejects missing externalProductId"},{"ancestorTitles":["[3] Adapter Layer"],"duration":41,"failing":false,"failureDetails":[],"failureMessages":[],"fullName":"[3] Adapter Layer BaseProviderAdapter._validateDTO rejects negative rawPrice","invocations":1,"location":null,"numPassingAsserts":1,"retryReasons":[],"startAt":1785206096385,"status":"passed","title":"BaseProviderAdapter._validateDTO rejects negative rawPrice"},{"ancestorTitles":["[4] Sync Engine — syncProvider()"],"duration":195,"failing":false,"failureDetails":[],"failureMessages":[],"fullName":"[4] Sync Engine — syncProvider() creates ProviderProducts on first sync","invocations":1,"location":null,"numPassingAsserts":2,"retryReasons":[],"startAt":1785206096426,"status":"passed","title":"creates ProviderProducts on first sync"},{"ancestorTitles":["[4] Sync Engine — syncProvider()"],"duration":204,"failing":false,"failureDetails":[],"failureMessages":[],"fullName":"[4] Sync Engine — syncProvider() is idempotent: second sync with same data does not create duplicates","invocations":1,"location":null,"numPassingAsserts":1,"retryReasons":[],"startAt":1785206096621,"status":"passed","title":"is idempotent: second sync with same data does not create duplicates"},{"ancestorTitles":["[4] Sync Engine — syncProvider()"],"duration":208,"failing":false,"failureDetails":[],"failureMessages":[],"fullName":"[4] Sync Engine — syncProvider() updates rawPrice, minQty, maxQty, isActive on resync","invocations":1,"location":null,"numPassingAsserts":5,"retryReasons":[],"startAt":1785206096825,"status":"passed","title":"updates rawPrice, minQty, maxQty, isActive on resync"},{"ancestorTitles":["[4] Sync Engine — syncProvider()"],"duration":178,"failing":false,"failureDetails":[],"failureMessages":[],"fullName":"[4] Sync Engine — syncProvider() updates lastSyncedAt on each sync","invocations":1,"location":null,"numPassingAsserts":1,"retryReasons":[],"startAt":1785206097033,"status":"passed","title":"updates lastSyncedAt on each sync"},{"ancestorTitles":["[4] Sync Engine — syncProvider()"],"duration":170,"failing":false,"failureDetails":[],"failureMessages":[],"fullName":"[4] Sync Engine — syncProvider() returns correct counts","invocations":1,"location":null,"numPassingAsserts":2,"retryReasons":[],"startAt":1785206097211,"status":"passed","title":"returns correct counts"},{"ancestorTitles":["[4] Sync Engine — syncProvider()"],"duration":100,"failing":false,"failureDetails":[],"failureMessages":[],"fullName":"[4] Sync Engine — syncProvider() throws NotFoundError for non-existent providerId","invocations":1,"location":null,"numPassingAsserts":1,"retryReasons":[],"startAt":1785206097382,"status":"passed","title":"throws NotFoundError for non-existent providerId"},{"ancestorTitles":["[4] Sync Engine — syncProvider()"],"duration":91,"failing":false,"failureDetails":[],"failureMessages":[],"fullName":"[4] Sync Engine — syncProvider() throws BusinessRuleError for inactive provider","invocations":1,"location":null,"numPassingAsserts":1,"retryReasons":[],"startAt":1785206097485,"status":"passed","title":"throws BusinessRuleError for inactive provider"},{"ancestorTitles":["[4] Sync Engine — syncProvider()"],"duration":85,"failing":false,"failureDetails":[],"failureMessages":[],"fullName":"[4] Sync Engine — syncProvider() propagates adapter error","invocations":1,"location":null,"numPassingAsserts":1,"retryReasons":[],"startAt":1785206097576,"status":"passed","title":"propagates adapter error"},{"ancestorTitles":["[4] Sync Engine — syncProvider()"],"duration":121,"failing":false,"failureDetails":[],"failureMessages":[],"fullName":"[4] Sync Engine — syncProvider() rawPayload is preserved (stored verbatim)","invocations":1,"location":null,"numPassingAsserts":2,"retryReasons":[],"startAt":1785206097661,"status":"passed","title":"rawPayload is preserved (stored verbatim)"},{"ancestorTitles":["[5] Price Sync Logic"],"duration":343,"failing":false,"failureDetails":[{"matcherResult":{"actual":"150","expected":150,"message":"expect(received).toBe(expected) // Object.is equality\n\nExpected: 150\nReceived: \"150\"","name":"toBe","pass":false}}],"failureMessages":["Error: expect(received).toBe(expected) // Object.is equality\n\nExpected: 150\nReceived: \"150\"\n    at Object.toBe (D:\\projects\\Kareem\\Kanz Coins\\Backend\\src\\tests\\provider.test.js:443:35)\n    at processTicksAndRejections (node:internal/process/task_queues:105:5)"],"fullName":"[5] Price Sync Logic \"sync\" mode Product.basePrice auto-updates when rawPrice changes","invocations":1,"location":null,"numPassingAsserts":1,"retryReasons":[],"startAt":1785206097783,"status":"failed","title":"\"sync\" mode Product.basePrice auto-updates when rawPrice changes"},{"ancestorTitles":["[5] Price Sync Logic"],"duration":281,"failing":false,"failureDetails":[],"failureMessages":[],"fullName":"[5] Price Sync Logic \"manual\" mode Product.basePrice NOT updated when rawPrice changes","invocations":1,"location":null,"numPassingAsserts":2,"retryReasons":[],"startAt":1785206098128,"status":"passed","title":"\"manual\" mode Product.basePrice NOT updated when rawPrice changes"},{"ancestorTitles":["[5] Price Sync Logic"],"duration":460,"failing":false,"failureDetails":[],"failureMessages":[],"fullName":"[5] Price Sync Logic multiple \"sync\" mode Products all receive the updated price","invocations":1,"location":null,"numPassingAsserts":2,"retryReasons":[],"startAt":1785206098409,"status":"passed","title":"multiple \"sync\" mode Products all receive the updated price"},{"ancestorTitles":["[5] Price Sync Logic"],"duration":318,"failing":false,"failureDetails":[],"failureMessages":[],"fullName":"[5] Price Sync Logic recalcSyncPrices immediately aligns price without a full sync","invocations":1,"location":null,"numPassingAsserts":2,"retryReasons":[],"startAt":1785206098869,"status":"passed","title":"recalcSyncPrices immediately aligns price without a full sync"},{"ancestorTitles":["[5] Price Sync Logic"],"duration":280,"failing":false,"failureDetails":[],"failureMessages":[],"fullName":"[5] Price Sync Logic pricesSynced count reflects actual Product.basePrice modifications","invocations":1,"location":null,"numPassingAsserts":1,"retryReasons":[],"startAt":1785206099187,"status":"passed","title":"pricesSynced count reflects actual Product.basePrice modifications"},{"ancestorTitles":["[5] Price Sync Logic"],"duration":320,"failing":false,"failureDetails":[],"failureMessages":[],"fullName":"[5] Price Sync Logic pricesSynced count is correct even when rawPrice value is unchanged","invocations":1,"location":null,"numPassingAsserts":3,"retryReasons":[],"startAt":1785206099467,"status":"passed","title":"pricesSynced count is correct even when rawPrice value is unchanged"},{"ancestorTitles":["[6] Admin Publish Flow"],"duration":226,"failing":false,"failureDetails":[],"failureMessages":[],"fullName":"[6] Admin Publish Flow publishProduct creates a public Product linked to ProviderProduct","invocations":1,"location":null,"numPassingAsserts":5,"retryReasons":[],"startAt":1785206099788,"status":"passed","title":"publishProduct creates a public Product linked to ProviderProduct"},{"ancestorTitles":["[6] Admin Publish Flow"],"duration":291,"failing":false,"failureDetails":[],"failureMessages":[],"fullName":"[6] Admin Publish Flow throws ConflictError when publishing the same ProviderProduct twice","invocations":1,"location":null,"numPassingAsserts":1,"retryReasons":[],"startAt":1785206100015,"status":"passed","title":"throws ConflictError when publishing the same ProviderProduct twice"},{"ancestorTitles":["[6] Admin Publish Flow"],"duration":184,"failing":false,"failureDetails":[],"failureMessages":[],"fullName":"[6] Admin Publish Flow pricingMode=sync sets basePrice to rawPrice at publish time (ignores admin input)","invocations":1,"location":null,"numPassingAsserts":1,"retryReasons":[],"startAt":1785206100307,"status":"passed","title":"pricingMode=sync sets basePrice to rawPrice at publish time (ignores admin input)"},{"ancestorTitles":["[6] Admin Publish Flow"],"duration":219,"failing":false,"failureDetails":[],"failureMessages":[],"fullName":"[6] Admin Publish Flow pricingMode=manual uses the admin-supplied basePrice","invocations":1,"location":null,"numPassingAsserts":1,"retryReasons":[],"startAt":1785206100491,"status":"passed","title":"pricingMode=manual uses the admin-supplied basePrice"},{"ancestorTitles":["[6] Admin Publish Flow"],"duration":203,"failing":false,"failureDetails":[],"failureMessages":[],"fullName":"[6] Admin Publish Flow publishProduct pre-fills minQty/maxQty from raw data when not overridden","invocations":1,"location":null,"numPassingAsserts":2,"retryReasons":[],"startAt":1785206100711,"status":"passed","title":"publishProduct pre-fills minQty/maxQty from raw data when not overridden"},{"ancestorTitles":["[6] Admin Publish Flow"],"duration":255,"failing":false,"failureDetails":[],"failureMessages":[],"fullName":"[6] Admin Publish Flow update: manual→sync transition snaps basePrice to current rawPrice","invocations":1,"location":null,"numPassingAsserts":3,"retryReasons":[],"startAt":1785206100915,"status":"passed","title":"update: manual→sync transition snaps basePrice to current rawPrice"},{"ancestorTitles":["[6] Admin Publish Flow"],"duration":235,"failing":false,"failureDetails":[],"failureMessages":[],"fullName":"[6] Admin Publish Flow update: sync→manual allows admin to set a free price","invocations":1,"location":null,"numPassingAsserts":2,"retryReasons":[],"startAt":1785206101171,"status":"passed","title":"update: sync→manual allows admin to set a free price"},{"ancestorTitles":["[6] Admin Publish Flow"],"duration":163,"failing":false,"failureDetails":[],"failureMessages":[],"fullName":"[6] Admin Publish Flow publishProduct throws BusinessRuleError when provider is inactive","invocations":1,"location":null,"numPassingAsserts":1,"retryReasons":[],"startAt":1785206101407,"status":"passed","title":"publishProduct throws BusinessRuleError when provider is inactive"},{"ancestorTitles":["[6] Admin Publish Flow"],"duration":136,"failing":false,"failureDetails":[],"failureMessages":[],"fullName":"[6] Admin Publish Flow throws NotFoundError for non-existent ProviderProduct","invocations":1,"location":null,"numPassingAsserts":1,"retryReasons":[],"startAt":1785206101570,"status":"passed","title":"throws NotFoundError for non-existent ProviderProduct"},{"ancestorTitles":["[7] Order Price Isolation"],"duration":702,"failing":false,"failureDetails":[],"failureMessages":[],"fullName":"[7] Order Price Isolation order uses Product.basePrice (not ProviderProduct.rawPrice)","invocations":1,"location":null,"numPassingAsserts":2,"retryReasons":[],"startAt":1785206101706,"status":"passed","title":"order uses Product.basePrice (not ProviderProduct.rawPrice)"},{"ancestorTitles":["[7] Order Price Isolation"],"duration":666,"failing":false,"failureDetails":[],"failureMessages":[],"fullName":"[7] Order Price Isolation \"manual\" pricingMode: changing rawPrice does NOT affect Product.basePrice","invocations":1,"location":null,"numPassingAsserts":1,"retryReasons":[],"startAt":1785206102409,"status":"passed","title":"\"manual\" pricingMode: changing rawPrice does NOT affect Product.basePrice"},{"ancestorTitles":["[7] Order Price Isolation"],"duration":404,"failing":false,"failureDetails":[],"failureMessages":[],"fullName":"[7] Order Price Isolation \"sync\" pricingMode: changing rawPrice DOES update Product.basePrice","invocations":1,"location":null,"numPassingAsserts":1,"retryReasons":[],"startAt":1785206103079,"status":"passed","title":"\"sync\" pricingMode: changing rawPrice DOES update Product.basePrice"},{"ancestorTitles":["[7] Order Price Isolation"],"duration":676,"failing":false,"failureDetails":[],"failureMessages":[],"fullName":"[7] Order Price Isolation existing order price snapshots are immutable even when rawPrice changes","invocations":1,"location":null,"numPassingAsserts":4,"retryReasons":[],"startAt":1785206103485,"status":"passed","title":"existing order price snapshots are immutable even when rawPrice changes"},{"ancestorTitles":["[8] syncAllProviders"],"duration":244,"failing":false,"failureDetails":[],"failureMessages":[],"fullName":"[8] syncAllProviders processes all active providers","invocations":1,"location":null,"numPassingAsserts":3,"retryReasons":[],"startAt":1785206104162,"status":"passed","title":"processes all active providers"},{"ancestorTitles":["[8] syncAllProviders"],"duration":106,"failing":false,"failureDetails":[],"failureMessages":[],"fullName":"[8] syncAllProviders skips inactive providers","invocations":1,"location":null,"numPassingAsserts":1,"retryReasons":[],"startAt":1785206104407,"status":"passed","title":"skips inactive providers"},{"ancestorTitles":["[8] syncAllProviders"],"duration":161,"failing":false,"failureDetails":[],"failureMessages":[],"fullName":"[8] syncAllProviders collects failures without aborting the loop","invocations":1,"location":null,"numPassingAsserts":1,"retryReasons":[],"startAt":1785206104513,"status":"passed","title":"collects failures without aborting the loop"},{"ancestorTitles":["[9] Safe Provider Deletion"],"duration":300,"failing":false,"failureDetails":[],"failureMessages":[],"fullName":"[9] Safe Provider Deletion detaches linked products, converts them to manual, then deletes the provider","invocations":1,"location":null,"numPassingAsserts":7,"retryReasons":[],"startAt":1785206104674,"status":"passed","title":"detaches linked products, converts them to manual, then deletes the provider"},{"ancestorTitles":["[9] Safe Provider Deletion"],"duration":125,"failing":false,"failureDetails":[],"failureMessages":[],"fullName":"[9] Safe Provider Deletion throws NotFoundError when deleting a non-existent provider","invocations":1,"location":null,"numPassingAsserts":1,"retryReasons":[],"startAt":1785206104974,"status":"passed","title":"throws NotFoundError when deleting a non-existent provider"}],"endTime":1785206105272,"message":"  ● [5] Price Sync Logic › \"sync\" mode Product.basePrice auto-updates when rawPrice changes\n\n    expect(received).toBe(expected) // Object.is equality\n\n    Expected: 150\n    Received: \"150\"\n\n      441 |\n      442 |         const updated = await Product.findById(product._id);\n    > 443 |         expect(updated.basePrice).toBe(150.00);\n          |                                   ^\n      444 |     });\n      445 |\n      446 |     it('\"manual\" mode Product.basePrice NOT updated when rawPrice changes', async () => {\n\n      at Object.toBe (src/tests/provider.test.js:443:35)\n","name":"D:\\projects\\Kareem\\Kanz Coins\\Backend\\src\\tests\\provider.test.js","startTime":1785206081306,"status":"failed","summary":""},{"assertionResults":[{"ancestorTitles":["[1] Status Mapper"],"duration":205,"failing":false,"failureDetails":[],"failureMessages":[],"fullName":"[1] Status Mapper maps 'Completed' to COMPLETED","invocations":1,"location":null,"numPassingAsserts":1,"retryReasons":[],"startAt":1785206113519,"status":"passed","title":"maps 'Completed' to COMPLETED"},{"ancestorTitles":["[1] Status Mapper"],"duration":40,"failing":false,"failureDetails":[],"failureMessages":[],"fullName":"[1] Status Mapper maps 'Pending' to PROCESSING","invocations":1,"location":null,"numPassingAsserts":1,"retryReasons":[],"startAt":1785206113725,"status":"passed","title":"maps 'Pending' to PROCESSING"},{"ancestorTitles":["[1] Status Mapper"],"duration":49,"failing":false,"failureDetails":[],"failureMessages":[],"fullName":"[1] Status Mapper maps 'Cancelled' to CANCELED","invocations":1,"location":null,"numPassingAsserts":1,"retryReasons":[],"startAt":1785206113766,"status":"passed","title":"maps 'Cancelled' to CANCELED"},{"ancestorTitles":["[1] Status Mapper"],"duration":45,"failing":false,"failureDetails":[],"failureMessages":[],"fullName":"[1] Status Mapper is case-insensitive","invocations":1,"location":null,"numPassingAsserts":4,"retryReasons":[],"startAt":1785206113815,"status":"passed","title":"is case-insensitive"},{"ancestorTitles":["[1] Status Mapper"],"duration":67,"failing":false,"failureDetails":[],"failureMessages":[],"fullName":"[1] Status Mapper keeps unknown status in PROCESSING for safe retry","invocations":1,"location":null,"numPassingAsserts":1,"retryReasons":[],"startAt":1785206113861,"status":"passed","title":"keeps unknown status in PROCESSING for safe retry"},{"ancestorTitles":["[1] Status Mapper"],"duration":40,"failing":false,"failureDetails":[],"failureMessages":[],"fullName":"[1] Status Mapper isTerminal returns true for Completed and Cancelled","invocations":1,"location":null,"numPassingAsserts":3,"retryReasons":[],"startAt":1785206113929,"status":"passed","title":"isTerminal returns true for Completed and Cancelled"},{"ancestorTitles":["[1] Status Mapper"],"duration":150,"failing":false,"failureDetails":[],"failureMessages":[],"fullName":"[1] Status Mapper requiresRefund returns true only for Cancelled","invocations":1,"location":null,"numPassingAsserts":4,"retryReasons":[],"startAt":1785206113969,"status":"passed","title":"requiresRefund returns true only for Cancelled"},{"ancestorTitles":["[2] executeOrder -- provider cases"],"duration":341,"failing":false,"failureDetails":[],"failureMessages":[],"fullName":"[2] executeOrder -- provider cases Case A: success=true + Completed -> order COMPLETED, no refund","invocations":1,"location":null,"numPassingAsserts":3,"retryReasons":[],"startAt":1785206114121,"status":"passed","title":"Case A: success=true + Completed -> order COMPLETED, no refund"},{"ancestorTitles":["[2] executeOrder -- provider cases"],"duration":327,"failing":false,"failureDetails":[],"failureMessages":[],"fullName":"[2] executeOrder -- provider cases Case B: success=true + Pending -> stays PROCESSING, providerOrderId saved","invocations":1,"location":null,"numPassingAsserts":3,"retryReasons":[],"startAt":1785206114462,"status":"passed","title":"Case B: success=true + Pending -> stays PROCESSING, providerOrderId saved"},{"ancestorTitles":["[2] executeOrder -- provider cases"],"duration":493,"failing":false,"failureDetails":[{"matcherResult":{"actual":"CANCELED","expected":"FAILED","message":"expect(received).toBe(expected) // Object.is equality\n\nExpected: \"FAILED\"\nReceived: \"CANCELED\"","name":"toBe","pass":false}}],"failureMessages":["Error: expect(received).toBe(expected) // Object.is equality\n\nExpected: \"FAILED\"\nReceived: \"CANCELED\"\n    at Object.toBe (D:\\projects\\Kareem\\Kanz Coins\\Backend\\src\\tests\\fulfillment.test.js:187:32)\n    at processTicksAndRejections (node:internal/process/task_queues:105:5)"],"fullName":"[2] executeOrder -- provider cases Case C: success=true + Cancelled -> CANCELED + wallet refunded","invocations":1,"location":null,"numPassingAsserts":0,"retryReasons":[],"startAt":1785206114790,"status":"failed","title":"Case C: success=true + Cancelled -> CANCELED + wallet refunded"},{"ancestorTitles":["[2] executeOrder -- provider cases"],"duration":500,"failing":false,"failureDetails":[],"failureMessages":[],"fullName":"[2] executeOrder -- provider cases Case D: success=false -> FAILED + wallet refunded","invocations":1,"location":null,"numPassingAsserts":4,"retryReasons":[],"startAt":1785206115286,"status":"passed","title":"Case D: success=false -> FAILED + wallet refunded"},{"ancestorTitles":["[2] executeOrder -- provider cases"],"duration":513,"failing":false,"failureDetails":[{"matcherResult":{"actual":"FAILED","expected":"CANCELED","message":"expect(received).toBe(expected) // Object.is equality\n\nExpected: \"CANCELED\"\nReceived: \"FAILED\"","name":"toBe","pass":false}}],"failureMessages":["Error: expect(received).toBe(expected) // Object.is equality\n\nExpected: \"CANCELED\"\nReceived: \"FAILED\"\n    at Object.toBe (D:\\projects\\Kareem\\Kanz Coins\\Backend\\src\\tests\\fulfillment.test.js:240:32)\n    at processTicksAndRejections (node:internal/process/task_queues:105:5)"],"fullName":"[2] executeOrder -- provider cases provider placement failure never marks the order COMPLETED","invocations":1,"location":null,"numPassingAsserts":0,"retryReasons":[],"startAt":1785206115787,"status":"failed","title":"provider placement failure never marks the order COMPLETED"},{"ancestorTitles":["[2] executeOrder -- provider cases"],"duration":312,"failing":false,"failureDetails":[],"failureMessages":[],"fullName":"[2] executeOrder -- provider cases Guard: non-PROCESSING order -> executeOrder is a no-op","invocations":1,"location":null,"numPassingAsserts":3,"retryReasons":[],"startAt":1785206116300,"status":"passed","title":"Guard: non-PROCESSING order -> executeOrder is a no-op"},{"ancestorTitles":["[2] executeOrder -- provider cases"],"duration":321,"failing":false,"failureDetails":[],"failureMessages":[],"fullName":"[2] executeOrder -- provider cases Audit: PROVIDER_ORDER_PLACED log written on Case B","invocations":1,"location":null,"numPassingAsserts":2,"retryReasons":[],"startAt":1785206116613,"status":"passed","title":"Audit: PROVIDER_ORDER_PLACED log written on Case B"},{"ancestorTitles":["[2] executeOrder -- provider cases"],"duration":445,"failing":false,"failureDetails":[],"failureMessages":[],"fullName":"[2] executeOrder -- provider cases Audit: PROVIDER_ORDER_PLACE_FAILED log written on Case D","invocations":1,"location":null,"numPassingAsserts":1,"retryReasons":[],"startAt":1785206116934,"status":"passed","title":"Audit: PROVIDER_ORDER_PLACE_FAILED log written on Case D"},{"ancestorTitles":["[3] refundFailedOrder -- idempotency"],"duration":372,"failing":false,"failureDetails":[],"failureMessages":[],"fullName":"[3] refundFailedOrder -- idempotency first call credits wallet and sets refunded=true","invocations":1,"location":null,"numPassingAsserts":3,"retryReasons":[],"startAt":1785206117380,"status":"passed","title":"first call credits wallet and sets refunded=true"},{"ancestorTitles":["[3] refundFailedOrder -- idempotency"],"duration":365,"failing":false,"failureDetails":[],"failureMessages":[],"fullName":"[3] refundFailedOrder -- idempotency second call returns false (no double-credit)","invocations":1,"location":null,"numPassingAsserts":1,"retryReasons":[],"startAt":1785206117752,"status":"passed","title":"second call returns false (no double-credit)"},{"ancestorTitles":["[3] refundFailedOrder -- idempotency"],"duration":338,"failing":false,"failureDetails":[],"failureMessages":[],"fullName":"[3] refundFailedOrder -- idempotency creates exactly one REFUND WalletTransaction","invocations":1,"location":null,"numPassingAsserts":1,"retryReasons":[],"startAt":1785206118117,"status":"passed","title":"creates exactly one REFUND WalletTransaction"},{"ancestorTitles":["[4] processOrderStatusResult"],"duration":344,"failing":false,"failureDetails":[],"failureMessages":[],"fullName":"[4] processOrderStatusResult Completed -> order COMPLETED, no refund","invocations":1,"location":null,"numPassingAsserts":3,"retryReasons":[],"startAt":1785206118457,"status":"passed","title":"Completed -> order COMPLETED, no refund"},{"ancestorTitles":["[4] processOrderStatusResult"],"duration":399,"failing":false,"failureDetails":[],"failureMessages":[],"fullName":"[4] processOrderStatusResult Cancelled -> order CANCELED + wallet refunded","invocations":1,"location":null,"numPassingAsserts":3,"retryReasons":[],"startAt":1785206118801,"status":"passed","title":"Cancelled -> order CANCELED + wallet refunded"},{"ancestorTitles":["[4] processOrderStatusResult"],"duration":270,"failing":false,"failureDetails":[],"failureMessages":[],"fullName":"[4] processOrderStatusResult Pending (below limit) -> retryCount incremented, stays PROCESSING","invocations":1,"location":null,"numPassingAsserts":3,"retryReasons":[],"startAt":1785206119201,"status":"passed","title":"Pending (below limit) -> retryCount incremented, stays PROCESSING"},{"ancestorTitles":["[4] processOrderStatusResult"],"duration":458,"failing":false,"failureDetails":[],"failureMessages":[],"fullName":"[4] processOrderStatusResult Pending at retry limit (24) -> FAILED + refund","invocations":1,"location":null,"numPassingAsserts":3,"retryReasons":[],"startAt":1785206119473,"status":"passed","title":"Pending at retry limit (24) -> FAILED + refund"},{"ancestorTitles":["[4] processOrderStatusResult"],"duration":348,"failing":false,"failureDetails":[],"failureMessages":[],"fullName":"[4] processOrderStatusResult skips order that is not PROCESSING","invocations":1,"location":null,"numPassingAsserts":1,"retryReasons":[],"startAt":1785206119931,"status":"passed","title":"skips order that is not PROCESSING"},{"ancestorTitles":["[5] pollProcessingOrders -- cron batch"],"duration":1078,"failing":false,"failureDetails":[{"matcherResult":{"actual":"CANCELED","expected":"FAILED","message":"expect(received).toBe(expected) // Object.is equality\n\nExpected: \"FAILED\"\nReceived: \"CANCELED\"","name":"toBe","pass":false}}],"failureMessages":["Error: expect(received).toBe(expected) // Object.is equality\n\nExpected: \"FAILED\"\nReceived: \"CANCELED\"\n    at Object.toBe (D:\\projects\\Kareem\\Kanz Coins\\Backend\\src\\tests\\fulfillment.test.js:482:32)\n    at processTicksAndRejections (node:internal/process/task_queues:105:5)"],"fullName":"[5] pollProcessingOrders -- cron batch processes all PROCESSING orders and returns correct stats","invocations":1,"location":null,"numPassingAsserts":5,"retryReasons":[],"startAt":1785206120280,"status":"failed","title":"processes all PROCESSING orders and returns correct stats"},{"ancestorTitles":["[5] pollProcessingOrders -- cron batch"],"duration":341,"failing":false,"failureDetails":[],"failureMessages":[],"fullName":"[5] pollProcessingOrders -- cron batch completed orders are NOT included in the next poll","invocations":1,"location":null,"numPassingAsserts":1,"retryReasons":[],"startAt":1785206121358,"status":"passed","title":"completed orders are NOT included in the next poll"},{"ancestorTitles":["[5] pollProcessingOrders -- cron batch"],"duration":196,"failing":false,"failureDetails":[],"failureMessages":[],"fullName":"[5] pollProcessingOrders -- cron batch returns zero stats when queue is empty","invocations":1,"location":null,"numPassingAsserts":4,"retryReasons":[],"startAt":1785206121700,"status":"passed","title":"returns zero stats when queue is empty"},{"ancestorTitles":["[5] pollProcessingOrders -- cron batch"],"duration":235,"failing":false,"failureDetails":[],"failureMessages":[],"fullName":"[5] pollProcessingOrders -- cron batch handles provider batch error gracefully - returns error in stats","invocations":1,"location":null,"numPassingAsserts":3,"retryReasons":[],"startAt":1785206121896,"status":"passed","title":"handles provider batch error gracefully - returns error in stats"},{"ancestorTitles":["[5] pollProcessingOrders -- cron batch"],"duration":294,"failing":false,"failureDetails":[],"failureMessages":[],"fullName":"[5] pollProcessingOrders -- cron batch order with no provider response stays PROCESSING","invocations":1,"location":null,"numPassingAsserts":1,"retryReasons":[],"startAt":1785206122132,"status":"passed","title":"order with no provider response stays PROCESSING"},{"ancestorTitles":["[6] createOrder -- AUTOMATIC executionType"],"duration":288,"failing":false,"failureDetails":[],"failureMessages":[],"fullName":"[6] createOrder -- AUTOMATIC executionType AUTOMATIC product with provider injected -> order status is PROCESSING","invocations":1,"location":null,"numPassingAsserts":2,"retryReasons":[],"startAt":1785206122427,"status":"passed","title":"AUTOMATIC product with provider injected -> order status is PROCESSING"},{"ancestorTitles":["[6] createOrder -- AUTOMATIC executionType"],"duration":331,"failing":false,"failureDetails":[],"failureMessages":[],"fullName":"[6] createOrder -- AUTOMATIC executionType AUTOMATIC product WITHOUT provider -> order starts PROCESSING","invocations":1,"location":null,"numPassingAsserts":1,"retryReasons":[],"startAt":1785206122715,"status":"passed","title":"AUTOMATIC product WITHOUT provider -> order starts PROCESSING"},{"ancestorTitles":["[6] createOrder -- AUTOMATIC executionType"],"duration":389,"failing":false,"failureDetails":[],"failureMessages":[],"fullName":"[6] createOrder -- AUTOMATIC executionType MANUAL product always stays PENDING regardless of provider","invocations":1,"location":null,"numPassingAsserts":2,"retryReasons":[],"startAt":1785206123046,"status":"passed","title":"MANUAL product always stays PENDING regardless of provider"},{"ancestorTitles":["[6] createOrder -- AUTOMATIC executionType"],"duration":374,"failing":false,"failureDetails":[],"failureMessages":[],"fullName":"[6] createOrder -- AUTOMATIC executionType wallet is correctly debited regardless of executionType","invocations":1,"location":null,"numPassingAsserts":2,"retryReasons":[],"startAt":1785206123435,"status":"passed","title":"wallet is correctly debited regardless of executionType"},{"ancestorTitles":["[6] createOrder -- AUTOMATIC executionType"],"duration":391,"failing":false,"failureDetails":[],"failureMessages":[],"fullName":"[6] createOrder -- AUTOMATIC executionType idempotency still works for AUTOMATIC orders","invocations":1,"location":null,"numPassingAsserts":4,"retryReasons":[],"startAt":1785206123810,"status":"passed","title":"idempotency still works for AUTOMATIC orders"}],"endTime":1785206124475,"message":"  ● [2] executeOrder -- provider cases › Case C: success=true + Cancelled -> CANCELED + wallet refunded\n\n    expect(received).toBe(expected) // Object.is equality\n\n    Expected: \"FAILED\"\n    Received: \"CANCELED\"\n\n      185 |         const { order: updated, refunded } = await executeOrder(order._id, provider);\n      186 |\n    > 187 |         expect(updated.status).toBe(ORDER_STATUS.FAILED);\n          |                                ^\n      188 |         expect(updated.refunded).toBe(true);\n      189 |         expect(refunded).toBe(true);\n      190 |\n\n      at Object.toBe (src/tests/fulfillment.test.js:187:32)\n\n  ● [2] executeOrder -- provider cases › provider placement failure never marks the order COMPLETED\n\n    expect(received).toBe(expected) // Object.is equality\n\n    Expected: \"CANCELED\"\n    Received: \"FAILED\"\n\n      238 |         const { order: updated } = await executeOrder(order._id, provider);\n      239 |\n    > 240 |         expect(updated.status).toBe(ORDER_STATUS.CANCELED);\n          |                                ^\n      241 |         expect(updated.status).not.toBe(ORDER_STATUS.COMPLETED);\n      242 |         expect(updated.providerRawResponse).toMatchObject({\n      243 |             status: 'ERROR',\n\n      at Object.toBe (src/tests/fulfillment.test.js:240:32)\n\n  ● [5] pollProcessingOrders -- cron batch › processes all PROCESSING orders and returns correct stats\n\n    expect(received).toBe(expected) // Object.is equality\n\n    Expected: \"FAILED\"\n    Received: \"CANCELED\"\n\n      480 |         const freshO3 = await Order.findById(o3._id);\n      481 |         expect(freshO1.status).toBe(ORDER_STATUS.COMPLETED);\n    > 482 |         expect(freshO3.status).toBe(ORDER_STATUS.FAILED);\n          |                                ^\n      483 |     });\n      484 |\n      485 |     it('completed orders are NOT included in the next poll', async () => {\n\n      at Object.toBe (src/tests/fulfillment.test.js:482:32)\n","name":"D:\\projects\\Kareem\\Kanz Coins\\Backend\\src\\tests\\fulfillment.test.js","startTime":1785206105391,"status":"failed","summary":""},{"assertionResults":[{"ancestorTitles":["[1] providerCatalog.service — syncProviderProducts()"],"duration":312,"failing":false,"failureDetails":[],"failureMessages":[],"fullName":"[1] providerCatalog.service — syncProviderProducts() creates ProviderProducts on first sync","invocations":1,"location":null,"numPassingAsserts":2,"retryReasons":[],"startAt":1785206129315,"status":"passed","title":"creates ProviderProducts on first sync"},{"ancestorTitles":["[1] providerCatalog.service — syncProviderProducts()"],"duration":176,"failing":false,"failureDetails":[],"failureMessages":[],"fullName":"[1] providerCatalog.service — syncProviderProducts() is idempotent — second sync with same data creates no duplicates","invocations":1,"location":null,"numPassingAsserts":1,"retryReasons":[],"startAt":1785206129628,"status":"passed","title":"is idempotent — second sync with same data creates no duplicates"},{"ancestorTitles":["[1] providerCatalog.service — syncProviderProducts()"],"duration":196,"failing":false,"failureDetails":[],"failureMessages":[],"fullName":"[1] providerCatalog.service — syncProviderProducts() updates rawPrice, minQty, maxQty, isActive on resync","invocations":1,"location":null,"numPassingAsserts":5,"retryReasons":[],"startAt":1785206129804,"status":"passed","title":"updates rawPrice, minQty, maxQty, isActive on resync"},{"ancestorTitles":["[1] providerCatalog.service — syncProviderProducts()"],"duration":260,"failing":false,"failureDetails":[],"failureMessages":[],"fullName":"[1] providerCatalog.service — syncProviderProducts() updates lastSyncedAt on each sync","invocations":1,"location":null,"numPassingAsserts":1,"retryReasons":[],"startAt":1785206130001,"status":"passed","title":"updates lastSyncedAt on each sync"},{"ancestorTitles":["[1] providerCatalog.service — syncProviderProducts()"],"duration":148,"failing":false,"failureDetails":[],"failureMessages":[],"fullName":"[1] providerCatalog.service — syncProviderProducts() returns correct totalFetched count","invocations":1,"location":null,"numPassingAsserts":1,"retryReasons":[],"startAt":1785206130262,"status":"passed","title":"returns correct totalFetched count"},{"ancestorTitles":["[1] providerCatalog.service — syncProviderProducts()"],"duration":128,"failing":false,"failureDetails":[],"failureMessages":[],"fullName":"[1] providerCatalog.service — syncProviderProducts() rawPayload is stored verbatim","invocations":1,"location":null,"numPassingAsserts":2,"retryReasons":[],"startAt":1785206130411,"status":"passed","title":"rawPayload is stored verbatim"},{"ancestorTitles":["[1] providerCatalog.service — syncProviderProducts()"],"duration":86,"failing":false,"failureDetails":[],"failureMessages":[],"fullName":"[1] providerCatalog.service — syncProviderProducts() throws NotFoundError for unknown providerId","invocations":1,"location":null,"numPassingAsserts":1,"retryReasons":[],"startAt":1785206130539,"status":"passed","title":"throws NotFoundError for unknown providerId"},{"ancestorTitles":["[1] providerCatalog.service — syncProviderProducts()"],"duration":90,"failing":false,"failureDetails":[],"failureMessages":[],"fullName":"[1] providerCatalog.service — syncProviderProducts() throws BusinessRuleError for inactive provider","invocations":1,"location":null,"numPassingAsserts":1,"retryReasons":[],"startAt":1785206130626,"status":"passed","title":"throws BusinessRuleError for inactive provider"},{"ancestorTitles":["[1] providerCatalog.service — syncProviderProducts()"],"duration":99,"failing":false,"failureDetails":[],"failureMessages":[],"fullName":"[1] providerCatalog.service — syncProviderProducts() propagates adapter fetch error","invocations":1,"location":null,"numPassingAsserts":1,"retryReasons":[],"startAt":1785206130717,"status":"passed","title":"propagates adapter fetch error"},{"ancestorTitles":["[2] providerCatalog.service — syncAllProviders()"],"duration":193,"failing":false,"failureDetails":[],"failureMessages":[],"fullName":"[2] providerCatalog.service — syncAllProviders() processes all active providers and returns results array","invocations":1,"location":null,"numPassingAsserts":5,"retryReasons":[],"startAt":1785206130817,"status":"passed","title":"processes all active providers and returns results array"},{"ancestorTitles":["[2] providerCatalog.service — syncAllProviders()"],"duration":102,"failing":false,"failureDetails":[],"failureMessages":[],"fullName":"[2] providerCatalog.service — syncAllProviders() returns empty array when no active providers exist","invocations":1,"location":null,"numPassingAsserts":1,"retryReasons":[],"startAt":1785206131011,"status":"passed","title":"returns empty array when no active providers exist"},{"ancestorTitles":["[2] providerCatalog.service — syncAllProviders()"],"duration":150,"failing":false,"failureDetails":[],"failureMessages":[],"fullName":"[2] providerCatalog.service — syncAllProviders() collects single provider failure without aborting others","invocations":1,"location":null,"numPassingAsserts":2,"retryReasons":[],"startAt":1785206131113,"status":"passed","title":"collects single provider failure without aborting others"},{"ancestorTitles":["[3] product.service — createProductFromProvider()"],"duration":222,"failing":false,"failureDetails":[],"failureMessages":[],"fullName":"[3] product.service — createProductFromProvider() creates a platform Product with correct provider linkage","invocations":1,"location":null,"numPassingAsserts":4,"retryReasons":[],"startAt":1785206131264,"status":"passed","title":"creates a platform Product with correct provider linkage"},{"ancestorTitles":["[3] product.service — createProductFromProvider()"],"duration":220,"failing":false,"failureDetails":[],"failureMessages":[],"fullName":"[3] product.service — createProductFromProvider() admin name override is used (not rawName)","invocations":1,"location":null,"numPassingAsserts":1,"retryReasons":[],"startAt":1785206131486,"status":"passed","title":"admin name override is used (not rawName)"},{"ancestorTitles":["[3] product.service — createProductFromProvider()"],"duration":225,"failing":false,"failureDetails":[],"failureMessages":[],"fullName":"[3] product.service — createProductFromProvider() admin basePrice override is stored (manual mode)","invocations":1,"location":null,"numPassingAsserts":1,"retryReasons":[],"startAt":1785206131707,"status":"passed","title":"admin basePrice override is stored (manual mode)"},{"ancestorTitles":["[3] product.service — createProductFromProvider()"],"duration":221,"failing":false,"failureDetails":[],"failureMessages":[],"fullName":"[3] product.service — createProductFromProvider() pricingMode=sync uses rawPrice as basePrice (ignores admin input)","invocations":1,"location":null,"numPassingAsserts":1,"retryReasons":[],"startAt":1785206131933,"status":"passed","title":"pricingMode=sync uses rawPrice as basePrice (ignores admin input)"},{"ancestorTitles":["[3] product.service — createProductFromProvider()"],"duration":236,"failing":false,"failureDetails":[],"failureMessages":[],"fullName":"[3] product.service — createProductFromProvider() image override is stored on the product","invocations":1,"location":null,"numPassingAsserts":1,"retryReasons":[],"startAt":1785206132155,"status":"passed","title":"image override is stored on the product"},{"ancestorTitles":["[3] product.service — createProductFromProvider()"],"duration":207,"failing":false,"failureDetails":[],"failureMessages":[],"fullName":"[3] product.service — createProductFromProvider() category override is stored on the product","invocations":1,"location":null,"numPassingAsserts":1,"retryReasons":[],"startAt":1785206132391,"status":"passed","title":"category override is stored on the product"},{"ancestorTitles":["[3] product.service — createProductFromProvider()"],"duration":204,"failing":false,"failureDetails":[],"failureMessages":[],"fullName":"[3] product.service — createProductFromProvider() minQty / maxQty inherit from ProviderProduct when not provided","invocations":1,"location":null,"numPassingAsserts":2,"retryReasons":[],"startAt":1785206132598,"status":"passed","title":"minQty / maxQty inherit from ProviderProduct when not provided"},{"ancestorTitles":["[3] product.service — createProductFromProvider()"],"duration":197,"failing":false,"failureDetails":[],"failureMessages":[],"fullName":"[3] product.service — createProductFromProvider() minQty / maxQty admin overrides are applied","invocations":1,"location":null,"numPassingAsserts":2,"retryReasons":[],"startAt":1785206132802,"status":"passed","title":"minQty / maxQty admin overrides are applied"},{"ancestorTitles":["[3] product.service — createProductFromProvider()"],"duration":225,"failing":false,"failureDetails":[],"failureMessages":[],"fullName":"[3] product.service — createProductFromProvider() createdBy stores the admin user ID","invocations":1,"location":null,"numPassingAsserts":1,"retryReasons":[],"startAt":1785206133000,"status":"passed","title":"createdBy stores the admin user ID"},{"ancestorTitles":["[3] product.service — createProductFromProvider()"],"duration":223,"failing":false,"failureDetails":[],"failureMessages":[],"fullName":"[3] product.service — createProductFromProvider() throws ConflictError when the same ProviderProduct is published twice","invocations":1,"location":null,"numPassingAsserts":1,"retryReasons":[],"startAt":1785206133225,"status":"passed","title":"throws ConflictError when the same ProviderProduct is published twice"},{"ancestorTitles":["[3] product.service — createProductFromProvider()"],"duration":171,"failing":false,"failureDetails":[],"failureMessages":[],"fullName":"[3] product.service — createProductFromProvider() throws NotFoundError for non-existent ProviderProduct","invocations":1,"location":null,"numPassingAsserts":1,"retryReasons":[],"startAt":1785206133449,"status":"passed","title":"throws NotFoundError for non-existent ProviderProduct"},{"ancestorTitles":["[3] product.service — createProductFromProvider()"],"duration":146,"failing":false,"failureDetails":[],"failureMessages":[],"fullName":"[3] product.service — createProductFromProvider() throws BusinessRuleError when provider is inactive","invocations":1,"location":null,"numPassingAsserts":1,"retryReasons":[],"startAt":1785206133620,"status":"passed","title":"throws BusinessRuleError when provider is inactive"},{"ancestorTitles":["[4] Order provider resolution via Product → ProviderProduct chain"],"duration":263,"failing":false,"failureDetails":[],"failureMessages":[],"fullName":"[4] Order provider resolution via Product → ProviderProduct chain getExternalProductId resolves correct externalProductId through the chain","invocations":1,"location":null,"numPassingAsserts":1,"retryReasons":[],"startAt":1785206133766,"status":"passed","title":"getExternalProductId resolves correct externalProductId through the chain"},{"ancestorTitles":["[4] Order provider resolution via Product → ProviderProduct chain"],"duration":256,"failing":false,"failureDetails":[],"failureMessages":[],"fullName":"[4] Order provider resolution via Product → ProviderProduct chain getExternalProductId returns null for a product with no provider link","invocations":1,"location":null,"numPassingAsserts":1,"retryReasons":[],"startAt":1785206134030,"status":"passed","title":"getExternalProductId returns null for a product with no provider link"},{"ancestorTitles":["[4] Order provider resolution via Product → ProviderProduct chain"],"duration":394,"failing":false,"failureDetails":[],"failureMessages":[],"fullName":"[4] Order provider resolution via Product → ProviderProduct chain order basePriceSnapshot uses Product.basePrice (not ProviderProduct.rawPrice)","invocations":1,"location":null,"numPassingAsserts":2,"retryReasons":[],"startAt":1785206134287,"status":"passed","title":"order basePriceSnapshot uses Product.basePrice (not ProviderProduct.rawPrice)"},{"ancestorTitles":["[4] Order provider resolution via Product → ProviderProduct chain"],"duration":497,"failing":false,"failureDetails":[{"matcherResult":{"actual":"160","expected":160,"message":"expect(received).toBe(expected) // Object.is equality\n\nExpected: 160\nReceived: \"160\"","name":"toBe","pass":false}}],"failureMessages":["Error: expect(received).toBe(expected) // Object.is equality\n\nExpected: 160\nReceived: \"160\"\n    at Object.toBe (D:\\projects\\Kareem\\Kanz Coins\\Backend\\src\\tests\\catalog.test.js:458:34)\n    at processTicksAndRejections (node:internal/process/task_queues:105:5)"],"fullName":"[4] Order provider resolution via Product → ProviderProduct chain changing rawPrice (manual mode) does NOT affect existing order snapshot","invocations":1,"location":null,"numPassingAsserts":1,"retryReasons":[],"startAt":1785206134681,"status":"failed","title":"changing rawPrice (manual mode) does NOT affect existing order snapshot"}],"endTime":1785206135454,"message":"  ● [4] Order provider resolution via Product → ProviderProduct chain › changing rawPrice (manual mode) does NOT affect existing order snapshot\n\n    expect(received).toBe(expected) // Object.is equality\n\n    Expected: 160\n    Received: \"160\"\n\n      456 |\n      457 |         expect(order.basePriceSnapshot).toBe('80');\n    > 458 |         expect(order.totalPrice).toBe(160.00);\n          |                                  ^\n      459 |\n      460 |         // Sync with a new rawPrice — manual mode → Product.basePrice unchanged\n      461 |         await catalogService.syncProviderProducts(provider._id, {\n\n      at Object.toBe (src/tests/catalog.test.js:458:34)\n","name":"D:\\projects\\Kareem\\Kanz Coins\\Backend\\src\\tests\\catalog.test.js","startTime":1785206124699,"status":"failed","summary":""},{"assertionResults":[{"ancestorTitles":["calculateFinalPrice — pure function"],"duration":309,"failing":false,"failureDetails":[],"failureMessages":[],"fullName":"calculateFinalPrice — pure function returns basePrice unchanged when percentage = 0","invocations":1,"location":null,"numPassingAsserts":2,"retryReasons":[],"startAt":1785206140437,"status":"passed","title":"returns basePrice unchanged when percentage = 0"},{"ancestorTitles":["calculateFinalPrice — pure function"],"duration":99,"failing":false,"failureDetails":[],"failureMessages":[],"fullName":"calculateFinalPrice — pure function applies 15% markup correctly: 100 × 1.15 = 115","invocations":1,"location":null,"numPassingAsserts":1,"retryReasons":[],"startAt":1785206140750,"status":"passed","title":"applies 15% markup correctly: 100 × 1.15 = 115"},{"ancestorTitles":["calculateFinalPrice — pure function"],"duration":119,"failing":false,"failureDetails":[{"matcherResult":{"actual":"13.3332999999999996","expected":"13.3333","message":"expect(received).toBe(expected) // Object.is equality\n\nExpected: \"13.3333\"\nReceived: \"13.3332999999999996\"","name":"toBe","pass":false}}],"failureMessages":["Error: expect(received).toBe(expected) // Object.is equality\n\nExpected: \"13.3333\"\nReceived: \"13.3332999999999996\"\n    at Object.toBe (D:\\projects\\Kareem\\Kanz Coins\\Backend\\src\\tests\\pricing.test.js:89:49)\n    at Promise.finally.completed (D:\\projects\\Kareem\\Kanz Coins\\Backend\\node_modules\\jest-circus\\build\\jestAdapterInit.js:1557:28)\n    at new Promise (<anonymous>)\n    at callAsyncCircusFn (D:\\projects\\Kareem\\Kanz Coins\\Backend\\node_modules\\jest-circus\\build\\jestAdapterInit.js:1497:10)\n    at _callCircusTest (D:\\projects\\Kareem\\Kanz Coins\\Backend\\node_modules\\jest-circus\\build\\jestAdapterInit.js:1007:40)\n    at processTicksAndRejections (node:internal/process/task_queues:105:5)\n    at _runTest (D:\\projects\\Kareem\\Kanz Coins\\Backend\\node_modules\\jest-circus\\build\\jestAdapterInit.js:947:3)\n    at D:\\projects\\Kareem\\Kanz Coins\\Backend\\node_modules\\jest-circus\\build\\jestAdapterInit.js:849:7\n    at _runTestsForDescribeBlock (D:\\projects\\Kareem\\Kanz Coins\\Backend\\node_modules\\jest-circus\\build\\jestAdapterInit.js:862:11)\n    at _runTestsForDescribeBlock (D:\\projects\\Kareem\\Kanz Coins\\Backend\\node_modules\\jest-circus\\build\\jestAdapterInit.js:857:11)\n    at run (D:\\projects\\Kareem\\Kanz Coins\\Backend\\node_modules\\jest-circus\\build\\jestAdapterInit.js:761:3)\n    at runAndTransformResultsToJestFormat (D:\\projects\\Kareem\\Kanz Coins\\Backend\\node_modules\\jest-circus\\build\\jestAdapterInit.js:1918:21)\n    at jestAdapter (D:\\projects\\Kareem\\Kanz Coins\\Backend\\node_modules\\jest-circus\\build\\runner.js:101:19)\n    at runTestInternal (D:\\projects\\Kareem\\Kanz Coins\\Backend\\node_modules\\jest-runner\\build\\index.js:275:16)\n    at runTest (D:\\projects\\Kareem\\Kanz Coins\\Backend\\node_modules\\jest-runner\\build\\index.js:343:7)"],"fullName":"calculateFinalPrice — pure function preserves arbitrary precision until wallet charging","invocations":1,"location":null,"numPassingAsserts":1,"retryReasons":[],"startAt":1785206140849,"status":"failed","title":"preserves arbitrary precision until wallet charging"},{"ancestorTitles":["calculateFinalPrice — pure function"],"duration":103,"failing":false,"failureDetails":[],"failureMessages":[],"fullName":"calculateFinalPrice — pure function applies 200% markup: 50 + 100 = 150","invocations":1,"location":null,"numPassingAsserts":1,"retryReasons":[],"startAt":1785206140972,"status":"passed","title":"applies 200% markup: 50 + 100 = 150"},{"ancestorTitles":["calculateFinalPrice — pure function"],"duration":236,"failing":false,"failureDetails":[],"failureMessages":[],"fullName":"calculateFinalPrice — pure function handles large values accurately","invocations":1,"location":null,"numPassingAsserts":1,"retryReasons":[],"startAt":1785206141076,"status":"passed","title":"handles large values accurately"},{"ancestorTitles":["calculateFinalPrice — pure function"],"duration":195,"failing":false,"failureDetails":[],"failureMessages":[],"fullName":"calculateFinalPrice — pure function returns 0 when basePrice = 0 (no markup on nothing)","invocations":1,"location":null,"numPassingAsserts":1,"retryReasons":[],"startAt":1785206141312,"status":"passed","title":"returns 0 when basePrice = 0 (no markup on nothing)"},{"ancestorTitles":["calculateFinalPrice — pure function"],"duration":265,"failing":false,"failureDetails":[],"failureMessages":[],"fullName":"calculateFinalPrice — pure function throws INVALID_BASE_PRICE for negative basePrice","invocations":1,"location":null,"numPassingAsserts":1,"retryReasons":[],"startAt":1785206141507,"status":"passed","title":"throws INVALID_BASE_PRICE for negative basePrice"},{"ancestorTitles":["calculateFinalPrice — pure function"],"duration":118,"failing":false,"failureDetails":[],"failureMessages":[],"fullName":"calculateFinalPrice — pure function throws INVALID_PERCENTAGE for negative percentage","invocations":1,"location":null,"numPassingAsserts":1,"retryReasons":[],"startAt":1785206141773,"status":"passed","title":"throws INVALID_PERCENTAGE for negative percentage"},{"ancestorTitles":["calculateFinalPrice — pure function"],"duration":686,"failing":false,"failureDetails":[],"failureMessages":[],"fullName":"calculateFinalPrice — pure function accepts numeric string basePrice and rejects null basePrice","invocations":1,"location":null,"numPassingAsserts":2,"retryReasons":[],"startAt":1785206141892,"status":"passed","title":"accepts numeric string basePrice and rejects null basePrice"},{"ancestorTitles":["calculateFinalPrice — pure function"],"duration":210,"failing":false,"failureDetails":[],"failureMessages":[],"fullName":"calculateFinalPrice — pure function accepts numeric string percentage and rejects missing percentage","invocations":1,"location":null,"numPassingAsserts":2,"retryReasons":[],"startAt":1785206142579,"status":"passed","title":"accepts numeric string percentage and rejects missing percentage"},{"ancestorTitles":["calculateUserPrice — DB-backed"],"duration":426,"failing":false,"failureDetails":[],"failureMessages":[],"fullName":"calculateUserPrice — DB-backed returns correct pricing tuple for a user with an active group","invocations":1,"location":null,"numPassingAsserts":1,"retryReasons":[],"startAt":1785206142797,"status":"passed","title":"returns correct pricing tuple for a user with an active group"},{"ancestorTitles":["calculateUserPrice — DB-backed"],"duration":246,"failing":false,"failureDetails":[],"failureMessages":[],"fullName":"calculateUserPrice — DB-backed correctly applies the group markup to basePrice","invocations":1,"location":null,"numPassingAsserts":1,"retryReasons":[],"startAt":1785206143223,"status":"passed","title":"correctly applies the group markup to basePrice"},{"ancestorTitles":["calculateUserPrice — DB-backed"],"duration":166,"failing":false,"failureDetails":[],"failureMessages":[],"fullName":"calculateUserPrice — DB-backed returns finalPrice = basePrice when group percentage = 0","invocations":1,"location":null,"numPassingAsserts":2,"retryReasons":[],"startAt":1785206143469,"status":"passed","title":"returns finalPrice = basePrice when group percentage = 0"},{"ancestorTitles":["calculateUserPrice — DB-backed"],"duration":124,"failing":false,"failureDetails":[],"failureMessages":[],"fullName":"calculateUserPrice — DB-backed throws NotFoundError for a non-existent userId","invocations":1,"location":null,"numPassingAsserts":1,"retryReasons":[],"startAt":1785206143636,"status":"passed","title":"throws NotFoundError for a non-existent userId"},{"ancestorTitles":["calculateUserPrice — DB-backed"],"duration":113,"failing":false,"failureDetails":[],"failureMessages":[],"fullName":"calculateUserPrice — DB-backed throws GROUP_INACTIVE when user belongs to an inactive group","invocations":1,"location":null,"numPassingAsserts":1,"retryReasons":[],"startAt":1785206143760,"status":"passed","title":"throws GROUP_INACTIVE when user belongs to an inactive group"},{"ancestorTitles":["Order snapshot fields"],"duration":435,"failing":false,"failureDetails":[],"failureMessages":[],"fullName":"Order snapshot fields stores all four snapshot fields on order creation","invocations":1,"location":null,"numPassingAsserts":4,"retryReasons":[],"startAt":1785206143874,"status":"passed","title":"stores all four snapshot fields on order creation"},{"ancestorTitles":["Order snapshot fields"],"duration":369,"failing":false,"failureDetails":[],"failureMessages":[],"fullName":"Order snapshot fields basePriceSnapshot equals product.basePrice (pre-markup)","invocations":1,"location":null,"numPassingAsserts":1,"retryReasons":[],"startAt":1785206144309,"status":"passed","title":"basePriceSnapshot equals product.basePrice (pre-markup)"},{"ancestorTitles":["Order snapshot fields"],"duration":348,"failing":false,"failureDetails":[],"failureMessages":[],"fullName":"Order snapshot fields markupPercentageSnapshot equals group.percentage at order time","invocations":1,"location":null,"numPassingAsserts":1,"retryReasons":[],"startAt":1785206144678,"status":"passed","title":"markupPercentageSnapshot equals group.percentage at order time"},{"ancestorTitles":["Order snapshot fields"],"duration":356,"failing":false,"failureDetails":[],"failureMessages":[],"fullName":"Order snapshot fields finalPriceCharged = basePrice + (basePrice × percentage / 100)","invocations":1,"location":null,"numPassingAsserts":2,"retryReasons":[],"startAt":1785206145026,"status":"passed","title":"finalPriceCharged = basePrice + (basePrice × percentage / 100)"},{"ancestorTitles":["Order snapshot fields"],"duration":331,"failing":false,"failureDetails":[],"failureMessages":[],"fullName":"Order snapshot fields groupIdSnapshot equals the group ID at order time","invocations":1,"location":null,"numPassingAsserts":1,"retryReasons":[],"startAt":1785206145382,"status":"passed","title":"groupIdSnapshot equals the group ID at order time"},{"ancestorTitles":["Order snapshot fields"],"duration":404,"failing":false,"failureDetails":[],"failureMessages":[],"fullName":"Order snapshot fields totalPrice = finalPriceCharged × quantity (not basePrice × qty)","invocations":1,"location":null,"numPassingAsserts":3,"retryReasons":[],"startAt":1785206145714,"status":"passed","title":"totalPrice = finalPriceCharged × quantity (not basePrice × qty)"},{"ancestorTitles":["Order snapshot fields"],"duration":423,"failing":false,"failureDetails":[],"failureMessages":[],"fullName":"Order snapshot fields updating group percentage AFTER order → snapshot fields are UNCHANGED","invocations":1,"location":null,"numPassingAsserts":3,"retryReasons":[],"startAt":1785206146118,"status":"passed","title":"updating group percentage AFTER order → snapshot fields are UNCHANGED"},{"ancestorTitles":["Order snapshot fields"],"duration":355,"failing":false,"failureDetails":[],"failureMessages":[],"fullName":"Order snapshot fields changing user group AFTER order → groupIdSnapshot is UNCHANGED","invocations":1,"location":null,"numPassingAsserts":3,"retryReasons":[],"startAt":1785206146542,"status":"passed","title":"changing user group AFTER order → groupIdSnapshot is UNCHANGED"}],"endTime":1785206147097,"message":"  ● calculateFinalPrice — pure function › preserves arbitrary precision until wallet charging\n\n    expect(received).toBe(expected) // Object.is equality\n\n    Expected: \"13.3333\"\n    Received: \"13.3332999999999996\"\n\n      87 |         // 9.99 × 1.15 = 11.4885; chargedAmount is rounded later.\n      88 |         expect(calculateFinalPrice(9.99, 15)).toBe('11.4885');\n    > 89 |         expect(calculateFinalPrice(10, 33.333)).toBe('13.3333');\n         |                                                 ^\n      90 |     });\n      91 |\n      92 |     it('applies 200% markup: 50 + 100 = 150', () => {\n\n      at Object.toBe (src/tests/pricing.test.js:89:49)\n","name":"D:\\projects\\Kareem\\Kanz Coins\\Backend\\src\\tests\\pricing.test.js","startTime":1785206135556,"status":"failed","summary":""},{"assertionResults":[{"ancestorTitles":["[1] pollPendingOrders — core mechanics"],"duration":391,"failing":false,"failureDetails":[],"failureMessages":[],"fullName":"[1] pollPendingOrders — core mechanics returns zero stats when no PROCESSING orders exist","invocations":1,"location":null,"numPassingAsserts":5,"retryReasons":[],"startAt":1785206149585,"status":"passed","title":"returns zero stats when no PROCESSING orders exist"},{"ancestorTitles":["[1] pollPendingOrders — core mechanics"],"duration":394,"failing":false,"failureDetails":[],"failureMessages":[],"fullName":"[1] pollPendingOrders — core mechanics finds and polls PROCESSING orders with providerOrderId","invocations":1,"location":null,"numPassingAsserts":2,"retryReasons":[],"startAt":1785206149978,"status":"passed","title":"finds and polls PROCESSING orders with providerOrderId"},{"ancestorTitles":["[1] pollPendingOrders — core mechanics"],"duration":553,"failing":false,"failureDetails":[],"failureMessages":[],"fullName":"[1] pollPendingOrders — core mechanics transitions a Completed order to ORDER_STATUS.COMPLETED","invocations":1,"location":null,"numPassingAsserts":4,"retryReasons":[],"startAt":1785206150373,"status":"passed","title":"transitions a Completed order to ORDER_STATUS.COMPLETED"},{"ancestorTitles":["[1] pollPendingOrders — core mechanics"],"duration":2240,"failing":false,"failureDetails":[],"failureMessages":[],"fullName":"[1] pollPendingOrders — core mechanics transitions a Cancelled order to ORDER_STATUS.CANCELED and refunds wallet","invocations":1,"location":null,"numPassingAsserts":5,"retryReasons":[],"startAt":1785206150926,"status":"passed","title":"transitions a Cancelled order to ORDER_STATUS.CANCELED and refunds wallet"},{"ancestorTitles":["[1] pollPendingOrders — core mechanics"],"duration":402,"failing":false,"failureDetails":[],"failureMessages":[],"fullName":"[1] pollPendingOrders — core mechanics leaves still-pending orders as PROCESSING with incremented retryCount","invocations":1,"location":null,"numPassingAsserts":4,"retryReasons":[],"startAt":1785206153167,"status":"passed","title":"leaves still-pending orders as PROCESSING with incremented retryCount"},{"ancestorTitles":["[1] pollPendingOrders — core mechanics"],"duration":293,"failing":false,"failureDetails":[],"failureMessages":[],"fullName":"[1] pollPendingOrders — core mechanics skips orders without providerOrderId (cannot poll)","invocations":1,"location":null,"numPassingAsserts":1,"retryReasons":[],"startAt":1785206153570,"status":"passed","title":"skips orders without providerOrderId (cannot poll)"},{"ancestorTitles":["[1] pollPendingOrders — core mechanics"],"duration":326,"failing":false,"failureDetails":[],"failureMessages":[],"fullName":"[1] pollPendingOrders — core mechanics does not update orders with non-PROCESSING status","invocations":1,"location":null,"numPassingAsserts":1,"retryReasons":[],"startAt":1785206153863,"status":"passed","title":"does not update orders with non-PROCESSING status"},{"ancestorTitles":["[1] pollPendingOrders — core mechanics"],"duration":358,"failing":false,"failureDetails":[],"failureMessages":[],"fullName":"[1] pollPendingOrders — core mechanics lastCheckedAt is updated for processed orders","invocations":1,"location":null,"numPassingAsserts":1,"retryReasons":[],"startAt":1785206154190,"status":"passed","title":"lastCheckedAt is updated for processed orders"},{"ancestorTitles":["[2] groupOrdersByProvider"],"duration":313,"failing":false,"failureDetails":[],"failureMessages":[],"fullName":"[2] groupOrdersByProvider groups orders under the correct provider bucket","invocations":1,"location":null,"numPassingAsserts":3,"retryReasons":[],"startAt":1785206154548,"status":"passed","title":"groups orders under the correct provider bucket"},{"ancestorTitles":["[2] groupOrdersByProvider"],"duration":250,"failing":false,"failureDetails":[],"failureMessages":[],"fullName":"[2] groupOrdersByProvider puts orders with no provider link into NO_PROVIDER bucket","invocations":1,"location":null,"numPassingAsserts":2,"retryReasons":[],"startAt":1785206154862,"status":"passed","title":"puts orders with no provider link into NO_PROVIDER bucket"},{"ancestorTitles":["[2] groupOrdersByProvider"],"duration":249,"failing":false,"failureDetails":[],"failureMessages":[],"fullName":"[2] groupOrdersByProvider groups orders from the same provider together","invocations":1,"location":null,"numPassingAsserts":1,"retryReasons":[],"startAt":1785206155117,"status":"passed","title":"groups orders from the same provider together"},{"ancestorTitles":["[3] Provider failure handling"],"duration":325,"failing":false,"failureDetails":[],"failureMessages":[],"fullName":"[3] Provider failure handling checkOrders() throw → orders stay PROCESSING, error collected","invocations":1,"location":null,"numPassingAsserts":3,"retryReasons":[],"startAt":1785206155367,"status":"passed","title":"checkOrders() throw → orders stay PROCESSING, error collected"},{"ancestorTitles":["[3] Provider failure handling"],"duration":408,"failing":false,"failureDetails":[],"failureMessages":[],"fullName":"[3] Provider failure handling inactive provider → orders stay PROCESSING with error logged","invocations":1,"location":null,"numPassingAsserts":2,"retryReasons":[],"startAt":1785206155693,"status":"passed","title":"inactive provider → orders stay PROCESSING with error logged"},{"ancestorTitles":["[3] Provider failure handling"],"duration":338,"failing":false,"failureDetails":[],"failureMessages":[],"fullName":"[3] Provider failure handling provider API failure does not crash the poller (returns stats)","invocations":1,"location":null,"numPassingAsserts":2,"retryReasons":[],"startAt":1785206156101,"status":"passed","title":"provider API failure does not crash the poller (returns stats)"},{"ancestorTitles":["[3] Provider failure handling"],"duration":320,"failing":false,"failureDetails":[],"failureMessages":[],"fullName":"[3] Provider failure handling missing status response for an order → order stays PROCESSING","invocations":1,"location":null,"numPassingAsserts":2,"retryReasons":[],"startAt":1785206156440,"status":"passed","title":"missing status response for an order → order stays PROCESSING"},{"ancestorTitles":["[4] Multi-provider isolation"],"duration":446,"failing":false,"failureDetails":[],"failureMessages":[],"fullName":"[4] Multi-provider isolation two providers polled in same cycle — results aggregated correctly","invocations":1,"location":null,"numPassingAsserts":5,"retryReasons":[],"startAt":1785206156761,"status":"passed","title":"two providers polled in same cycle — results aggregated correctly"},{"ancestorTitles":["[4] Multi-provider isolation"],"duration":663,"failing":false,"failureDetails":[],"failureMessages":[],"fullName":"[4] Multi-provider isolation provider A failure does not affect provider B results","invocations":1,"location":null,"numPassingAsserts":3,"retryReasons":[],"startAt":1785206157208,"status":"passed","title":"provider A failure does not affect provider B results"},{"ancestorTitles":["[5] Batch size limiting — chunk()"],"duration":147,"failing":false,"failureDetails":[],"failureMessages":[],"fullName":"[5] Batch size limiting — chunk() chunk() with perfect division","invocations":1,"location":null,"numPassingAsserts":1,"retryReasons":[],"startAt":1785206157872,"status":"passed","title":"chunk() with perfect division"},{"ancestorTitles":["[5] Batch size limiting — chunk()"],"duration":44,"failing":false,"failureDetails":[],"failureMessages":[],"fullName":"[5] Batch size limiting — chunk() chunk() with remainder","invocations":1,"location":null,"numPassingAsserts":1,"retryReasons":[],"startAt":1785206158019,"status":"passed","title":"chunk() with remainder"},{"ancestorTitles":["[5] Batch size limiting — chunk()"],"duration":37,"failing":false,"failureDetails":[],"failureMessages":[],"fullName":"[5] Batch size limiting — chunk() chunk() larger than array","invocations":1,"location":null,"numPassingAsserts":1,"retryReasons":[],"startAt":1785206158063,"status":"passed","title":"chunk() larger than array"},{"ancestorTitles":["[5] Batch size limiting — chunk()"],"duration":46,"failing":false,"failureDetails":[],"failureMessages":[],"fullName":"[5] Batch size limiting — chunk() chunk() with empty array","invocations":1,"location":null,"numPassingAsserts":1,"retryReasons":[],"startAt":1785206158100,"status":"passed","title":"chunk() with empty array"},{"ancestorTitles":["[5] Batch size limiting — chunk()"],"duration":1632,"failing":false,"failureDetails":[],"failureMessages":[],"fullName":"[5] Batch size limiting — chunk() checkOrders called once per batch when orders exceed MAX_BATCH_SIZE","invocations":1,"location":null,"numPassingAsserts":3,"retryReasons":[],"startAt":1785206158146,"status":"passed","title":"checkOrders called once per batch when orders exceed MAX_BATCH_SIZE"},{"ancestorTitles":["[6] runOrderPolling — job wrapper"],"duration":178,"failing":false,"failureDetails":[],"failureMessages":[],"fullName":"[6] runOrderPolling — job wrapper returns a structured summary with all required fields","invocations":1,"location":null,"numPassingAsserts":9,"retryReasons":[],"startAt":1785206159779,"status":"passed","title":"returns a structured summary with all required fields"},{"ancestorTitles":["[6] runOrderPolling — job wrapper"],"duration":148,"failing":false,"failureDetails":[],"failureMessages":[],"fullName":"[6] runOrderPolling — job wrapper returns zero stats when queue is empty","invocations":1,"location":null,"numPassingAsserts":3,"retryReasons":[],"startAt":1785206159958,"status":"passed","title":"returns zero stats when queue is empty"}],"endTime":1785206160298,"message":"","name":"D:\\projects\\Kareem\\Kanz Coins\\Backend\\src\\tests\\orderPolling.test.js","startTime":1785206147154,"status":"passed","summary":""},{"assertionResults":[{"ancestorTitles":["[1] Immutability"],"duration":308,"failing":false,"failureDetails":[],"failureMessages":[],"fullName":"[1] Immutability schema pre-hook blocks updateOne — throws synchronously","invocations":1,"location":null,"numPassingAsserts":1,"retryReasons":[],"startAt":1785206164991,"status":"passed","title":"schema pre-hook blocks updateOne — throws synchronously"},{"ancestorTitles":["[1] Immutability"],"duration":65,"failing":false,"failureDetails":[],"failureMessages":[],"fullName":"[1] Immutability schema pre-hook blocks findOneAndUpdate","invocations":1,"location":null,"numPassingAsserts":1,"retryReasons":[],"startAt":1785206165299,"status":"passed","title":"schema pre-hook blocks findOneAndUpdate"},{"ancestorTitles":["[1] Immutability"],"duration":189,"failing":false,"failureDetails":[],"failureMessages":[],"fullName":"[1] Immutability schema pre-hook blocks updateMany","invocations":1,"location":null,"numPassingAsserts":1,"retryReasons":[],"startAt":1785206165365,"status":"passed","title":"schema pre-hook blocks updateMany"},{"ancestorTitles":["[1] Immutability"],"duration":108,"failing":false,"failureDetails":[],"failureMessages":[],"fullName":"[1] Immutability schema pre-hook blocks deleteOne","invocations":1,"location":null,"numPassingAsserts":1,"retryReasons":[],"startAt":1785206165555,"status":"passed","title":"schema pre-hook blocks deleteOne"},{"ancestorTitles":["[1] Immutability"],"duration":176,"failing":false,"failureDetails":[],"failureMessages":[],"fullName":"[1] Immutability schema pre-hook blocks deleteMany","invocations":1,"location":null,"numPassingAsserts":1,"retryReasons":[],"startAt":1785206165664,"status":"passed","title":"schema pre-hook blocks deleteMany"},{"ancestorTitles":["[1] Immutability"],"duration":76,"failing":false,"failureDetails":[],"failureMessages":[],"fullName":"[1] Immutability schema pre-hook blocks findOneAndDelete","invocations":1,"location":null,"numPassingAsserts":1,"retryReasons":[],"startAt":1785206165841,"status":"passed","title":"schema pre-hook blocks findOneAndDelete"},{"ancestorTitles":["[1] Immutability"],"duration":84,"failing":false,"failureDetails":[],"failureMessages":[],"fullName":"[1] Immutability audit service does not export update or delete functions","invocations":1,"location":null,"numPassingAsserts":5,"retryReasons":[],"startAt":1785206165917,"status":"passed","title":"audit service does not export update or delete functions"},{"ancestorTitles":["[2] Write correctness"],"duration":264,"failing":false,"failureDetails":[],"failureMessages":[],"fullName":"[2] Write correctness createAuditLog persists all required fields correctly","invocations":1,"location":null,"numPassingAsserts":12,"retryReasons":[],"startAt":1785206166002,"status":"passed","title":"createAuditLog persists all required fields correctly"},{"ancestorTitles":["[2] Write correctness"],"duration":174,"failing":false,"failureDetails":[],"failureMessages":[],"fullName":"[2] Write correctness metadata password field is redacted","invocations":1,"location":null,"numPassingAsserts":2,"retryReasons":[],"startAt":1785206166266,"status":"passed","title":"metadata password field is redacted"},{"ancestorTitles":["[2] Write correctness"],"duration":279,"failing":false,"failureDetails":[],"failureMessages":[],"fullName":"[2] Write correctness metadata token field is redacted","invocations":1,"location":null,"numPassingAsserts":3,"retryReasons":[],"startAt":1785206166440,"status":"passed","title":"metadata token field is redacted"},{"ancestorTitles":["[2] Write correctness"],"duration":241,"failing":false,"failureDetails":[],"failureMessages":[],"fullName":"[2] Write correctness nested sensitive keys inside metadata objects are redacted","invocations":1,"location":null,"numPassingAsserts":2,"retryReasons":[],"startAt":1785206166720,"status":"passed","title":"nested sensitive keys inside metadata objects are redacted"},{"ancestorTitles":["[2] Write correctness"],"duration":285,"failing":false,"failureDetails":[],"failureMessages":[],"fullName":"[2] Write correctness invalid action string is silently captured — does not throw to caller","invocations":1,"location":null,"numPassingAsserts":2,"retryReasons":[],"startAt":1785206166961,"status":"passed","title":"invalid action string is sil
[...]
 + Alkasr + canonical vocabulary"],"duration":1,"failing":false,"failureDetails":[],"failureMessages":[],"fullName":"[7] statusMapper — Toros + Alkasr + canonical vocabulary isTerminal(\"waiting\") is false","invocations":1,"location":null,"numPassingAsserts":1,"retryReasons":[],"startAt":1785206196255,"status":"passed","title":"isTerminal(\"waiting\") is false"},{"ancestorTitles":["[7] statusMapper — Toros + Alkasr + canonical vocabulary"],"duration":1,"failing":false,"failureDetails":[],"failureMessages":[],"fullName":"[7] statusMapper — Toros + Alkasr + canonical vocabulary isTerminal(\"queued\") is false","invocations":1,"location":null,"numPassingAsserts":1,"retryReasons":[],"startAt":1785206196256,"status":"passed","title":"isTerminal(\"queued\") is false"},{"ancestorTitles":["[7] statusMapper — Toros + Alkasr + canonical vocabulary"],"duration":1,"failing":false,"failureDetails":[],"failureMessages":[],"fullName":"[7] statusMapper — Toros + Alkasr + canonical vocabulary isTerminal(\"in_process\") is false","invocations":1,"location":null,"numPassingAsserts":1,"retryReasons":[],"startAt":1785206196257,"status":"passed","title":"isTerminal(\"in_process\") is false"},{"ancestorTitles":["[7] statusMapper — Toros + Alkasr + canonical vocabulary"],"duration":1,"failing":false,"failureDetails":[],"failureMessages":[],"fullName":"[7] statusMapper — Toros + Alkasr + canonical vocabulary requiresRefund(\"Cancelled\") is true","invocations":1,"location":null,"numPassingAsserts":1,"retryReasons":[],"startAt":1785206196259,"status":"passed","title":"requiresRefund(\"Cancelled\") is true"},{"ancestorTitles":["[7] statusMapper — Toros + Alkasr + canonical vocabulary"],"duration":4,"failing":false,"failureDetails":[],"failureMessages":[],"fullName":"[7] statusMapper — Toros + Alkasr + canonical vocabulary requiresRefund(\"canceled\") is true","invocations":1,"location":null,"numPassingAsserts":1,"retryReasons":[],"startAt":1785206196260,"status":"passed","title":"requiresRefund(\"canceled\") is true"},{"ancestorTitles":["[7] statusMapper — Toros + Alkasr + canonical vocabulary"],"duration":1,"failing":false,"failureDetails":[],"failureMessages":[],"fullName":"[7] statusMapper — Toros + Alkasr + canonical vocabulary requiresRefund(\"failed\") is true","invocations":1,"location":null,"numPassingAsserts":1,"retryReasons":[],"startAt":1785206196264,"status":"passed","title":"requiresRefund(\"failed\") is true"},{"ancestorTitles":["[7] statusMapper — Toros + Alkasr + canonical vocabulary"],"duration":1,"failing":false,"failureDetails":[],"failureMessages":[],"fullName":"[7] statusMapper — Toros + Alkasr + canonical vocabulary requiresRefund(\"reject\") is true","invocations":1,"location":null,"numPassingAsserts":1,"retryReasons":[],"startAt":1785206196265,"status":"passed","title":"requiresRefund(\"reject\") is true"},{"ancestorTitles":["[7] statusMapper — Toros + Alkasr + canonical vocabulary"],"duration":1,"failing":false,"failureDetails":[],"failureMessages":[],"fullName":"[7] statusMapper — Toros + Alkasr + canonical vocabulary requiresRefund(\"rejected\") is true","invocations":1,"location":null,"numPassingAsserts":1,"retryReasons":[],"startAt":1785206196266,"status":"passed","title":"requiresRefund(\"rejected\") is true"},{"ancestorTitles":["[7] statusMapper — Toros + Alkasr + canonical vocabulary"],"duration":3,"failing":false,"failureDetails":[],"failureMessages":[],"fullName":"[7] statusMapper — Toros + Alkasr + canonical vocabulary requiresRefund(\"cancel\") is true","invocations":1,"location":null,"numPassingAsserts":1,"retryReasons":[],"startAt":1785206196267,"status":"passed","title":"requiresRefund(\"cancel\") is true"},{"ancestorTitles":["[7] statusMapper — Toros + Alkasr + canonical vocabulary"],"duration":1,"failing":false,"failureDetails":[],"failureMessages":[],"fullName":"[7] statusMapper — Toros + Alkasr + canonical vocabulary requiresRefund(\"error\") is true","invocations":1,"location":null,"numPassingAsserts":1,"retryReasons":[],"startAt":1785206196270,"status":"passed","title":"requiresRefund(\"error\") is true"},{"ancestorTitles":["[7] statusMapper — Toros + Alkasr + canonical vocabulary"],"duration":1,"failing":false,"failureDetails":[],"failureMessages":[],"fullName":"[7] statusMapper — Toros + Alkasr + canonical vocabulary requiresRefund(\"Completed\") is false","invocations":1,"location":null,"numPassingAsserts":1,"retryReasons":[],"startAt":1785206196273,"status":"passed","title":"requiresRefund(\"Completed\") is false"},{"ancestorTitles":["[7] statusMapper — Toros + Alkasr + canonical vocabulary"],"duration":1,"failing":false,"failureDetails":[],"failureMessages":[],"fullName":"[7] statusMapper — Toros + Alkasr + canonical vocabulary requiresRefund(\"success\") is false","invocations":1,"location":null,"numPassingAsserts":1,"retryReasons":[],"startAt":1785206196275,"status":"passed","title":"requiresRefund(\"success\") is false"},{"ancestorTitles":["[7] statusMapper — Toros + Alkasr + canonical vocabulary"],"duration":4,"failing":false,"failureDetails":[],"failureMessages":[],"fullName":"[7] statusMapper — Toros + Alkasr + canonical vocabulary requiresRefund(\"done\") is false","invocations":1,"location":null,"numPassingAsserts":1,"retryReasons":[],"startAt":1785206196276,"status":"passed","title":"requiresRefund(\"done\") is false"},{"ancestorTitles":["[7] statusMapper — Toros + Alkasr + canonical vocabulary"],"duration":0,"failing":false,"failureDetails":[],"failureMessages":[],"fullName":"[7] statusMapper — Toros + Alkasr + canonical vocabulary requiresRefund(\"accept\") is false","invocations":1,"location":null,"numPassingAsserts":1,"retryReasons":[],"startAt":1785206196281,"status":"passed","title":"requiresRefund(\"accept\") is false"},{"ancestorTitles":["[7] statusMapper — Toros + Alkasr + canonical vocabulary"],"duration":9,"failing":false,"failureDetails":[],"failureMessages":[],"fullName":"[7] statusMapper — Toros + Alkasr + canonical vocabulary requiresRefund(\"Pending\") is false","invocations":1,"location":null,"numPassingAsserts":1,"retryReasons":[],"startAt":1785206196282,"status":"passed","title":"requiresRefund(\"Pending\") is false"},{"ancestorTitles":["[7] statusMapper — Toros + Alkasr + canonical vocabulary"],"duration":1,"failing":false,"failureDetails":[],"failureMessages":[],"fullName":"[7] statusMapper — Toros + Alkasr + canonical vocabulary requiresRefund(\"wait\") is false","invocations":1,"location":null,"numPassingAsserts":1,"retryReasons":[],"startAt":1785206196292,"status":"passed","title":"requiresRefund(\"wait\") is false"},{"ancestorTitles":["[8] adapter.factory — resolution"],"duration":14,"failing":false,"failureDetails":[],"failureMessages":[],"fullName":"[8] adapter.factory — resolution resolves TorosfonAdapter by slug \"toros\"","invocations":1,"location":null,"numPassingAsserts":1,"retryReasons":[],"startAt":1785206196293,"status":"passed","title":"resolves TorosfonAdapter by slug \"toros\""},{"ancestorTitles":["[8] adapter.factory — resolution"],"duration":1,"failing":false,"failureDetails":[],"failureMessages":[],"fullName":"[8] adapter.factory — resolution resolves TorosfonAdapter by slug \"torosfon\"","invocations":1,"location":null,"numPassingAsserts":1,"retryReasons":[],"startAt":1785206196314,"status":"passed","title":"resolves TorosfonAdapter by slug \"torosfon\""},{"ancestorTitles":["[8] adapter.factory — resolution"],"duration":1,"failing":false,"failureDetails":[],"failureMessages":[],"fullName":"[8] adapter.factory — resolution resolves TorosfonAdapter by name \"torosfon store\" (no slug)","invocations":1,"location":null,"numPassingAsserts":1,"retryReasons":[],"startAt":1785206196316,"status":"passed","title":"resolves TorosfonAdapter by name \"torosfon store\" (no slug)"},{"ancestorTitles":["[8] adapter.factory — resolution"],"duration":1,"failing":false,"failureDetails":[],"failureMessages":[],"fullName":"[8] adapter.factory — resolution resolves AlkasrVipAdapter by slug \"alkasr-vip\"","invocations":1,"location":null,"numPassingAsserts":1,"retryReasons":[],"startAt":1785206196321,"status":"passed","title":"resolves AlkasrVipAdapter by slug \"alkasr-vip\""},{"ancestorTitles":["[8] adapter.factory — resolution"],"duration":4,"failing":false,"failureDetails":[],"failureMessages":[],"fullName":"[8] adapter.factory — resolution resolves AlkasrVipAdapter by slug \"alkasr\"","invocations":1,"location":null,"numPassingAsserts":1,"retryReasons":[],"startAt":1785206196323,"status":"passed","title":"resolves AlkasrVipAdapter by slug \"alkasr\""},{"ancestorTitles":["[8] adapter.factory — resolution"],"duration":3,"failing":false,"failureDetails":[],"failureMessages":[],"fullName":"[8] adapter.factory — resolution resolves AlkasrVipAdapter by name \"alkasr vip\" (no slug)","invocations":1,"location":null,"numPassingAsserts":1,"retryReasons":[],"startAt":1785206196355,"status":"passed","title":"resolves AlkasrVipAdapter by name \"alkasr vip\" (no slug)"},{"ancestorTitles":["[8] adapter.factory — resolution"],"duration":2,"failing":false,"failureDetails":[],"failureMessages":[],"fullName":"[8] adapter.factory — resolution resolves RoyalCrownAdapter by slug \"royal-crown\"","invocations":1,"location":null,"numPassingAsserts":1,"retryReasons":[],"startAt":1785206196373,"status":"passed","title":"resolves RoyalCrownAdapter by slug \"royal-crown\""},{"ancestorTitles":["[8] adapter.factory — resolution"],"duration":9,"failing":false,"failureDetails":[],"failureMessages":[],"fullName":"[8] adapter.factory — resolution resolves DealerApiAdapter by Karak slug","invocations":1,"location":null,"numPassingAsserts":1,"retryReasons":[],"startAt":1785206196375,"status":"passed","title":"resolves DealerApiAdapter by Karak slug"},{"ancestorTitles":["[8] adapter.factory — resolution"],"duration":1,"failing":false,"failureDetails":[],"failureMessages":[],"fullName":"[8] adapter.factory — resolution falls back to MockProviderAdapter for unknown slug (non-strict)","invocations":1,"location":null,"numPassingAsserts":1,"retryReasons":[],"startAt":1785206196384,"status":"passed","title":"falls back to MockProviderAdapter for unknown slug (non-strict)"},{"ancestorTitles":["[8] adapter.factory — resolution"],"duration":100,"failing":false,"failureDetails":[],"failureMessages":[],"fullName":"[8] adapter.factory — resolution throws UNSUPPORTED_PROVIDER in strict mode for unknown provider","invocations":1,"location":null,"numPassingAsserts":1,"retryReasons":[],"startAt":1785206196389,"status":"passed","title":"throws UNSUPPORTED_PROVIDER in strict mode for unknown provider"},{"ancestorTitles":["[8] adapter.factory — resolution"],"duration":1,"failing":false,"failureDetails":[],"failureMessages":[],"fullName":"[8] adapter.factory — resolution registerAdapter() adds a new provider at runtime","invocations":1,"location":null,"numPassingAsserts":1,"retryReasons":[],"startAt":1785206196489,"status":"passed","title":"registerAdapter() adds a new provider at runtime"},{"ancestorTitles":["[9] getBalance()"],"duration":1,"failing":false,"failureDetails":[],"failureMessages":[],"fullName":"[9] getBalance() TorosfonAdapter.getBalance() calls /api/GetMyInfo","invocations":1,"location":null,"numPassingAsserts":2,"retryReasons":[],"startAt":1785206196491,"status":"passed","title":"TorosfonAdapter.getBalance() calls /api/GetMyInfo"},{"ancestorTitles":["[9] getBalance()"],"duration":2,"failing":false,"failureDetails":[],"failureMessages":[],"fullName":"[9] getBalance() AlkasrVipAdapter.getBalance() calls /client/api/profile","invocations":1,"location":null,"numPassingAsserts":2,"retryReasons":[],"startAt":1785206196492,"status":"passed","title":"AlkasrVipAdapter.getBalance() calls /client/api/profile"}],"endTime":1785206196508,"message":"","name":"D:\\projects\\Kareem\\Kanz Coins\\Backend\\src\\tests\\adapters.test.js","startTime":1785206193570,"status":"passed","summary":""},{"assertionResults":[{"ancestorTitles":["receiptAnalyzer.service"],"duration":38,"failing":false,"failureDetails":[],"failureMessages":[],"fullName":"receiptAnalyzer.service rejects empty buffers","invocations":1,"location":null,"numPassingAsserts":2,"retryReasons":[],"startAt":1785206197276,"status":"passed","title":"rejects empty buffers"},{"ancestorTitles":["receiptAnalyzer.service"],"duration":5,"failing":false,"failureDetails":[],"failureMessages":[],"fullName":"receiptAnalyzer.service rejects solid black images","invocations":1,"location":null,"numPassingAsserts":2,"retryReasons":[],"startAt":1785206197314,"status":"passed","title":"rejects solid black images"},{"ancestorTitles":["receiptAnalyzer.service"],"duration":9,"failing":false,"failureDetails":[],"failureMessages":[],"fullName":"receiptAnalyzer.service rejects solid white images","invocations":1,"location":null,"numPassingAsserts":2,"retryReasons":[],"startAt":1785206197319,"status":"passed","title":"rejects solid white images"},{"ancestorTitles":["receiptAnalyzer.service"],"duration":3,"failing":false,"failureDetails":[],"failureMessages":[],"fullName":"receiptAnalyzer.service rejects low-entropy blank-like images","invocations":1,"location":null,"numPassingAsserts":2,"retryReasons":[],"startAt":1785206197329,"status":"passed","title":"rejects low-entropy blank-like images"},{"ancestorTitles":["receiptAnalyzer.service"],"duration":4,"failing":false,"failureDetails":[],"failureMessages":[],"fullName":"receiptAnalyzer.service accepts non-blank valid images","invocations":1,"location":null,"numPassingAsserts":2,"retryReasons":[],"startAt":1785206197333,"status":"passed","title":"accepts non-blank valid images"},{"ancestorTitles":["receiptAnalyzer.service"],"duration":6,"failing":false,"failureDetails":[],"failureMessages":[],"fullName":"receiptAnalyzer.service marks image invalid when sharp is unavailable","invocations":1,"location":null,"numPassingAsserts":2,"retryReasons":[],"startAt":1785206197337,"status":"passed","title":"marks image invalid when sharp is unavailable"}],"endTime":1785206197346,"message":"","name":"D:\\projects\\Kareem\\Kanz Coins\\Backend\\src\\tests\\receiptAnalyzer.test.js","startTime":1785206196551,"status":"passed","summary":""},{"assertionResults":[{"ancestorTitles":["normalizeProviderDecimalPrice"],"duration":1,"failing":false,"failureDetails":[],"failureMessages":[],"fullName":"normalizeProviderDecimalPrice preserves plain tiny decimal strings","invocations":1,"location":null,"numPassingAsserts":1,"retryReasons":[],"startAt":1785206197786,"status":"passed","title":"preserves plain tiny decimal strings"},{"ancestorTitles":["normalizeProviderDecimalPrice"],"duration":1,"failing":false,"failureDetails":[],"failureMessages":[],"fullName":"normalizeProviderDecimalPrice normalizes tiny decimal numbers without returning 18","invocations":1,"location":null,"numPassingAsserts":2,"retryReasons":[],"startAt":1785206197788,"status":"passed","title":"normalizes tiny decimal numbers without returning 18"},{"ancestorTitles":["normalizeProviderDecimalPrice"],"duration":1,"failing":false,"failureDetails":[],"failureMessages":[],"fullName":"normalizeProviderDecimalPrice expands scientific notation safely","invocations":1,"location":null,"numPassingAsserts":1,"retryReasons":[],"startAt":1785206197789,"status":"passed","title":"expands scientific notation safely"},{"ancestorTitles":["DealerApiAdapter dynamic products"],"duration":4,"failing":false,"failureDetails":[],"failureMessages":[],"fullName":"DealerApiAdapter dynamic products returns Karak dynamic product for slug: karak","invocations":1,"location":null,"numPassingAsserts":2,"retryReasons":[],"startAt":1785206197791,"status":"passed","title":"returns Karak dynamic product for slug: karak"},{"ancestorTitles":["DealerApiAdapter dynamic products"],"duration":3,"failing":false,"failureDetails":[],"failureMessages":[],"fullName":"DealerApiAdapter dynamic products returns Karak dynamic product for slug: karak-chat","invocations":1,"location":null,"numPassingAsserts":2,"retryReasons":[],"startAt":1785206197796,"status":"passed","title":"returns Karak dynamic product for slug: karak-chat"},{"ancestorTitles":["DealerApiAdapter dynamic products"],"duration":2,"failing":false,"failureDetails":[],"failureMessages":[],"fullName":"DealerApiAdapter dynamic products returns Karak dynamic product for name: Karak Chat","invocations":1,"location":null,"numPassingAsserts":2,"retryReasons":[],"startAt":1785206197799,"status":"passed","title":"returns Karak dynamic product for name: Karak Chat"},{"ancestorTitles":["DealerApiAdapter dynamic products"],"duration":2,"failing":false,"failureDetails":[],"failureMessages":[],"fullName":"DealerApiAdapter dynamic products returns Ibulala dynamic product for slug: ibulala","invocations":1,"location":null,"numPassingAsserts":2,"retryReasons":[],"startAt":1785206197801,"status":"passed","title":"returns Ibulala dynamic product for slug: ibulala"},{"ancestorTitles":["DealerApiAdapter dynamic products"],"duration":2,"failing":false,"failureDetails":[],"failureMessages":[],"fullName":"DealerApiAdapter dynamic products returns Ibulala dynamic product for slug: ibulala-chat","invocations":1,"location":null,"numPassingAsserts":2,"retryReasons":[],"startAt":1785206197803,"status":"passed","title":"returns Ibulala dynamic product for slug: ibulala-chat"},{"ancestorTitles":["DealerApiAdapter dynamic products"],"duration":3,"failing":false,"failureDetails":[],"failureMessages":[],"fullName":"DealerApiAdapter dynamic products returns Ibulala dynamic product for name: Ibulala Chat","invocations":1,"location":null,"numPassingAsserts":2,"retryReasons":[],"startAt":1785206197805,"status":"passed","title":"returns Ibulala dynamic product for name: Ibulala Chat"},{"ancestorTitles":["DealerApiAdapter dynamic products"],"duration":4,"failing":false,"failureDetails":[],"failureMessages":[],"fullName":"DealerApiAdapter dynamic products returns an empty product list for unknown Dealer API providers","invocations":1,"location":null,"numPassingAsserts":1,"retryReasons":[],"startAt":1785206197809,"status":"passed","title":"returns an empty product list for unknown Dealer API providers"},{"ancestorTitles":["DealerApiAdapter dynamic products"],"duration":3,"failing":false,"failureDetails":[],"failureMessages":[],"fullName":"DealerApiAdapter dynamic products keeps isKarakProvider backward compatible and Karak-only","invocations":1,"location":null,"numPassingAsserts":7,"retryReasons":[],"startAt":1785206197815,"status":"passed","title":"keeps isKarakProvider backward compatible and Karak-only"},{"ancestorTitles":["DealerApiAdapter dynamic products"],"duration":2,"failing":false,"failureDetails":[],"failureMessages":[],"fullName":"DealerApiAdapter dynamic products detects both Karak and Ibulala with generic helpers","invocations":1,"location":null,"numPassingAsserts":6,"retryReasons":[],"startAt":1785206197818,"status":"passed","title":"detects both Karak and Ibulala with generic helpers"},{"ancestorTitles":["DealerApiAdapter dynamic products"],"duration":4,"failing":false,"failureDetails":[],"failureMessages":[],"fullName":"DealerApiAdapter dynamic products uses processSale successfully for the Karak dynamic product","invocations":1,"location":null,"numPassingAsserts":2,"retryReasons":[],"startAt":1785206197820,"status":"passed","title":"uses processSale successfully for the Karak dynamic product"},{"ancestorTitles":["DealerApiAdapter dynamic products"],"duration":7,"failing":false,"failureDetails":[],"failureMessages":[],"fullName":"DealerApiAdapter dynamic products uses processSale successfully for the Ibulala dynamic product","invocations":1,"location":null,"numPassingAsserts":2,"retryReasons":[],"startAt":1785206197825,"status":"passed","title":"uses processSale successfully for the Ibulala dynamic product"}],"endTime":1785206197837,"message":"","name":"D:\\projects\\Kareem\\Kanz Coins\\Backend\\src\\tests\\dealerApi.test.js","startTime":1785206197377,"status":"passed","summary":""}],"wasInterrupted":false}
