{"numFailedTestSuites":0,"numFailedTests":0,"numPassedTestSuites":30,"numPassedTests":800,"numPendingTestSuites":0,"numPendingTests":0,"numRuntimeErrorTestSuites":0,"numTodoTests":0,"numTotalTestSuites":30,"numTotalTests":800,"openHandles":[],"snapshot":{"added":0,"didUpdate":false,"failure":false,"filesAdded":0,"filesRemoved":0,"filesRemovedList":[],"filesUnmatched":0,"filesUpdated":0,"matched":0,"total":0,"unchecked":0,"uncheckedKeysByFile":[],"unmatched":0,"updated":0},"startTime":1785206593817,"success":true,"testResults":[{"assertionResults":[{"ancestorTitles":["[1] Model validation"],"duration":215,"failing":false,"failureDetails":[],"failureMessages":[],"fullName":"[1] Model validation creates a valid deposit request with all required fields","invocations":1,"location":null,"numPassingAsserts":4,"retryReasons":[],"startAt":1785206603297,"status":"passed","title":"creates a valid deposit request with all required fields"},{"ancestorTitles":["[1] Model validation"],"duration":155,"failing":false,"failureDetails":[],"failureMessages":[],"fullName":"[1] Model validation rejects when userId is missing","invocations":1,"location":null,"numPassingAsserts":1,"retryReasons":[],"startAt":1785206603518,"status":"passed","title":"rejects when userId is missing"},{"ancestorTitles":["[1] Model validation"],"duration":130,"failing":false,"failureDetails":[],"failureMessages":[],"fullName":"[1] Model validation rejects when requestedAmount is missing","invocations":1,"location":null,"numPassingAsserts":1,"retryReasons":[],"startAt":1785206603674,"status":"passed","title":"rejects when requestedAmount is missing"},{"ancestorTitles":["[1] Model validation"],"duration":124,"failing":false,"failureDetails":[],"failureMessages":[],"fullName":"[1] Model validation rejects when requestedAmount <= 0","invocations":1,"location":null,"numPassingAsserts":1,"retryReasons":[],"startAt":1785206603804,"status":"passed","title":"rejects when requestedAmount <= 0"},{"ancestorTitles":["[1] Model validation"],"duration":139,"failing":false,"failureDetails":[],"failureMessages":[],"fullName":"[1] Model validation rejects when receiptImage is missing","invocations":1,"location":null,"numPassingAsserts":1,"retryReasons":[],"startAt":1785206603929,"status":"passed","title":"rejects when receiptImage is missing"},{"ancestorTitles":["[1] Model validation"],"duration":124,"failing":false,"failureDetails":[],"failureMessages":[],"fullName":"[1] Model validation rejects when paymentMethodId is missing","invocations":1,"location":null,"numPassingAsserts":1,"retryReasons":[],"startAt":1785206604071,"status":"passed","title":"rejects when paymentMethodId is missing"},{"ancestorTitles":["[1] Model validation"],"duration":113,"failing":false,"failureDetails":[],"failureMessages":[],"fullName":"[1] Model validation rejects invalid status value","invocations":1,"location":null,"numPassingAsserts":1,"retryReasons":[],"startAt":1785206604196,"status":"passed","title":"rejects invalid status value"},{"ancestorTitles":["[1] Model validation"],"duration":136,"failing":false,"failureDetails":[],"failureMessages":[],"fullName":"[1] Model validation virtual isApproved returns true for APPROVED status","invocations":1,"location":null,"numPassingAsserts":3,"retryReasons":[],"startAt":1785206604309,"status":"passed","title":"virtual isApproved returns true for APPROVED status"},{"ancestorTitles":["[1] Model validation"],"duration":125,"failing":false,"failureDetails":[],"failureMessages":[],"fullName":"[1] Model validation virtual isRejected returns true for REJECTED status","invocations":1,"location":null,"numPassingAsserts":3,"retryReasons":[],"startAt":1785206604446,"status":"passed","title":"virtual isRejected returns true for REJECTED status"},{"ancestorTitles":["[1] Model validation"],"duration":125,"failing":false,"failureDetails":[],"failureMessages":[],"fullName":"[1] Model validation virtual isPending returns true for PENDING status","invocations":1,"location":null,"numPassingAsserts":3,"retryReasons":[],"startAt":1785206604571,"status":"passed","title":"virtual isPending returns true for PENDING status"},{"ancestorTitles":["[1] Model validation"],"duration":118,"failing":false,"failureDetails":[],"failureMessages":[],"fullName":"[1] Model validation default status is PENDING","invocations":1,"location":null,"numPassingAsserts":1,"retryReasons":[],"startAt":1785206604697,"status":"passed","title":"default status is PENDING"},{"ancestorTitles":["[2] createDepositRequest"],"duration":254,"failing":false,"failureDetails":[],"failureMessages":[],"fullName":"[2] createDepositRequest creates a PENDING deposit request with correct fields","invocations":1,"location":null,"numPassingAsserts":4,"retryReasons":[],"startAt":1785206604816,"status":"passed","title":"creates a PENDING deposit request with correct fields"},{"ancestorTitles":["[2] createDepositRequest"],"duration":444,"failing":false,"failureDetails":[],"failureMessages":[],"fullName":"[2] createDepositRequest persists to the database","invocations":1,"location":null,"numPassingAsserts":2,"retryReasons":[],"startAt":1785206605070,"status":"passed","title":"persists to the database"},{"ancestorTitles":["[2] createDepositRequest"],"duration":437,"failing":false,"failureDetails":[],"failureMessages":[],"fullName":"[2] createDepositRequest creates DEPOSIT_REQUESTED audit log (fire-and-forget)","invocations":1,"location":null,"numPassingAsserts":4,"retryReasons":[],"startAt":1785206605515,"status":"passed","title":"creates DEPOSIT_REQUESTED audit log (fire-and-forget)"},{"ancestorTitles":["[2] createDepositRequest"],"duration":335,"failing":false,"failureDetails":[],"failureMessages":[],"fullName":"[2] createDepositRequest allows a user to submit multiple pending requests","invocations":1,"location":null,"numPassingAsserts":1,"retryReasons":[],"startAt":1785206605952,"status":"passed","title":"allows a user to submit multiple pending requests"},{"ancestorTitles":["[3] approveDeposit"],"duration":562,"failing":false,"failureDetails":[],"failureMessages":[],"fullName":"[3] approveDeposit transitions status PENDING → APPROVED","invocations":1,"location":null,"numPassingAsserts":1,"retryReasons":[],"startAt":1785206606288,"status":"passed","title":"transitions status PENDING → APPROVED"},{"ancestorTitles":["[3] approveDeposit"],"duration":461,"failing":false,"failureDetails":[],"failureMessages":[],"fullName":"[3] approveDeposit sets reviewedBy and reviewedAt on approval","invocations":1,"location":null,"numPassingAsserts":2,"retryReasons":[],"startAt":1785206606851,"status":"passed","title":"sets reviewedBy and reviewedAt on approval"},{"ancestorTitles":["[3] approveDeposit"],"duration":355,"failing":false,"failureDetails":[],"failureMessages":[],"fullName":"[3] approveDeposit credits the user wallet by requestedAmount","invocations":1,"location":null,"numPassingAsserts":2,"retryReasons":[],"startAt":1785206607314,"status":"passed","title":"credits the user wallet by requestedAmount"},{"ancestorTitles":["[3] approveDeposit"],"duration":463,"failing":false,"failureDetails":[],"failureMessages":[],"fullName":"[3] approveDeposit repays partial debt and recalculates creditUsed","invocations":1,"location":null,"numPassingAsserts":2,"retryReasons":[],"startAt":1785206607676,"status":"passed","title":"repays partial debt and recalculates creditUsed"},{"ancestorTitles":["[3] approveDeposit"],"duration":505,"failing":false,"failureDetails":[],"failureMessages":[],"fullName":"[3] approveDeposit clears debt when deposit overpays and leaves positive balance","invocations":1,"location":null,"numPassingAsserts":2,"retryReasons":[],"startAt":1785206608140,"status":"passed","title":"clears debt when deposit overpays and leaves positive balance"},{"ancestorTitles":["[3] approveDeposit"],"duration":386,"failing":false,"failureDetails":[],"failureMessages":[],"fullName":"[3] approveDeposit creates a WalletTransaction CREDIT record","invocations":1,"location":null,"numPassingAsserts":4,"retryReasons":[],"startAt":1785206608646,"status":"passed","title":"creates a WalletTransaction CREDIT record"},{"ancestorTitles":["[3] approveDeposit"],"duration":328,"failing":false,"failureDetails":[],"failureMessages":[],"fullName":"[3] approveDeposit uses override amount instead of requestedAmount when provided","invocations":1,"location":null,"numPassingAsserts":2,"retryReasons":[],"startAt":1785206609032,"status":"passed","title":"uses override amount instead of requestedAmount when provided"},{"ancestorTitles":["[3] approveDeposit"],"duration":734,"failing":false,"failureDetails":[],"failureMessages":[],"fullName":"[3] approveDeposit creates DEPOSIT_APPROVED and WALLET_CREDIT audit logs","invocations":1,"location":null,"numPassingAsserts":6,"retryReasons":[],"startAt":1785206609361,"status":"passed","title":"creates DEPOSIT_APPROVED and WALLET_CREDIT audit logs"},{"ancestorTitles":["[3] approveDeposit"],"duration":315,"failing":false,"failureDetails":[],"failureMessages":[],"fullName":"[3] approveDeposit throws DEPOSIT_ALREADY_APPROVED when approving a second time","invocations":1,"location":null,"numPassingAsserts":1,"retryReasons":[],"startAt":1785206610096,"status":"passed","title":"throws DEPOSIT_ALREADY_APPROVED when approving a second time"},{"ancestorTitles":["[3] approveDeposit"],"duration":264,"failing":false,"failureDetails":[],"failureMessages":[],"fullName":"[3] approveDeposit throws DEPOSIT_ALREADY_REJECTED when approving a rejected deposit","invocations":1,"location":null,"numPassingAsserts":1,"retryReasons":[],"startAt":1785206610411,"status":"passed","title":"throws DEPOSIT_ALREADY_REJECTED when approving a rejected deposit"},{"ancestorTitles":["[3] approveDeposit"],"duration":242,"failing":false,"failureDetails":[],"failureMessages":[],"fullName":"[3] approveDeposit throws NotFoundError for a non-existent deposit ID","invocations":1,"location":null,"numPassingAsserts":1,"retryReasons":[],"startAt":1785206610675,"status":"passed","title":"throws NotFoundError for a non-existent deposit ID"},{"ancestorTitles":["[3] approveDeposit"],"duration":443,"failing":false,"failureDetails":[],"failureMessages":[],"fullName":"[3] approveDeposit wallet is NOT credited when approval fails (transaction rollback)","invocations":1,"location":null,"numPassingAsserts":2,"retryReasons":[],"startAt":1785206610917,"status":"passed","title":"wallet is NOT credited when approval fails (transaction rollback)"},{"ancestorTitles":["[4] rejectDeposit"],"duration":241,"failing":false,"failureDetails":[],"failureMessages":[],"fullName":"[4] rejectDeposit transitions status PENDING → REJECTED","invocations":1,"location":null,"numPassingAsserts":1,"retryReasons":[],"startAt":1785206611361,"status":"passed","title":"transitions status PENDING → REJECTED"},{"ancestorTitles":["[4] rejectDeposit"],"duration":310,"failing":false,"failureDetails":[],"failureMessages":[],"fullName":"[4] rejectDeposit sets reviewedBy and reviewedAt on rejection","invocations":1,"location":null,"numPassingAsserts":2,"retryReasons":[],"startAt":1785206611604,"status":"passed","title":"sets reviewedBy and reviewedAt on rejection"},{"ancestorTitles":["[4] rejectDeposit"],"duration":313,"failing":false,"failureDetails":[],"failureMessages":[],"fullName":"[4] rejectDeposit does NOT credit the wallet on rejection","invocations":1,"location":null,"numPassingAsserts":1,"retryReasons":[],"startAt":1785206611915,"status":"passed","title":"does NOT credit the wallet on rejection"},{"ancestorTitles":["[4] rejectDeposit"],"duration":284,"failing":false,"failureDetails":[],"failureMessages":[],"fullName":"[4] rejectDeposit does NOT create a WalletTransaction on rejection","invocations":1,"location":null,"numPassingAsserts":1,"retryReasons":[],"startAt":1785206612228,"status":"passed","title":"does NOT create a WalletTransaction on rejection"},{"ancestorTitles":["[4] rejectDeposit"],"duration":410,"failing":false,"failureDetails":[],"failureMessages":[],"fullName":"[4] rejectDeposit creates DEPOSIT_REJECTED audit log","invocations":1,"location":null,"numPassingAsserts":3,"retryReasons":[],"startAt":1785206612513,"status":"passed","title":"creates DEPOSIT_REJECTED audit log"},{"ancestorTitles":["[4] rejectDeposit"],"duration":288,"failing":false,"failureDetails":[],"failureMessages":[],"fullName":"[4] rejectDeposit throws DEPOSIT_ALREADY_REJECTED when rejecting a second time","invocations":1,"location":null,"numPassingAsserts":1,"retryReasons":[],"startAt":1785206612924,"status":"passed","title":"throws DEPOSIT_ALREADY_REJECTED when rejecting a second time"},{"ancestorTitles":["[4] rejectDeposit"],"duration":375,"failing":false,"failureDetails":[],"failureMessages":[],"fullName":"[4] rejectDeposit throws DEPOSIT_ALREADY_APPROVED when rejecting an approved deposit","invocations":1,"location":null,"numPassingAsserts":1,"retryReasons":[],"startAt":1785206613213,"status":"passed","title":"throws DEPOSIT_ALREADY_APPROVED when rejecting an approved deposit"},{"ancestorTitles":["[4] rejectDeposit"],"duration":260,"failing":false,"failureDetails":[],"failureMessages":[],"fullName":"[4] rejectDeposit throws NotFoundError for a non-existent deposit ID","invocations":1,"location":null,"numPassingAsserts":1,"retryReasons":[],"startAt":1785206613589,"status":"passed","title":"throws NotFoundError for a non-existent deposit ID"},{"ancestorTitles":["[5] Concurrency"],"duration":475,"failing":false,"failureDetails":[],"failureMessages":[],"fullName":"[5] Concurrency two concurrent approve calls: only one succeeds, wallet credited once","invocations":1,"location":null,"numPassingAsserts":5,"retryReasons":[],"startAt":1785206613850,"status":"passed","title":"two concurrent approve calls: only one succeeds, wallet credited once"},{"ancestorTitles":["[6] listDeposits / listMyDeposits"],"duration":500,"failing":false,"failureDetails":[],"failureMessages":[],"fullName":"[6] listDeposits / listMyDeposits listDeposits returns all deposits for admin","invocations":1,"location":null,"numPassingAsserts":2,"retryReasons":[],"startAt":1785206614326,"status":"passed","title":"listDeposits returns all deposits for admin"},{"ancestorTitles":["[6] listDeposits / listMyDeposits"],"duration":626,"failing":false,"failureDetails":[],"failureMessages":[],"fullName":"[6] listDeposits / listMyDeposits listDeposits filters by status=PENDING","invocations":1,"location":null,"numPassingAsserts":2,"retryReasons":[],"startAt":1785206614827,"status":"passed","title":"listDeposits filters by status=PENDING"},{"ancestorTitles":["[6] listDeposits / listMyDeposits"],"duration":485,"failing":false,"failureDetails":[],"failureMessages":[],"fullName":"[6] listDeposits / listMyDeposits listDeposits filters by status=APPROVED","invocations":1,"location":null,"numPassingAsserts":2,"retryReasons":[],"startAt":1785206615454,"status":"passed","title":"listDeposits filters by status=APPROVED"},{"ancestorTitles":["[6] listDeposits / listMyDeposits"],"duration":435,"failing":false,"failureDetails":[],"failureMessages":[],"fullName":"[6] listDeposits / listMyDeposits listMyDeposits returns only the requesting user deposits","invocations":1,"location":null,"numPassingAsserts":4,"retryReasons":[],"startAt":1785206615939,"status":"passed","title":"listMyDeposits returns only the requesting user deposits"},{"ancestorTitles":["[6] listDeposits / listMyDeposits"],"duration":462,"failing":false,"failureDetails":[],"failureMessages":[],"fullName":"[6] listDeposits / listMyDeposits listDeposits paginates correctly","invocations":1,"location":null,"numPassingAsserts":4,"retryReasons":[],"startAt":1785206616375,"status":"passed","title":"listDeposits paginates correctly"},{"ancestorTitles":["[7] getDepositById"],"duration":231,"failing":false,"failureDetails":[],"failureMessages":[],"fullName":"[7] getDepositById returns the correct deposit when called without userId restriction","invocations":1,"location":null,"numPassingAsserts":1,"retryReasons":[],"startAt":1785206616838,"status":"passed","title":"returns the correct deposit when called without userId restriction"},{"ancestorTitles":["[7] getDepositById"],"duration":184,"failing":false,"failureDetails":[],"failureMessages":[],"fullName":"[7] getDepositById returns the deposit when requestingUserId matches","invocations":1,"location":null,"numPassingAsserts":1,"retryReasons":[],"startAt":1785206617074,"status":"passed","title":"returns the deposit when requestingUserId matches"},{"ancestorTitles":["[7] getDepositById"],"duration":265,"failing":false,"failureDetails":[],"failureMessages":[],"fullName":"[7] getDepositById throws AuthorizationError when requestingUserId does not match","invocations":1,"location":null,"numPassingAsserts":1,"retryReasons":[],"startAt":1785206617264,"status":"passed","title":"throws AuthorizationError when requestingUserId does not match"},{"ancestorTitles":["[7] getDepositById"],"duration":157,"failing":false,"failureDetails":[],"failureMessages":[],"fullName":"[7] getDepositById throws NotFoundError for a non-existent deposit ID","invocations":1,"location":null,"numPassingAsserts":1,"retryReasons":[],"startAt":1785206617530,"status":"passed","title":"throws NotFoundError for a non-existent deposit ID"},{"ancestorTitles":["[8] Audit log correctness"],"duration":285,"failing":false,"failureDetails":[],"failureMessages":[],"fullName":"[8] Audit log correctness DEPOSIT_REQUESTED log does not contain sensitive token fields","invocations":1,"location":null,"numPassingAsserts":3,"retryReasons":[],"startAt":1785206617688,"status":"passed","title":"DEPOSIT_REQUESTED log does not contain sensitive token fields"},{"ancestorTitles":["[8] Audit log correctness"],"duration":317,"failing":false,"failureDetails":[],"failureMessages":[],"fullName":"[8] Audit log correctness DEPOSIT_REQUESTED log entityId matches the deposit _id","invocations":1,"location":null,"numPassingAsserts":1,"retryReasons":[],"startAt":1785206617974,"status":"passed","title":"DEPOSIT_REQUESTED log entityId matches the deposit _id"},{"ancestorTitles":["[8] Audit log correctness"],"duration":423,"failing":false,"failureDetails":[],"failureMessages":[],"fullName":"[8] Audit log correctness DEPOSIT_APPROVED log records finalAmount in metadata","invocations":1,"location":null,"numPassingAsserts":2,"retryReasons":[],"startAt":1785206618291,"status":"passed","title":"DEPOSIT_APPROVED log records finalAmount in metadata"},{"ancestorTitles":["[8] Audit log correctness"],"duration":334,"failing":false,"failureDetails":[],"failureMessages":[],"fullName":"[8] Audit log correctness DEPOSIT_REJECTED log records the admin reviewer","invocations":1,"location":null,"numPassingAsserts":2,"retryReasons":[],"startAt":1785206618714,"status":"passed","title":"DEPOSIT_REJECTED log records the admin reviewer"},{"ancestorTitles":["[8] Audit log correctness"],"duration":334,"failing":false,"failureDetails":[],"failureMessages":[],"fullName":"[8] Audit log correctness no DEPOSIT_APPROVED or WALLET_CREDIT logs when approval fails","invocations":1,"location":null,"numPassingAsserts":3,"retryReasons":[],"startAt":1785206619049,"status":"passed","title":"no DEPOSIT_APPROVED or WALLET_CREDIT logs when approval fails"}],"endTime":1785206619506,"message":"","name":"D:\\projects\\Kareem\\Kanz Coins\\Backend\\src\\tests\\deposit.test.js","startTime":1785206594113,"status":"passed","summary":""},{"assertionResults":[{"ancestorTitles":["[1] Provider Model"],"duration":212,"failing":false,"failureDetails":[],"failureMessages":[],"fullName":"[1] Provider Model creates a valid provider with all required fields","invocations":1,"location":null,"numPassingAsserts":3,"retryReasons":[],"startAt":1785206629993,"status":"passed","title":"creates a valid provider with all required fields"},{"ancestorTitles":["[1] Provider Model"],"duration":69,"failing":false,"failureDetails":[],"failureMessages":[],"fullName":"[1] Provider Model rejects when name is missing","invocations":1,"location":null,"numPassingAsserts":1,"retryReasons":[],"startAt":1785206630206,"status":"passed","title":"rejects when name is missing"},{"ancestorTitles":["[1] Provider Model"],"duration":47,"failing":false,"failureDetails":[],"failureMessages":[],"fullName":"[1] Provider Model rejects when baseUrl is missing","invocations":1,"location":null,"numPassingAsserts":1,"retryReasons":[],"startAt":1785206630275,"status":"passed","title":"rejects when baseUrl is missing"},{"ancestorTitles":["[1] Provider Model"],"duration":103,"failing":false,"failureDetails":[],"failureMessages":[],"fullName":"[1] Provider Model enforces unique provider name","invocations":1,"location":null,"numPassingAsserts":1,"retryReasons":[],"startAt":1785206630323,"status":"passed","title":"enforces unique provider name"},{"ancestorTitles":["[1] Provider Model"],"duration":60,"failing":false,"failureDetails":[],"failureMessages":[],"fullName":"[1] Provider Model rejects negative syncInterval","invocations":1,"location":null,"numPassingAsserts":1,"retryReasons":[],"startAt":1785206630426,"status":"passed","title":"rejects negative syncInterval"},{"ancestorTitles":["[1] Provider Model"],"duration":55,"failing":false,"failureDetails":[],"failureMessages":[],"fullName":"[1] Provider Model defaults isActive to true","invocations":1,"location":null,"numPassingAsserts":1,"retryReasons":[],"startAt":1785206630487,"status":"passed","title":"defaults isActive to true"},{"ancestorTitles":["[2] ProviderProduct Model"],"duration":101,"failing":false,"failureDetails":[],"failureMessages":[],"fullName":"[2] ProviderProduct Model creates a valid ProviderProduct","invocations":1,"location":null,"numPassingAsserts":3,"retryReasons":[],"startAt":1785206630542,"status":"passed","title":"creates a valid ProviderProduct"},{"ancestorTitles":["[2] ProviderProduct Model"],"duration":64,"failing":false,"failureDetails":[],"failureMessages":[],"fullName":"[2] ProviderProduct Model rejects when provider is missing","invocations":1,"location":null,"numPassingAsserts":1,"retryReasons":[],"startAt":1785206630644,"status":"passed","title":"rejects when provider is missing"},{"ancestorTitles":["[2] ProviderProduct Model"],"duration":62,"failing":false,"failureDetails":[],"failureMessages":[],"fullName":"[2] ProviderProduct Model rejects when externalProductId is missing","invocations":1,"location":null,"numPassingAsserts":1,"retryReasons":[],"startAt":1785206630709,"status":"passed","title":"rejects when externalProductId is missing"},{"ancestorTitles":["[2] ProviderProduct Model"],"duration":63,"failing":false,"failureDetails":[],"failureMessages":[],"fullName":"[2] ProviderProduct Model rejects when rawName is missing","invocations":1,"location":null,"numPassingAsserts":1,"retryReasons":[],"startAt":1785206630772,"status":"passed","title":"rejects when rawName is missing"},{"ancestorTitles":["[2] ProviderProduct Model"],"duration":47,"failing":false,"failureDetails":[],"failureMessages":[],"fullName":"[2] ProviderProduct Model rejects when rawPrice is missing","invocations":1,"location":null,"numPassingAsserts":1,"retryReasons":[],"startAt":1785206630835,"status":"passed","title":"rejects when rawPrice is missing"},{"ancestorTitles":["[2] ProviderProduct Model"],"duration":64,"failing":false,"failureDetails":[],"failureMessages":[],"fullName":"[2] ProviderProduct Model enforces unique (provider, externalProductId)","invocations":1,"location":null,"numPassingAsserts":1,"retryReasons":[],"startAt":1785206630883,"status":"passed","title":"enforces unique (provider, externalProductId)"},{"ancestorTitles":["[2] ProviderProduct Model"],"duration":121,"failing":false,"failureDetails":[],"failureMessages":[],"fullName":"[2] ProviderProduct Model same externalProductId allowed for DIFFERENT providers","invocations":1,"location":null,"numPassingAsserts":1,"retryReasons":[],"startAt":1785206630947,"status":"passed","title":"same externalProductId allowed for DIFFERENT providers"},{"ancestorTitles":["[2] ProviderProduct Model"],"duration":78,"failing":false,"failureDetails":[],"failureMessages":[],"fullName":"[2] ProviderProduct Model defaults lastSyncedAt to null","invocations":1,"location":null,"numPassingAsserts":1,"retryReasons":[],"startAt":1785206631068,"status":"passed","title":"defaults lastSyncedAt to null"},{"ancestorTitles":["[3] Adapter Layer"],"duration":84,"failing":false,"failureDetails":[],"failureMessages":[],"fullName":"[3] Adapter Layer BaseProviderAdapter cannot be instantiated directly","invocations":1,"location":null,"numPassingAsserts":1,"retryReasons":[],"startAt":1785206631147,"status":"passed","title":"BaseProviderAdapter cannot be instantiated directly"},{"ancestorTitles":["[3] Adapter Layer"],"duration":50,"failing":false,"failureDetails":[],"failureMessages":[],"fullName":"[3] Adapter Layer MockProviderAdapter returns valid DTOs (default sample)","invocations":1,"location":null,"numPassingAsserts":13,"retryReasons":[],"startAt":1785206631231,"status":"passed","title":"MockProviderAdapter returns valid DTOs (default sample)"},{"ancestorTitles":["[3] Adapter Layer"],"duration":42,"failing":false,"failureDetails":[],"failureMessages":[],"fullName":"[3] Adapter Layer MockProviderAdapter returns custom injected products","invocations":1,"location":null,"numPassingAsserts":3,"retryReasons":[],"startAt":1785206631282,"status":"passed","title":"MockProviderAdapter returns custom injected products"},{"ancestorTitles":["[3] Adapter Layer"],"duration":46,"failing":false,"failureDetails":[],"failureMessages":[],"fullName":"[3] Adapter Layer MockProviderAdapter propagates injected error","invocations":1,"location":null,"numPassingAsserts":1,"retryReasons":[],"startAt":1785206631324,"status":"passed","title":"MockProviderAdapter propagates injected error"},{"ancestorTitles":["[3] Adapter Layer"],"duration":38,"failing":false,"failureDetails":[],"failureMessages":[],"fullName":"[3] Adapter Layer AdapterFactory returns MockProviderAdapter for unregistered provider name","invocations":1,"location":null,"numPassingAsserts":1,"retryReasons":[],"startAt":1785206631371,"status":"passed","title":"AdapterFactory returns MockProviderAdapter for unregistered provider name"},{"ancestorTitles":["[3] Adapter Layer"],"duration":46,"failing":false,"failureDetails":[],"failureMessages":[],"fullName":"[3] Adapter Layer AdapterFactory resolves mock key correctly","invocations":1,"location":null,"numPassingAsserts":1,"retryReasons":[],"startAt":1785206631409,"status":"passed","title":"AdapterFactory resolves mock key correctly"},{"ancestorTitles":["[3] Adapter Layer"],"duration":38,"failing":false,"failureDetails":[],"failureMessages":[],"fullName":"[3] Adapter Layer registerAdapter allows runtime registration of custom adapter","invocations":1,"location":null,"numPassingAsserts":2,"retryReasons":[],"startAt":1785206631455,"status":"passed","title":"registerAdapter allows runtime registration of custom adapter"},{"ancestorTitles":["[3] Adapter Layer"],"duration":40,"failing":false,"failureDetails":[],"failureMessages":[],"fullName":"[3] Adapter Layer BaseProviderAdapter._validateDTO rejects missing externalProductId","invocations":1,"location":null,"numPassingAsserts":1,"retryReasons":[],"startAt":1785206631494,"status":"passed","title":"BaseProviderAdapter._validateDTO rejects missing externalProductId"},{"ancestorTitles":["[3] Adapter Layer"],"duration":42,"failing":false,"failureDetails":[],"failureMessages":[],"fullName":"[3] Adapter Layer BaseProviderAdapter._validateDTO rejects negative rawPrice","invocations":1,"location":null,"numPassingAsserts":1,"retryReasons":[],"startAt":1785206631535,"status":"passed","title":"BaseProviderAdapter._validateDTO rejects negative rawPrice"},{"ancestorTitles":["[4] Sync Engine — syncProvider()"],"duration":122,"failing":false,"failureDetails":[],"failureMessages":[],"fullName":"[4] Sync Engine — syncProvider() creates ProviderProducts on first sync","invocations":1,"location":null,"numPassingAsserts":2,"retryReasons":[],"startAt":1785206631578,"status":"passed","title":"creates ProviderProducts on first sync"},{"ancestorTitles":["[4] Sync Engine — syncProvider()"],"duration":166,"failing":false,"failureDetails":[],"failureMessages":[],"fullName":"[4] Sync Engine — syncProvider() is idempotent: second sync with same data does not create duplicates","invocations":1,"location":null,"numPassingAsserts":1,"retryReasons":[],"startAt":1785206631700,"status":"passed","title":"is idempotent: second sync with same data does not create duplicates"},{"ancestorTitles":["[4] Sync Engine — syncProvider()"],"duration":157,"failing":false,"failureDetails":[],"failureMessages":[],"fullName":"[4] Sync Engine — syncProvider() updates rawPrice, minQty, maxQty, isActive on resync","invocations":1,"location":null,"numPassingAsserts":5,"retryReasons":[],"startAt":1785206631866,"status":"passed","title":"updates rawPrice, minQty, maxQty, isActive on resync"},{"ancestorTitles":["[4] Sync Engine — syncProvider()"],"duration":173,"failing":false,"failureDetails":[],"failureMessages":[],"fullName":"[4] Sync Engine — syncProvider() updates lastSyncedAt on each sync","invocations":1,"location":null,"numPassingAsserts":1,"retryReasons":[],"startAt":1785206632023,"status":"passed","title":"updates lastSyncedAt on each sync"},{"ancestorTitles":["[4] Sync Engine — syncProvider()"],"duration":158,"failing":false,"failureDetails":[],"failureMessages":[],"fullName":"[4] Sync Engine — syncProvider() returns correct counts","invocations":1,"location":null,"numPassingAsserts":2,"retryReasons":[],"startAt":1785206632196,"status":"passed","title":"returns correct counts"},{"ancestorTitles":["[4] Sync Engine — syncProvider()"],"duration":81,"failing":false,"failureDetails":[],"failureMessages":[],"fullName":"[4] Sync Engine — syncProvider() throws NotFoundError for non-existent providerId","invocations":1,"location":null,"numPassingAsserts":1,"retryReasons":[],"startAt":1785206632355,"status":"passed","title":"throws NotFoundError for non-existent providerId"},{"ancestorTitles":["[4] Sync Engine — syncProvider()"],"duration":78,"failing":false,"failureDetails":[],"failureMessages":[],"fullName":"[4] Sync Engine — syncProvider() throws BusinessRuleError for inactive provider","invocations":1,"location":null,"numPassingAsserts":1,"retryReasons":[],"startAt":1785206632436,"status":"passed","title":"throws BusinessRuleError for inactive provider"},{"ancestorTitles":["[4] Sync Engine — syncProvider()"],"duration":66,"failing":false,"failureDetails":[],"failureMessages":[],"fullName":"[4] Sync Engine — syncProvider() propagates adapter error","invocations":1,"location":null,"numPassingAsserts":1,"retryReasons":[],"startAt":1785206632514,"status":"passed","title":"propagates adapter error"},{"ancestorTitles":["[4] Sync Engine — syncProvider()"],"duration":134,"failing":false,"failureDetails":[],"failureMessages":[],"fullName":"[4] Sync Engine — syncProvider() rawPayload is preserved (stored verbatim)","invocations":1,"location":null,"numPassingAsserts":2,"retryReasons":[],"startAt":1785206632581,"status":"passed","title":"rawPayload is preserved (stored verbatim)"},{"ancestorTitles":["[5] Price Sync Logic"],"duration":260,"failing":false,"failureDetails":[],"failureMessages":[],"fullName":"[5] Price Sync Logic \"sync\" mode Product.basePrice auto-updates when rawPrice changes","invocations":1,"location":null,"numPassingAsserts":2,"retryReasons":[],"startAt":1785206632715,"status":"passed","title":"\"sync\" mode Product.basePrice auto-updates when rawPrice changes"},{"ancestorTitles":["[5] Price Sync Logic"],"duration":250,"failing":false,"failureDetails":[],"failureMessages":[],"fullName":"[5] Price Sync Logic \"manual\" mode Product.basePrice NOT updated when rawPrice changes","invocations":1,"location":null,"numPassingAsserts":2,"retryReasons":[],"startAt":1785206632975,"status":"passed","title":"\"manual\" mode Product.basePrice NOT updated when rawPrice changes"},{"ancestorTitles":["[5] Price Sync Logic"],"duration":950,"failing":false,"failureDetails":[],"failureMessages":[],"fullName":"[5] Price Sync Logic multiple \"sync\" mode Products all receive the updated price","invocations":1,"location":null,"numPassingAsserts":2,"retryReasons":[],"startAt":1785206633225,"status":"passed","title":"multiple \"sync\" mode Products all receive the updated price"},{"ancestorTitles":["[5] Price Sync Logic"],"duration":637,"failing":false,"failureDetails":[],"failureMessages":[],"fullName":"[5] Price Sync Logic recalcSyncPrices immediately aligns price without a full sync","invocations":1,"location":null,"numPassingAsserts":2,"retryReasons":[],"startAt":1785206634176,"status":"passed","title":"recalcSyncPrices immediately aligns price without a full sync"},{"ancestorTitles":["[5] Price Sync Logic"],"duration":262,"failing":false,"failureDetails":[],"failureMessages":[],"fullName":"[5] Price Sync Logic pricesSynced count reflects actual Product.basePrice modifications","invocations":1,"location":null,"numPassingAsserts":1,"retryReasons":[],"startAt":1785206634813,"status":"passed","title":"pricesSynced count reflects actual Product.basePrice modifications"},{"ancestorTitles":["[5] Price Sync Logic"],"duration":290,"failing":false,"failureDetails":[],"failureMessages":[],"fullName":"[5] Price Sync Logic pricesSynced count is correct even when rawPrice value is unchanged","invocations":1,"location":null,"numPassingAsserts":3,"retryReasons":[],"startAt":1785206635075,"status":"passed","title":"pricesSynced count is correct even when rawPrice value is unchanged"},{"ancestorTitles":["[6] Admin Publish Flow"],"duration":216,"failing":false,"failureDetails":[],"failureMessages":[],"fullName":"[6] Admin Publish Flow publishProduct creates a public Product linked to ProviderProduct","invocations":1,"location":null,"numPassingAsserts":5,"retryReasons":[],"startAt":1785206635365,"status":"passed","title":"publishProduct creates a public Product linked to ProviderProduct"},{"ancestorTitles":["[6] Admin Publish Flow"],"duration":221,"failing":false,"failureDetails":[],"failureMessages":[],"fullName":"[6] Admin Publish Flow throws ConflictError when publishing the same ProviderProduct twice","invocations":1,"location":null,"numPassingAsserts":1,"retryReasons":[],"startAt":1785206635582,"status":"passed","title":"throws ConflictError when publishing the same ProviderProduct twice"},{"ancestorTitles":["[6] Admin Publish Flow"],"duration":220,"failing":false,"failureDetails":[],"failureMessages":[],"fullName":"[6] Admin Publish Flow pricingMode=sync sets basePrice to rawPrice at publish time (ignores admin input)","invocations":1,"location":null,"numPassingAsserts":1,"retryReasons":[],"startAt":1785206635803,"status":"passed","title":"pricingMode=sync sets basePrice to rawPrice at publish time (ignores admin input)"},{"ancestorTitles":["[6] Admin Publish Flow"],"duration":235,"failing":false,"failureDetails":[],"failureMessages":[],"fullName":"[6] Admin Publish Flow pricingMode=manual uses the admin-supplied basePrice","invocations":1,"location":null,"numPassingAsserts":1,"retryReasons":[],"startAt":1785206636023,"status":"passed","title":"pricingMode=manual uses the admin-supplied basePrice"},{"ancestorTitles":["[6] Admin Publish Flow"],"duration":205,"failing":false,"failureDetails":[],"failureMessages":[],"fullName":"[6] Admin Publish Flow publishProduct pre-fills minQty/maxQty from raw data when not overridden","invocations":1,"location":null,"numPassingAsserts":2,"retryReasons":[],"startAt":1785206636258,"status":"passed","title":"publishProduct pre-fills minQty/maxQty from raw data when not overridden"},{"ancestorTitles":["[6] Admin Publish Flow"],"duration":237,"failing":false,"failureDetails":[],"failureMessages":[],"fullName":"[6] Admin Publish Flow update: manual→sync transition snaps basePrice to current rawPrice","invocations":1,"location":null,"numPassingAsserts":3,"retryReasons":[],"startAt":1785206636464,"status":"passed","title":"update: manual→sync transition snaps basePrice to current rawPrice"},{"ancestorTitles":["[6] Admin Publish Flow"],"duration":257,"failing":false,"failureDetails":[],"failureMessages":[],"fullName":"[6] Admin Publish Flow update: sync→manual allows admin to set a free price","invocations":1,"location":null,"numPassingAsserts":2,"retryReasons":[],"startAt":1785206636701,"status":"passed","title":"update: sync→manual allows admin to set a free price"},{"ancestorTitles":["[6] Admin Publish Flow"],"duration":182,"failing":false,"failureDetails":[],"failureMessages":[],"fullName":"[6] Admin Publish Flow publishProduct throws BusinessRuleError when provider is inactive","invocations":1,"location":null,"numPassingAsserts":1,"retryReasons":[],"startAt":1785206636958,"status":"passed","title":"publishProduct throws BusinessRuleError when provider is inactive"},{"ancestorTitles":["[6] Admin Publish Flow"],"duration":143,"failing":false,"failureDetails":[],"failureMessages":[],"fullName":"[6] Admin Publish Flow throws NotFoundError for non-existent ProviderProduct","invocations":1,"location":null,"numPassingAsserts":1,"retryReasons":[],"startAt":1785206637141,"status":"passed","title":"throws NotFoundError for non-existent ProviderProduct"},{"ancestorTitles":["[7] Order Price Isolation"],"duration":453,"failing":false,"failureDetails":[],"failureMessages":[],"fullName":"[7] Order Price Isolation order uses Product.basePrice (not ProviderProduct.rawPrice)","invocations":1,"location":null,"numPassingAsserts":2,"retryReasons":[],"startAt":1785206637284,"status":"passed","title":"order uses Product.basePrice (not ProviderProduct.rawPrice)"},{"ancestorTitles":["[7] Order Price Isolation"],"duration":506,"failing":false,"failureDetails":[],"failureMessages":[],"fullName":"[7] Order Price Isolation \"manual\" pricingMode: changing rawPrice does NOT affect Product.basePrice","invocations":1,"location":null,"numPassingAsserts":1,"retryReasons":[],"startAt":1785206637738,"status":"passed","title":"\"manual\" pricingMode: changing rawPrice does NOT affect Product.basePrice"},{"ancestorTitles":["[7] Order Price Isolation"],"duration":357,"failing":false,"failureDetails":[],"failureMessages":[],"fullName":"[7] Order Price Isolation \"sync\" pricingMode: changing rawPrice DOES update Product.basePrice","invocations":1,"location":null,"numPassingAsserts":1,"retryReasons":[],"startAt":1785206638244,"status":"passed","title":"\"sync\" pricingMode: changing rawPrice DOES update Product.basePrice"},{"ancestorTitles":["[7] Order Price Isolation"],"duration":443,"failing":false,"failureDetails":[],"failureMessages":[],"fullName":"[7] Order Price Isolation existing order price snapshots are immutable even when rawPrice changes","invocations":1,"location":null,"numPassingAsserts":4,"retryReasons":[],"startAt":1785206638601,"status":"passed","title":"existing order price snapshots are immutable even when rawPrice changes"},{"ancestorTitles":["[8] syncAllProviders"],"duration":264,"failing":false,"failureDetails":[],"failureMessages":[],"fullName":"[8] syncAllProviders processes all active providers","invocations":1,"location":null,"numPassingAsserts":3,"retryReasons":[],"startAt":1785206639044,"status":"passed","title":"processes all active providers"},{"ancestorTitles":["[8] syncAllProviders"],"duration":88,"failing":false,"failureDetails":[],"failureMessages":[],"fullName":"[8] syncAllProviders skips inactive providers","invocations":1,"location":null,"numPassingAsserts":1,"retryReasons":[],"startAt":1785206639308,"status":"passed","title":"skips inactive providers"},{"ancestorTitles":["[8] syncAllProviders"],"duration":211,"failing":false,"failureDetails":[],"failureMessages":[],"fullName":"[8] syncAllProviders collects failures without aborting the loop","invocations":1,"location":null,"numPassingAsserts":1,"retryReasons":[],"startAt":1785206639396,"status":"passed","title":"collects failures without aborting the loop"},{"ancestorTitles":["[9] Safe Provider Deletion"],"duration":249,"failing":false,"failureDetails":[],"failureMessages":[],"fullName":"[9] Safe Provider Deletion detaches linked products, converts them to manual, then deletes the provider","invocations":1,"location":null,"numPassingAsserts":7,"retryReasons":[],"startAt":1785206639608,"status":"passed","title":"detaches linked products, converts them to manual, then deletes the provider"},{"ancestorTitles":["[9] Safe Provider Deletion"],"duration":88,"failing":false,"failureDetails":[],"failureMessages":[],"fullName":"[9] Safe Provider Deletion throws NotFoundError when deleting a non-existent provider","invocations":1,"location":null,"numPassingAsserts":1,"retryReasons":[],"startAt":1785206639858,"status":"passed","title":"throws NotFoundError when deleting a non-existent provider"}],"endTime":1785206640069,"message":"","name":"D:\\projects\\Kareem\\Kanz Coins\\Backend\\src\\tests\\provider.test.js","startTime":1785206619579,"status":"passed","summary":""},{"assertionResults":[{"ancestorTitles":["Client compatibility API authentication and profile"],"duration":747,"failing":false,"failureDetails":[],"failureMessages":[],"fullName":"Client compatibility API authentication and profile returns compatibility auth error codes","invocations":1,"location":null,"numPassingAsserts":8,"retryReasons":[],"startAt":1785206649459,"status":"passed","title":"returns compatibility auth error codes"},{"ancestorTitles":["Client compatibility API authentication and profile"],"duration":275,"failing":false,"failureDetails":[],"failureMessages":[],"fullName":"Client compatibility API authentication and profile accepts supported token headers and returns flat profile shape","invocations":1,"location":null,"numPassingAsserts":8,"retryReasons":[],"startAt":1785206650209,"status":"passed","title":"accepts supported token headers and returns flat profile shape"},{"ancestorTitles":["Client compatibility API products and content"],"duration":562,"failing":false,"failureDetails":[],"failureMessages":[],"fullName":"Client compatibility API products and content lists, filters, and minimizes products with numeric compatibility IDs","invocations":1,"location":null,"numPassingAsserts":164,"retryReasons":[],"startAt":1785206650485,"status":"passed","title":"lists, filters, and minimizes products with numeric compatibility IDs"},{"ancestorTitles":["Client compatibility API products and content"],"duration":418,"failing":false,"failureDetails":[],"failureMessages":[],"fullName":"Client compatibility API products and content returns root and category content without exposing legacy /api/client behavior","invocations":1,"location":null,"numPassingAsserts":10,"retryReasons":[],"startAt":1785206651048,"status":"passed","title":"returns root and category content without exposing legacy /api/client behavior"},{"ancestorTitles":["Client compatibility API products and content"],"duration":113,"failing":false,"failureDetails":[],"failureMessages":[],"fullName":"Client compatibility API products and content mapper keeps fixed quantity lists and adds list aliases","invocations":1,"location":null,"numPassingAsserts":7,"retryReasons":[],"startAt":1785206651466,"status":"passed","title":"mapper keeps fixed quantity lists and adds list aliases"},{"ancestorTitles":["Client compatibility API products and content"],"duration":64,"failing":false,"failureDetails":[],"failureMessages":[],"fullName":"Client compatibility API products and content mapper keeps minimal product price aliases numeric and finite","invocations":1,"location":null,"numPassingAsserts":37,"retryReasons":[],"startAt":1785206651579,"status":"passed","title":"mapper keeps minimal product price aliases numeric and finite"},{"ancestorTitles":["Client compatibility API orders"],"duration":484,"failing":false,"failureDetails":[],"failureMessages":[],"fullName":"Client compatibility API orders creates orders through GET and idempotent retries do not double debit","invocations":1,"location":null,"numPassingAsserts":13,"retryReasons":[],"startAt":1785206651643,"status":"passed","title":"creates orders through GET and idempotent retries do not double debit"},{"ancestorTitles":["Client compatibility API orders"],"duration":476,"failing":false,"failureDetails":[],"failureMessages":[],"fullName":"Client compatibility API orders maps Arabic display target key to player_id and ignores reseller metadata","invocations":1,"location":null,"numPassingAsserts":7,"retryReasons":[],"startAt":1785206652127,"status":"passed","title":"maps Arabic display target key to player_id and ignores reseller metadata"},{"ancestorTitles":["Client compatibility API orders"],"duration":455,"failing":false,"failureDetails":[],"failureMessages":[],"fullName":"Client compatibility API orders maps Arabic معرف المستخدم display key to the real product field key","invocations":1,"location":null,"numPassingAsserts":4,"retryReasons":[],"startAt":1785206652604,"status":"passed","title":"maps Arabic معرف المستخدم display key to the real product field key"},{"ancestorTitles":["Client compatibility API orders"],"duration":415,"failing":false,"failureDetails":[],"failureMessages":[],"fullName":"Client compatibility API orders maps English display target key to the real product field key","invocations":1,"location":null,"numPassingAsserts":3,"retryReasons":[],"startAt":1785206653060,"status":"passed","title":"maps English display target key to the real product field key"},{"ancestorTitles":["Client compatibility API orders"],"duration":606,"failing":false,"failureDetails":[],"failureMessages":[],"fullName":"Client compatibility API orders falls back Arabic display target key to playerId when product has no formal fields","invocations":1,"location":null,"numPassingAsserts":7,"retryReasons":[],"startAt":1785206653475,"status":"passed","title":"falls back Arabic display target key to playerId when product has no formal fields"},{"ancestorTitles":["Client compatibility API orders"],"duration":1130,"failing":false,"failureDetails":[],"failureMessages":[],"fullName":"Client compatibility API orders maps order creation validation failures to compatibility codes","invocations":1,"location":null,"numPassingAsserts":14,"retryReasons":[],"startAt":1785206654081,"status":"passed","title":"maps order creation validation failures to compatibility codes"},{"ancestorTitles":["Client compatibility API orders"],"duration":561,"failing":false,"failureDetails":[],"failureMessages":[],"fullName":"Client compatibility API orders batch checks by compat order ID and order_uuid while enforcing ownership","invocations":1,"location":null,"numPassingAsserts":12,"retryReasons":[],"startAt":1785206655211,"status":"passed","title":"batch checks by compat order ID and order_uuid while enforcing ownership"}],"endTime":1785206655920,"message":"","name":"D:\\projects\\Kareem\\Kanz Coins\\Backend\\src\\tests\\clientCompat.test.js","startTime":1785206640105,"status":"passed","summary":""},{"assertionResults":[{"ancestorTitles":["[1] Status Mapper"],"duration":233,"failing":false,"failureDetails":[],"failureMessages":[],"fullName":"[1] Status Mapper maps 'Completed' to COMPLETED","invocations":1,"location":null,"numPassingAsserts":1,"retryReasons":[],"startAt":1785206659906,"status":"passed","title":"maps 'Completed' to COMPLETED"},{"ancestorTitles":["[1] Status Mapper"],"duration":50,"failing":false,"failureDetails":[],"failureMessages":[],"fullName":"[1] Status Mapper maps 'Pending' to PROCESSING","invocations":1,"location":null,"numPassingAsserts":1,"retryReasons":[],"startAt":1785206660140,"status":"passed","title":"maps 'Pending' to PROCESSING"},{"ancestorTitles":["[1] Status Mapper"],"duration":50,"failing":false,"failureDetails":[],"failureMessages":[],"fullName":"[1] Status Mapper maps 'Cancelled' to CANCELED","invocations":1,"location":null,"numPassingAsserts":1,"retryReasons":[],"startAt":1785206660190,"status":"passed","title":"maps 'Cancelled' to CANCELED"},{"ancestorTitles":["[1] Status Mapper"],"duration":48,"failing":false,"failureDetails":[],"failureMessages":[],"fullName":"[1] Status Mapper is case-insensitive","invocations":1,"location":null,"numPassingAsserts":4,"retryReasons":[],"startAt":1785206660240,"status":"passed","title":"is case-insensitive"},{"ancestorTitles":["[1] Status Mapper"],"duration":79,"failing":false,"failureDetails":[],"failureMessages":[],"fullName":"[1] Status Mapper keeps unknown status in PROCESSING for safe retry","invocations":1,"location":null,"numPassingAsserts":1,"retryReasons":[],"startAt":1785206660288,"status":"passed","title":"keeps unknown status in PROCESSING for safe retry"},{"ancestorTitles":["[1] Status Mapper"],"duration":42,"failing":false,"failureDetails":[],"failureMessages":[],"fullName":"[1] Status Mapper isTerminal returns true for Completed and Cancelled","invocations":1,"location":null,"numPassingAsserts":3,"retryReasons":[],"startAt":1785206660367,"status":"passed","title":"isTerminal returns true for Completed and Cancelled"},{"ancestorTitles":["[1] Status Mapper"],"duration":56,"failing":false,"failureDetails":[],"failureMessages":[],"fullName":"[1] Status Mapper requiresRefund returns true only for Cancelled","invocations":1,"location":null,"numPassingAsserts":4,"retryReasons":[],"startAt":1785206660409,"status":"passed","title":"requiresRefund returns true only for Cancelled"},{"ancestorTitles":["[2] executeOrder -- provider cases"],"duration":318,"failing":false,"failureDetails":[],"failureMessages":[],"fullName":"[2] executeOrder -- provider cases Case A: success=true + Completed -> order COMPLETED, no refund","invocations":1,"location":null,"numPassingAsserts":3,"retryReasons":[],"startAt":1785206660465,"status":"passed","title":"Case A: success=true + Completed -> order COMPLETED, no refund"},{"ancestorTitles":["[2] executeOrder -- provider cases"],"duration":320,"failing":false,"failureDetails":[],"failureMessages":[],"fullName":"[2] executeOrder -- provider cases Case B: success=true + Pending -> stays PROCESSING, providerOrderId saved","invocations":1,"location":null,"numPassingAsserts":3,"retryReasons":[],"startAt":1785206660783,"status":"passed","title":"Case B: success=true + Pending -> stays PROCESSING, providerOrderId saved"},{"ancestorTitles":["[2] executeOrder -- provider cases"],"duration":397,"failing":false,"failureDetails":[],"failureMessages":[],"fullName":"[2] executeOrder -- provider cases Case C: success=true + Cancelled -> CANCELED + wallet refunded","invocations":1,"location":null,"numPassingAsserts":4,"retryReasons":[],"startAt":1785206661103,"status":"passed","title":"Case C: success=true + Cancelled -> CANCELED + wallet refunded"},{"ancestorTitles":["[2] executeOrder -- provider cases"],"duration":367,"failing":false,"failureDetails":[],"failureMessages":[],"fullName":"[2] executeOrder -- provider cases Case D: success=false -> FAILED + wallet refunded","invocations":1,"location":null,"numPassingAsserts":4,"retryReasons":[],"startAt":1785206661500,"status":"passed","title":"Case D: success=false -> FAILED + wallet refunded"},{"ancestorTitles":["[2] executeOrder -- provider cases"],"duration":391,"failing":false,"failureDetails":[],"failureMessages":[],"fullName":"[2] executeOrder -- provider cases provider placement failure never marks the order COMPLETED","invocations":1,"location":null,"numPassingAsserts":3,"retryReasons":[],"startAt":1785206661868,"status":"passed","title":"provider placement failure never marks the order COMPLETED"},{"ancestorTitles":["[2] executeOrder -- provider cases"],"duration":294,"failing":false,"failureDetails":[],"failureMessages":[],"fullName":"[2] executeOrder -- provider cases Guard: non-PROCESSING order -> executeOrder is a no-op","invocations":1,"location":null,"numPassingAsserts":3,"retryReasons":[],"startAt":1785206662261,"status":"passed","title":"Guard: non-PROCESSING order -> executeOrder is a no-op"},{"ancestorTitles":["[2] executeOrder -- provider cases"],"duration":272,"failing":false,"failureDetails":[],"failureMessages":[],"fullName":"[2] executeOrder -- provider cases Audit: PROVIDER_ORDER_PLACED log written on Case B","invocations":1,"location":null,"numPassingAsserts":2,"retryReasons":[],"startAt":1785206662555,"status":"passed","title":"Audit: PROVIDER_ORDER_PLACED log written on Case B"},{"ancestorTitles":["[2] executeOrder -- provider cases"],"duration":408,"failing":false,"failureDetails":[],"failureMessages":[],"fullName":"[2] executeOrder -- provider cases Audit: PROVIDER_ORDER_PLACE_FAILED log written on Case D","invocations":1,"location":null,"numPassingAsserts":1,"retryReasons":[],"startAt":1785206662828,"status":"passed","title":"Audit: PROVIDER_ORDER_PLACE_FAILED log written on Case D"},{"ancestorTitles":["[3] refundFailedOrder -- idempotency"],"duration":398,"failing":false,"failureDetails":[],"failureMessages":[],"fullName":"[3] refundFailedOrder -- idempotency first call credits wallet and sets refunded=true","invocations":1,"location":null,"numPassingAsserts":3,"retryReasons":[],"startAt":1785206663237,"status":"passed","title":"first call credits wallet and sets refunded=true"},{"ancestorTitles":["[3] refundFailedOrder -- idempotency"],"duration":323,"failing":false,"failureDetails":[],"failureMessages":[],"fullName":"[3] refundFailedOrder -- idempotency second call returns false (no double-credit)","invocations":1,"location":null,"numPassingAsserts":1,"retryReasons":[],"startAt":1785206663635,"status":"passed","title":"second call returns false (no double-credit)"},{"ancestorTitles":["[3] refundFailedOrder -- idempotency"],"duration":323,"failing":false,"failureDetails":[],"failureMessages":[],"fullName":"[3] refundFailedOrder -- idempotency creates exactly one REFUND WalletTransaction","invocations":1,"location":null,"numPassingAsserts":1,"retryReasons":[],"startAt":1785206663958,"status":"passed","title":"creates exactly one REFUND WalletTransaction"},{"ancestorTitles":["[4] processOrderStatusResult"],"duration":274,"failing":false,"failureDetails":[],"failureMessages":[],"fullName":"[4] processOrderStatusResult Completed -> order COMPLETED, no refund","invocations":1,"location":null,"numPassingAsserts":3,"retryReasons":[],"startAt":1785206664281,"status":"passed","title":"Completed -> order COMPLETED, no refund"},{"ancestorTitles":["[4] processOrderStatusResult"],"duration":660,"failing":false,"failureDetails":[],"failureMessages":[],"fullName":"[4] processOrderStatusResult Cancelled -> order CANCELED + wallet refunded","invocations":1,"location":null,"numPassingAsserts":3,"retryReasons":[],"startAt":1785206664555,"status":"passed","title":"Cancelled -> order CANCELED + wallet refunded"},{"ancestorTitles":["[4] processOrderStatusResult"],"duration":274,"failing":false,"failureDetails":[],"failureMessages":[],"fullName":"[4] processOrderStatusResult Pending (below limit) -> retryCount incremented, stays PROCESSING","invocations":1,"location":null,"numPassingAsserts":3,"retryReasons":[],"startAt":1785206665216,"status":"passed","title":"Pending (below limit) -> retryCount incremented, stays PROCESSING"},{"ancestorTitles":["[4] processOrderStatusResult"],"duration":305,"failing":false,"failureDetails":[],"failureMessages":[],"fullName":"[4] processOrderStatusResult Pending at retry limit (24) -> FAILED + refund","invocations":1,"location":null,"numPassingAsserts":3,"retryReasons":[],"startAt":1785206665490,"status":"passed","title":"Pending at retry limit (24) -> FAILED + refund"},{"ancestorTitles":["[4] processOrderStatusResult"],"duration":259,"failing":false,"failureDetails":[],"failureMessages":[],"fullName":"[4] processOrderStatusResult skips order that is not PROCESSING","invocations":1,"location":null,"numPassingAsserts":1,"retryReasons":[],"startAt":1785206665796,"status":"passed","title":"skips order that is not PROCESSING"},{"ancestorTitles":["[5] pollProcessingOrders -- cron batch"],"duration":542,"failing":false,"failureDetails":[],"failureMessages":[],"fullName":"[5] pollProcessingOrders -- cron batch processes all PROCESSING orders and returns correct stats","invocations":1,"location":null,"numPassingAsserts":6,"retryReasons":[],"startAt":1785206666056,"status":"passed","title":"processes all PROCESSING orders and returns correct stats"},{"ancestorTitles":["[5] pollProcessingOrders -- cron batch"],"duration":325,"failing":false,"failureDetails":[],"failureMessages":[],"fullName":"[5] pollProcessingOrders -- cron batch completed orders are NOT included in the next poll","invocations":1,"location":null,"numPassingAsserts":1,"retryReasons":[],"startAt":1785206666598,"status":"passed","title":"completed orders are NOT included in the next poll"},{"ancestorTitles":["[5] pollProcessingOrders -- cron batch"],"duration":181,"failing":false,"failureDetails":[],"failureMessages":[],"fullName":"[5] pollProcessingOrders -- cron batch returns zero stats when queue is empty","invocations":1,"location":null,"numPassingAsserts":4,"retryReasons":[],"startAt":1785206666924,"status":"passed","title":"returns zero stats when queue is empty"},{"ancestorTitles":["[5] pollProcessingOrders -- cron batch"],"duration":216,"failing":false,"failureDetails":[],"failureMessages":[],"fullName":"[5] pollProcessingOrders -- cron batch handles provider batch error gracefully - returns error in stats","invocations":1,"location":null,"numPassingAsserts":3,"retryReasons":[],"startAt":1785206667105,"status":"passed","title":"handles provider batch error gracefully - returns error in stats"},{"ancestorTitles":["[5] pollProcessingOrders -- cron batch"],"duration":303,"failing":false,"failureDetails":[],"failureMessages":[],"fullName":"[5] pollProcessingOrders -- cron batch order with no provider response stays PROCESSING","invocations":1,"location":null,"numPassingAsserts":1,"retryReasons":[],"startAt":1785206667322,"status":"passed","title":"order with no provider response stays PROCESSING"},{"ancestorTitles":["[6] createOrder -- AUTOMATIC executionType"],"duration":260,"failing":false,"failureDetails":[],"failureMessages":[],"fullName":"[6] createOrder -- AUTOMATIC executionType AUTOMATIC product with provider injected -> order status is PROCESSING","invocations":1,"location":null,"numPassingAsserts":2,"retryReasons":[],"startAt":1785206667625,"status":"passed","title":"AUTOMATIC product with provider injected -> order status is PROCESSING"},{"ancestorTitles":["[6] createOrder -- AUTOMATIC executionType"],"duration":315,"failing":false,"failureDetails":[],"failureMessages":[],"fullName":"[6] createOrder -- AUTOMATIC executionType AUTOMATIC product WITHOUT provider -> order starts PROCESSING","invocations":1,"location":null,"numPassingAsserts":1,"retryReasons":[],"startAt":1785206667886,"status":"passed","title":"AUTOMATIC product WITHOUT provider -> order starts PROCESSING"},{"ancestorTitles":["[6] createOrder -- AUTOMATIC executionType"],"duration":317,"failing":false,"failureDetails":[],"failureMessages":[],"fullName":"[6] createOrder -- AUTOMATIC executionType MANUAL product always stays PENDING regardless of provider","invocations":1,"location":null,"numPassingAsserts":2,"retryReasons":[],"startAt":1785206668201,"status":"passed","title":"MANUAL product always stays PENDING regardless of provider"},{"ancestorTitles":["[6] createOrder -- AUTOMATIC executionType"],"duration":309,"failing":false,"failureDetails":[],"failureMessages":[],"fullName":"[6] createOrder -- AUTOMATIC executionType wallet is correctly debited regardless of executionType","invocations":1,"location":null,"numPassingAsserts":2,"retryReasons":[],"startAt":1785206668518,"status":"passed","title":"wallet is correctly debited regardless of executionType"},{"ancestorTitles":["[6] createOrder -- AUTOMATIC executionType"],"duration":363,"failing":false,"failureDetails":[],"failureMessages":[],"fullName":"[6] createOrder -- AUTOMATIC executionType idempotency still works for AUTOMATIC orders","invocations":1,"location":null,"numPassingAsserts":4,"retryReasons":[],"startAt":1785206668827,"status":"passed","title":"idempotency still works for AUTOMATIC orders"}],"endTime":1785206669355,"message":"","name":"D:\\projects\\Kareem\\Kanz Coins\\Backend\\src\\tests\\fulfillment.test.js","startTime":1785206655976,"status":"passed","summary":""},{"assertionResults":[{"ancestorTitles":["Referral commission engine"],"duration":598,"failing":false,"failureDetails":[],"failureMessages":[],"fullName":"Referral commission engine creates one available commission when an eligible referred deposit is approved","invocations":1,"location":null,"numPassingAsserts":9,"retryReasons":[],"startAt":1785206672576,"status":"passed","title":"creates one available commission when an eligible referred deposit is approved"},{"ancestorTitles":["Referral commission engine"],"duration":373,"failing":false,"failureDetails":[],"failureMessages":[],"fullName":"Referral commission engine marks deposits from non-referred users as not applicable and creates no commission","invocations":1,"location":null,"numPassingAsserts":3,"retryReasons":[],"startAt":1785206673175,"status":"passed","title":"marks deposits from non-referred users as not applicable and creates no commission"},{"ancestorTitles":["Referral commission engine"],"duration":399,"failing":false,"failureDetails":[],"failureMessages":[],"fullName":"Referral commission engine does not create a commission after the 30-day eligibility window","invocations":1,"location":null,"numPassingAsserts":2,"retryReasons":[],"startAt":1785206673548,"status":"passed","title":"does not create a commission after the 30-day eligibility window"},{"ancestorTitles":["Referral commission engine"],"duration":452,"failing":false,"failureDetails":[],"failureMessages":[],"fullName":"Referral commission engine applies eligibility boundary as reviewedAt <= referralEligibleUntil","invocations":1,"location":null,"numPassingAsserts":3,"retryReasons":[],"startAt":1785206673948,"status":"passed","title":"applies eligibility boundary as reviewedAt <= referralEligibleUntil"},{"ancestorTitles":["Referral commission engine"],"duration":331,"failing":false,"failureDetails":[],"failureMessages":[],"fullName":"Referral commission engine treats referralCommissionStoppedAt equality as stopped","invocations":1,"location":null,"numPassingAsserts":3,"retryReasons":[],"startAt":1785206674401,"status":"passed","title":"treats referralCommissionStoppedAt equality as stopped"},{"ancestorTitles":["Referral commission engine"],"duration":305,"failing":false,"failureDetails":[],"failureMessages":[],"fullName":"Referral commission engine honors explicit zero percent override without creating a commission record","invocations":1,"location":null,"numPassingAsserts":3,"retryReasons":[],"startAt":1785206674732,"status":"passed","title":"honors explicit zero percent override without creating a commission record"},{"ancestorTitles":["Referral commission engine"],"duration":354,"failing":false,"failureDetails":[],"failureMessages":[],"fullName":"Referral commission engine preserves explicit zero percent variants and null falls back to default","invocations":1,"location":null,"numPassingAsserts":5,"retryReasons":[],"startAt":1785206675037,"status":"passed","title":"preserves explicit zero percent variants and null falls back to default"},{"ancestorTitles":["Referral commission engine"],"duration":352,"failing":false,"failureDetails":[],"failureMessages":[],"fullName":"Referral commission engine uses per-referrer positive override instead of the default percent","invocations":1,"location":null,"numPassingAsserts":2,"retryReasons":[],"startAt":1785206675392,"status":"passed","title":"uses per-referrer positive override instead of the default percent"},{"ancestorTitles":["Referral commission engine"],"duration":414,"failing":false,"failureDetails":[],"failureMessages":[],"fullName":"Referral commission engine converts commission through active platform rates into referrer wallet currency","invocations":1,"location":null,"numPassingAsserts":6,"retryReasons":[],"startAt":1785206675744,"status":"passed","title":"converts commission through active platform rates into referrer wallet currency"},{"ancestorTitles":["Referral commission engine"],"duration":171,"failing":false,"failureDetails":[],"failureMessages":[],"fullName":"Referral commission engine proves FX direction for EGP to USD and preserves same-currency snapshots","invocations":1,"location":null,"numPassingAsserts":6,"retryReasons":[],"startAt":1785206676158,"status":"passed","title":"proves FX direction for EGP to USD and preserves same-currency snapshots"},{"ancestorTitles":["Referral commission engine"],"duration":93,"failing":false,"failureDetails":[],"failureMessages":[],"fullName":"Referral commission engine keeps six-decimal precision for small and repeating-decimal commissions","invocations":1,"location":null,"numPassingAsserts":6,"retryReasons":[],"startAt":1785206676329,"status":"passed","title":"keeps six-decimal precision for small and repeating-decimal commissions"},{"ancestorTitles":["Referral commission engine"],"duration":283,"failing":false,"failureDetails":[],"failureMessages":[],"fullName":"Referral commission engine marks commission processing failed when the referrer currency has no active FX configuration","invocations":1,"location":null,"numPassingAsserts":4,"retryReasons":[],"startAt":1785206676422,"status":"passed","title":"marks commission processing failed when the referrer currency has no active FX configuration"},{"ancestorTitles":["Referral commission engine"],"duration":492,"failing":false,"failureDetails":[],"failureMessages":[],"fullName":"Referral commission engine reconciles failed FX processing after currency configuration is added without touching wallet balance","invocations":1,"location":null,"numPassingAsserts":9,"retryReasons":[],"startAt":1785206676706,"status":"passed","title":"reconciles failed FX processing after currency configuration is added without touching wallet balance"},{"ancestorTitles":["Referral commission engine"],"duration":496,"failing":false,"failureDetails":[],"failureMessages":[],"fullName":"Referral commission engine concurrent reconciliation attempts create only one commission and do not alter wallet balance","invocations":1,"location":null,"numPassingAsserts":2,"retryReasons":[],"startAt":1785206677198,"status":"passed","title":"concurrent reconciliation attempts create only one commission and do not alter wallet balance"},{"ancestorTitles":["Referral commission engine"],"duration":426,"failing":false,"failureDetails":[],"failureMessages":[],"fullName":"Referral commission engine reconciliation skips non-approved and deterministic non-commission deposits","invocations":1,"location":null,"numPassingAsserts":4,"retryReasons":[],"startAt":1785206677695,"status":"passed","title":"reconciliation skips non-approved and deterministic non-commission deposits"},{"ancestorTitles":["Referral commission engine"],"duration":409,"failing":false,"failureDetails":[],"failureMessages":[],"fullName":"Referral commission engine creates only one commission when two approval attempts race","invocations":1,"location":null,"numPassingAsserts":3,"retryReasons":[],"startAt":1785206678121,"status":"passed","title":"creates only one commission when two approval attempts race"},{"ancestorTitles":["Referral commission engine"],"duration":304,"failing":false,"failureDetails":[],"failureMessages":[],"fullName":"Referral commission engine approval and rejection attempted concurrently leave exactly one terminal state","invocations":1,"location":null,"numPassingAsserts":5,"retryReasons":[],"startAt":1785206678531,"status":"passed","title":"approval and rejection attempted concurrently leave exactly one terminal state"},{"ancestorTitles":["Referral commission engine"],"duration":340,"failing":false,"failureDetails":[],"failureMessages":[],"fullName":"Referral commission engine rolls back all financial writes when failures are injected before wallet update","invocations":1,"location":null,"numPassingAsserts":9,"retryReasons":[],"startAt":1785206678836,"status":"passed","title":"rolls back all financial writes when failures are injected before wallet update"},{"ancestorTitles":["Referral commission engine"],"duration":341,"failing":false,"failureDetails":[],"failureMessages":[],"fullName":"Referral commission engine rolls back all financial writes when failure occurs after wallet mutation before ledger","invocations":1,"location":null,"numPassingAsserts":9,"retryReasons":[],"startAt":1785206679176,"status":"passed","title":"rolls back all financial writes when failure occurs after wallet mutation before ledger"},{"ancestorTitles":["Referral commission engine"],"duration":363,"failing":false,"failureDetails":[],"failureMessages":[],"fullName":"Referral commission engine rolls back all financial writes when failure occurs after ledger before commission","invocations":1,"location":null,"numPassingAsserts":9,"retryReasons":[],"startAt":1785206679518,"status":"passed","title":"rolls back all financial writes when failure occurs after ledger before commission"},{"ancestorTitles":["Referral commission engine"],"duration":291,"failing":false,"failureDetails":[],"failureMessages":[],"fullName":"Referral commission engine rolls back all financial writes when failure occurs after commission creation before marker update","invocations":1,"location":null,"numPassingAsserts":9,"retryReasons":[],"startAt":1785206679882,"status":"passed","title":"rolls back all financial writes when failure occurs after commission creation before marker update"},{"ancestorTitles":["Referral commission engine"],"duration":322,"failing":false,"failureDetails":[],"failureMessages":[],"fullName":"Referral commission engine commits financial writes when post-commit notification fails","invocations":1,"location":null,"numPassingAsserts":5,"retryReasons":[],"startAt":1785206680173,"status":"passed","title":"commits financial writes when post-commit notification fails"},{"ancestorTitles":["Referral commission engine"],"duration":461,"failing":false,"failureDetails":[],"failureMessages":[],"fullName":"Referral commission engine handles duplicate commission creation as already existing with invariant validation","invocations":1,"location":null,"numPassingAsserts":3,"retryReasons":[],"startAt":1785206680495,"status":"passed","title":"handles duplicate commission creation as already existing with invariant validation"},{"ancestorTitles":["Referral commission engine"],"duration":348,"failing":false,"failureDetails":[],"failureMessages":[],"fullName":"Referral commission engine summarizes customer commissions by referrer currency","invocations":1,"location":null,"numPassingAsserts":2,"retryReasons":[],"startAt":1785206680956,"status":"passed","title":"summarizes customer commissions by referrer currency"},{"ancestorTitles":["Referral commission engine"],"duration":529,"failing":false,"failureDetails":[],"failureMessages":[],"fullName":"Referral commission engine lists only the authenticated referrer commissions and rejects invalid status filters","invocations":1,"location":null,"numPassingAsserts":4,"retryReasons":[],"startAt":1785206681305,"status":"passed","title":"lists only the authenticated referrer commissions and rejects invalid status filters"},{"ancestorTitles":["Referral commission engine"],"duration":262,"failing":false,"failureDetails":[],"failureMessages":[],"fullName":"Referral commission engine updates, clears, and validates admin referral commission overrides","invocations":1,"location":null,"numPassingAsserts":3,"retryReasons":[],"startAt":1785206681835,"status":"passed","title":"updates, clears, and validates admin referral commission overrides"},{"ancestorTitles":["Referral commission engine"],"duration":225,"failing":false,"failureDetails":[],"failureMessages":[],"fullName":"Referral commission engine backfills referral eligibility in dry-run and explicit write mode","invocations":1,"location":null,"numPassingAsserts":5,"retryReasons":[],"startAt":1785206682097,"status":"passed","title":"backfills referral eligibility in dry-run and explicit write mode"}],"endTime":1785206682441,"message":"","name":"D:\\projects\\Kareem\\Kanz Coins\\Backend\\src\\tests\\referralCommission.test.js","startTime":1785206669395,"status":"passed","summary":""},{"assertionResults":[{"ancestorTitles":["[1] pollPendingOrders — core mechanics"],"duration":399,"failing":false,"failureDetails":[],"failureMessages":[],"fullName":"[1] pollPendingOrders — core mechanics returns zero stats when no PROCESSING orders exist","invocations":1,"location":null,"numPassingAsserts":5,"retryReasons":[],"startAt":1785206684510,"status":"passed","title":"returns zero stats when no PROCESSING orders exist"},{"ancestorTitles":["[1] pollPendingOrders — core mechanics"],"duration":391,"failing":false,"failureDetails":[],"failureMessages":[],"fullName":"[1] pollPendingOrders — core mechanics finds and polls PROCESSING orders with providerOrderId","invocations":1,"location":null,"numPassingAsserts":2,"retryReasons":[],"startAt":1785206684910,"status":"passed","title":"finds and polls PROCESSING orders with providerOrderId"},{"ancestorTitles":["[1] pollPendingOrders — core mechanics"],"duration":335,"failing":false,"failureDetails":[],"failureMessages":[],"fullName":"[1] pollPendingOrders — core mechanics transitions a Completed order to ORDER_STATUS.COMPLETED","invocations":1,"location":null,"numPassingAsserts":4,"retryReasons":[],"startAt":1785206685302,"status":"passed","title":"transitions a Completed order to ORDER_STATUS.COMPLETED"},{"ancestorTitles":["[1] pollPendingOrders — core mechanics"],"duration":2089,"failing":false,"failureDetails":[],"failureMessages":[],"fullName":"[1] pollPendingOrders — core mechanics transitions a Cancelled order to ORDER_STATUS.CANCELED and refunds wallet","invocations":1,"location":null,"numPassingAsserts":5,"retryReasons":[],"startAt":1785206685638,"status":"passed","title":"transitions a Cancelled order to ORDER_STATUS.CANCELED and refunds wallet"},{"ancestorTitles":["[1] pollPendingOrders — core mechanics"],"duration":422,"failing":false,"failureDetails":[],"failureMessages":[],"fullName":"[1] pollPendingOrders — core mechanics leaves still-pending orders as PROCESSING with incremented retryCount","invocations":1,"location":null,"numPassingAsserts":4,"retryReasons":[],"startAt":1785206687731,"status":"passed","title":"leaves still-pending orders as PROCESSING with incremented retryCount"},{"ancestorTitles":["[1] pollPendingOrders — core mechanics"],"duration":281,"failing":false,"failureDetails":[],"failureMessages":[],"fullName":"[1] pollPendingOrders — core mechanics skips orders without providerOrderId (cannot poll)","invocations":1,"location":null,"numPassingAsserts":1,"retryReasons":[],"startAt":1785206688153,"status":"passed","title":"skips orders without providerOrderId (cannot poll)"},{"ancestorTitles":["[1] pollPendingOrders — core mechanics"],"duration":293,"failing":false,"failureDetails":[],"failureMessages":[],"fullName":"[1] pollPendingOrders — core mechanics does not update orders with non-PROCESSING status","invocations":1,"location":null,"numPassingAsserts":1,"retryReasons":[],"startAt":1785206688434,"status":"passed","title":"does not update orders with non-PROCESSING status"},{"ancestorTitles":["[1] pollPendingOrders — core mechanics"],"duration":314,"failing":false,"failureDetails":[],"failureMessages":[],"fullName":"[1] pollPendingOrders — core mechanics lastCheckedAt is updated for processed orders","invocations":1,"location":null,"numPassingAsserts":1,"retryReasons":[],"startAt":1785206688727,"status":"passed","title":"lastCheckedAt is updated for processed orders"},{"ancestorTitles":["[2] groupOrdersByProvider"],"duration":308,"failing":false,"failureDetails":[],"failureMessages":[],"fullName":"[2] groupOrdersByProvider groups orders under the correct provider bucket","invocations":1,"location":null,"numPassingAsserts":3,"retryReasons":[],"startAt":1785206689042,"status":"passed","title":"groups orders under the correct provider bucket"},{"ancestorTitles":["[2] groupOrdersByProvider"],"duration":268,"failing":false,"failureDetails":[],"failureMessages":[],"fullName":"[2] groupOrdersByProvider puts orders with no provider link into NO_PROVIDER bucket","invocations":1,"location":null,"numPassingAsserts":2,"retryReasons":[],"startAt":1785206689351,"status":"passed","title":"puts orders with no provider link into NO_PROVIDER bucket"},{"ancestorTitles":["[2] groupOrdersByProvider"],"duration":299,"failing":false,"failureDetails":[],"failureMessages":[],"fullName":"[2] groupOrdersByProvider groups orders from the same provider together","invocations":1,"location":null,"numPassingAsserts":1,"retryReasons":[],"startAt":1785206689619,"status":"passed","title":"groups orders from the same provider together"},{"ancestorTitles":["[3] Provider failure handling"],"duration":322,"failing":false,"failureDetails":[],"failureMessages":[],"fullName":"[3] Provider failure handling checkOrders() throw → orders stay PROCESSING, error collected","invocations":1,"location":null,"numPassingAsserts":3,"retryReasons":[],"startAt":1785206689919,"status":"passed","title":"checkOrders() throw → orders stay PROCESSING, error collected"},{"ancestorTitles":["[3] Provider failure handling"],"duration":365,"failing":false,"failureDetails":[],"failureMessages":[],"fullName":"[3] Provider failure handling inactive provider → orders stay PROCESSING with error logged","invocations":1,"location":null,"numPassingAsserts":2,"retryReasons":[],"startAt":1785206690242,"status":"passed","title":"inactive provider → orders stay PROCESSING with error logged"},{"ancestorTitles":["[3] Provider failure handling"],"duration":284,"failing":false,"failureDetails":[],"failureMessages":[],"fullName":"[3] Provider failure handling provider API failure does not crash the poller (returns stats)","invocations":1,"location":null,"numPassingAsserts":2,"retryReasons":[],"startAt":1785206690607,"status":"passed","title":"provider API failure does not crash the poller (returns stats)"},{"ancestorTitles":["[3] Provider failure handling"],"duration":302,"failing":false,"failureDetails":[],"failureMessages":[],"fullName":"[3] Provider failure handling missing status response for an order → order stays PROCESSING","invocations":1,"location":null,"numPassingAsserts":2,"retryReasons":[],"startAt":1785206690892,"status":"passed","title":"missing status response for an order → order stays PROCESSING"},{"ancestorTitles":["[4] Multi-provider isolation"],"duration":402,"failing":false,"failureDetails":[],"failureMessages":[],"fullName":"[4] Multi-provider isolation two providers polled in same cycle — results aggregated correctly","invocations":1,"location":null,"numPassingAsserts":5,"retryReasons":[],"startAt":1785206691194,"status":"passed","title":"two providers polled in same cycle — results aggregated correctly"},{"ancestorTitles":["[4] Multi-provider isolation"],"duration":451,"failing":false,"failureDetails":[],"failureMessages":[],"fullName":"[4] Multi-provider isolation provider A failure does not affect provider B results","invocations":1,"location":null,"numPassingAsserts":3,"retryReasons":[],"startAt":1785206691597,"status":"passed","title":"provider A failure does not affect provider B results"},{"ancestorTitles":["[5] Batch size limiting — chunk()"],"duration":151,"failing":false,"failureDetails":[],"failureMessages":[],"fullName":"[5] Batch size limiting — chunk() chunk() with perfect division","invocations":1,"location":null,"numPassingAsserts":1,"retryReasons":[],"startAt":1785206692049,"status":"passed","title":"chunk() with perfect division"},{"ancestorTitles":["[5] Batch size limiting — chunk()"],"duration":47,"failing":false,"failureDetails":[],"failureMessages":[],"fullName":"[5] Batch size limiting — chunk() chunk() with remainder","invocations":1,"location":null,"numPassingAsserts"
[...]
iptAnalyzer.service rejects low-entropy blank-like images","invocations":1,"location":null,"numPassingAsserts":2,"retryReasons":[],"startAt":1785206836544,"status":"passed","title":"rejects low-entropy blank-like images"},{"ancestorTitles":["receiptAnalyzer.service"],"duration":11,"failing":false,"failureDetails":[],"failureMessages":[],"fullName":"receiptAnalyzer.service accepts non-blank valid images","invocations":1,"location":null,"numPassingAsserts":2,"retryReasons":[],"startAt":1785206836554,"status":"passed","title":"accepts non-blank valid images"},{"ancestorTitles":["receiptAnalyzer.service"],"duration":7,"failing":false,"failureDetails":[],"failureMessages":[],"fullName":"receiptAnalyzer.service marks image invalid when sharp is unavailable","invocations":1,"location":null,"numPassingAsserts":2,"retryReasons":[],"startAt":1785206836565,"status":"passed","title":"marks image invalid when sharp is unavailable"}],"endTime":1785206836574,"message":"","name":"D:\\projects\\Kareem\\Kanz Coins\\Backend\\src\\tests\\receiptAnalyzer.test.js","startTime":1785206836075,"status":"passed","summary":""},{"assertionResults":[{"ancestorTitles":["upload signature validation"],"duration":3,"failing":false,"failureDetails":[],"failureMessages":[],"fullName":"upload signature validation accepts valid public image signatures","invocations":1,"location":null,"numPassingAsserts":3,"retryReasons":[],"startAt":1785206837127,"status":"passed","title":"accepts valid public image signatures"},{"ancestorTitles":["upload signature validation"],"duration":3,"failing":false,"failureDetails":[],"failureMessages":[],"fullName":"upload signature validation rejects renamed non-image bytes even when MIME claims image","invocations":1,"location":null,"numPassingAsserts":1,"retryReasons":[],"startAt":1785206837133,"status":"passed","title":"rejects renamed non-image bytes even when MIME claims image"},{"ancestorTitles":["upload signature validation"],"duration":2,"failing":false,"failureDetails":[],"failureMessages":[],"fullName":"upload signature validation allows PDF signatures only when explicitly enabled","invocations":1,"location":null,"numPassingAsserts":2,"retryReasons":[],"startAt":1785206837137,"status":"passed","title":"allows PDF signatures only when explicitly enabled"}],"endTime":1785206837141,"message":"","name":"D:\\projects\\Kareem\\Kanz Coins\\Backend\\src\\tests\\uploadSecurity.test.js","startTime":1785206836611,"status":"passed","summary":""},{"assertionResults":[{"ancestorTitles":["canonical wallet summary"],"duration":4,"failing":false,"failureDetails":[],"failureMessages":[],"fullName":"canonical wallet summary positive wallet, no credit","invocations":1,"location":null,"numPassingAsserts":1,"retryReasons":[],"startAt":1785206837456,"status":"passed","title":"positive wallet, no credit"},{"ancestorTitles":["canonical wallet summary"],"duration":3,"failing":false,"failureDetails":[],"failureMessages":[],"fullName":"canonical wallet summary positive wallet with credit","invocations":1,"location":null,"numPassingAsserts":1,"retryReasons":[],"startAt":1785206837461,"status":"passed","title":"positive wallet with credit"},{"ancestorTitles":["canonical wallet summary"],"duration":3,"failing":false,"failureDetails":[],"failureMessages":[],"fullName":"canonical wallet summary zero wallet with credit","invocations":1,"location":null,"numPassingAsserts":1,"retryReasons":[],"startAt":1785206837465,"status":"passed","title":"zero wallet with credit"},{"ancestorTitles":["canonical wallet summary"],"duration":3,"failing":false,"failureDetails":[],"failureMessages":[],"fullName":"canonical wallet summary partially used credit","invocations":1,"location":null,"numPassingAsserts":1,"retryReasons":[],"startAt":1785206837469,"status":"passed","title":"partially used credit"},{"ancestorTitles":["canonical wallet summary"],"duration":2,"failing":false,"failureDetails":[],"failureMessages":[],"fullName":"canonical wallet summary fully used credit","invocations":1,"location":null,"numPassingAsserts":1,"retryReasons":[],"startAt":1785206837473,"status":"passed","title":"fully used credit"},{"ancestorTitles":["canonical wallet summary"],"duration":2,"failing":false,"failureDetails":[],"failureMessages":[],"fullName":"canonical wallet summary legacy overdrawn data is clamped externally without mutation","invocations":1,"location":null,"numPassingAsserts":1,"retryReasons":[],"startAt":1785206837476,"status":"passed","title":"legacy overdrawn data is clamped externally without mutation"},{"ancestorTitles":["canonical wallet summary"],"duration":9,"failing":false,"failureDetails":[],"failureMessages":[],"fullName":"canonical wallet summary decimal precision rounds wallet fields half up","invocations":1,"location":null,"numPassingAsserts":1,"retryReasons":[],"startAt":1785206837479,"status":"passed","title":"decimal precision rounds wallet fields half up"},{"ancestorTitles":["canonical wallet summary"],"duration":2,"failing":false,"failureDetails":[],"failureMessages":[],"fullName":"canonical wallet summary negative wallet decimal precision","invocations":1,"location":null,"numPassingAsserts":1,"retryReasons":[],"startAt":1785206837489,"status":"passed","title":"negative wallet decimal precision"},{"ancestorTitles":["canonical wallet summary"],"duration":2,"failing":false,"failureDetails":[],"failureMessages":[],"fullName":"canonical wallet summary does not trust a stale supplied creditUsed value","invocations":1,"location":null,"numPassingAsserts":1,"retryReasons":[],"startAt":1785206837492,"status":"passed","title":"does not trust a stale supplied creditUsed value"},{"ancestorTitles":["canonical wallet summary"],"duration":2,"failing":false,"failureDetails":[],"failureMessages":[],"fullName":"canonical wallet summary normalizes invalid and negative credit limits to zero","invocations":1,"location":null,"numPassingAsserts":1,"retryReasons":[],"startAt":1785206837496,"status":"passed","title":"normalizes invalid and negative credit limits to zero"}],"endTime":1785206837501,"message":"","name":"D:\\projects\\Kareem\\Kanz Coins\\Backend\\src\\tests\\walletSummary.test.js","startTime":1785206837158,"status":"passed","summary":""},{"assertionResults":[{"ancestorTitles":["normalizeProviderDecimalPrice"],"duration":3,"failing":false,"failureDetails":[],"failureMessages":[],"fullName":"normalizeProviderDecimalPrice preserves plain tiny decimal strings","invocations":1,"location":null,"numPassingAsserts":1,"retryReasons":[],"startAt":1785206837845,"status":"passed","title":"preserves plain tiny decimal strings"},{"ancestorTitles":["normalizeProviderDecimalPrice"],"duration":3,"failing":false,"failureDetails":[],"failureMessages":[],"fullName":"normalizeProviderDecimalPrice normalizes tiny decimal numbers without returning 18","invocations":1,"location":null,"numPassingAsserts":2,"retryReasons":[],"startAt":1785206837849,"status":"passed","title":"normalizes tiny decimal numbers without returning 18"},{"ancestorTitles":["normalizeProviderDecimalPrice"],"duration":2,"failing":false,"failureDetails":[],"failureMessages":[],"fullName":"normalizeProviderDecimalPrice expands scientific notation safely","invocations":1,"location":null,"numPassingAsserts":1,"retryReasons":[],"startAt":1785206837853,"status":"passed","title":"expands scientific notation safely"},{"ancestorTitles":["DealerApiAdapter dynamic products"],"duration":6,"failing":false,"failureDetails":[],"failureMessages":[],"fullName":"DealerApiAdapter dynamic products returns Karak dynamic product for slug: karak","invocations":1,"location":null,"numPassingAsserts":2,"retryReasons":[],"startAt":1785206837856,"status":"passed","title":"returns Karak dynamic product for slug: karak"},{"ancestorTitles":["DealerApiAdapter dynamic products"],"duration":4,"failing":false,"failureDetails":[],"failureMessages":[],"fullName":"DealerApiAdapter dynamic products returns Karak dynamic product for slug: karak-chat","invocations":1,"location":null,"numPassingAsserts":2,"retryReasons":[],"startAt":1785206837863,"status":"passed","title":"returns Karak dynamic product for slug: karak-chat"},{"ancestorTitles":["DealerApiAdapter dynamic products"],"duration":3,"failing":false,"failureDetails":[],"failureMessages":[],"fullName":"DealerApiAdapter dynamic products returns Karak dynamic product for name: Karak Chat","invocations":1,"location":null,"numPassingAsserts":2,"retryReasons":[],"startAt":1785206837868,"status":"passed","title":"returns Karak dynamic product for name: Karak Chat"},{"ancestorTitles":["DealerApiAdapter dynamic products"],"duration":6,"failing":false,"failureDetails":[],"failureMessages":[],"fullName":"DealerApiAdapter dynamic products returns Ibulala dynamic product for slug: ibulala","invocations":1,"location":null,"numPassingAsserts":2,"retryReasons":[],"startAt":1785206837872,"status":"passed","title":"returns Ibulala dynamic product for slug: ibulala"},{"ancestorTitles":["DealerApiAdapter dynamic products"],"duration":3,"failing":false,"failureDetails":[],"failureMessages":[],"fullName":"DealerApiAdapter dynamic products returns Ibulala dynamic product for slug: ibulala-chat","invocations":1,"location":null,"numPassingAsserts":2,"retryReasons":[],"startAt":1785206837883,"status":"passed","title":"returns Ibulala dynamic product for slug: ibulala-chat"},{"ancestorTitles":["DealerApiAdapter dynamic products"],"duration":5,"failing":false,"failureDetails":[],"failureMessages":[],"fullName":"DealerApiAdapter dynamic products returns Ibulala dynamic product for name: Ibulala Chat","invocations":1,"location":null,"numPassingAsserts":2,"retryReasons":[],"startAt":1785206837887,"status":"passed","title":"returns Ibulala dynamic product for name: Ibulala Chat"},{"ancestorTitles":["DealerApiAdapter dynamic products"],"duration":5,"failing":false,"failureDetails":[],"failureMessages":[],"fullName":"DealerApiAdapter dynamic products returns an empty product list for unknown Dealer API providers","invocations":1,"location":null,"numPassingAsserts":1,"retryReasons":[],"startAt":1785206837894,"status":"passed","title":"returns an empty product list for unknown Dealer API providers"},{"ancestorTitles":["DealerApiAdapter dynamic products"],"duration":7,"failing":false,"failureDetails":[],"failureMessages":[],"fullName":"DealerApiAdapter dynamic products keeps isKarakProvider backward compatible and Karak-only","invocations":1,"location":null,"numPassingAsserts":7,"retryReasons":[],"startAt":1785206837900,"status":"passed","title":"keeps isKarakProvider backward compatible and Karak-only"},{"ancestorTitles":["DealerApiAdapter dynamic products"],"duration":3,"failing":false,"failureDetails":[],"failureMessages":[],"fullName":"DealerApiAdapter dynamic products detects both Karak and Ibulala with generic helpers","invocations":1,"location":null,"numPassingAsserts":6,"retryReasons":[],"startAt":1785206837908,"status":"passed","title":"detects both Karak and Ibulala with generic helpers"},{"ancestorTitles":["DealerApiAdapter dynamic products"],"duration":4,"failing":false,"failureDetails":[],"failureMessages":[],"fullName":"DealerApiAdapter dynamic products uses processSale successfully for the Karak dynamic product","invocations":1,"location":null,"numPassingAsserts":2,"retryReasons":[],"startAt":1785206837912,"status":"passed","title":"uses processSale successfully for the Karak dynamic product"},{"ancestorTitles":["DealerApiAdapter dynamic products"],"duration":5,"failing":false,"failureDetails":[],"failureMessages":[],"fullName":"DealerApiAdapter dynamic products uses processSale successfully for the Ibulala dynamic product","invocations":1,"location":null,"numPassingAsserts":2,"retryReasons":[],"startAt":1785206837917,"status":"passed","title":"uses processSale successfully for the Ibulala dynamic product"}],"endTime":1785206837926,"message":"","name":"D:\\projects\\Kareem\\Kanz Coins\\Backend\\src\\tests\\dealerApi.test.js","startTime":1785206837523,"status":"passed","summary":""},{"assertionResults":[{"ancestorTitles":["providerParams.helper"],"duration":3,"failing":false,"failureDetails":[],"failureMessages":[],"fullName":"providerParams.helper extracts playerId","invocations":1,"location":null,"numPassingAsserts":2,"retryReasons":[],"startAt":1785206838242,"status":"passed","title":"extracts playerId"},{"ancestorTitles":["providerParams.helper"],"duration":9,"failing":false,"failureDetails":[],"failureMessages":[],"fullName":"providerParams.helper extracts player_id","invocations":1,"location":null,"numPassingAsserts":2,"retryReasons":[],"startAt":1785206838246,"status":"passed","title":"extracts player_id"},{"ancestorTitles":["providerParams.helper"],"duration":2,"failing":false,"failureDetails":[],"failureMessages":[],"fullName":"providerParams.helper extracts uid","invocations":1,"location":null,"numPassingAsserts":2,"retryReasons":[],"startAt":1785206838256,"status":"passed","title":"extracts uid"},{"ancestorTitles":["providerParams.helper"],"duration":2,"failing":false,"failureDetails":[],"failureMessages":[],"fullName":"providerParams.helper extracts link","invocations":1,"location":null,"numPassingAsserts":2,"retryReasons":[],"startAt":1785206838259,"status":"passed","title":"extracts link"},{"ancestorTitles":["providerParams.helper"],"duration":2,"failing":false,"failureDetails":[],"failureMessages":[],"fullName":"providerParams.helper extracts target","invocations":1,"location":null,"numPassingAsserts":2,"retryReasons":[],"startAt":1785206838261,"status":"passed","title":"extracts target"},{"ancestorTitles":["providerParams.helper"],"duration":3,"failing":false,"failureDetails":[],"failureMessages":[],"fullName":"providerParams.helper extracts ايدي المستخدم","invocations":1,"location":null,"numPassingAsserts":2,"retryReasons":[],"startAt":1785206838264,"status":"passed","title":"extracts ايدي المستخدم"},{"ancestorTitles":["providerParams.helper"],"duration":2,"failing":false,"failureDetails":[],"failureMessages":[],"fullName":"providerParams.helper extracts ايدى المستخدم","invocations":1,"location":null,"numPassingAsserts":2,"retryReasons":[],"startAt":1785206838267,"status":"passed","title":"extracts ايدى المستخدم"},{"ancestorTitles":["providerParams.helper"],"duration":2,"failing":false,"failureDetails":[],"failureMessages":[],"fullName":"providerParams.helper extracts معرف المستخدم","invocations":1,"location":null,"numPassingAsserts":2,"retryReasons":[],"startAt":1785206838270,"status":"passed","title":"extracts معرف المستخدم"},{"ancestorTitles":["providerParams.helper"],"duration":2,"failing":false,"failureDetails":[],"failureMessages":[],"fullName":"providerParams.helper extracts ايدي-اللاعب","invocations":1,"location":null,"numPassingAsserts":2,"retryReasons":[],"startAt":1785206838273,"status":"passed","title":"extracts ايدي-اللاعب"},{"ancestorTitles":["providerParams.helper"],"duration":2,"failing":false,"failureDetails":[],"failureMessages":[],"fullName":"providerParams.helper extracts يوزر ايدي","invocations":1,"location":null,"numPassingAsserts":2,"retryReasons":[],"startAt":1785206838276,"status":"passed","title":"extracts يوزر ايدي"},{"ancestorTitles":["providerParams.helper"],"duration":2,"failing":false,"failureDetails":[],"failureMessages":[],"fullName":"providerParams.helper extracts رابط الحساب","invocations":1,"location":null,"numPassingAsserts":2,"retryReasons":[],"startAt":1785206838278,"status":"passed","title":"extracts رابط الحساب"},{"ancestorTitles":["providerParams.helper"],"duration":4,"failing":false,"failureDetails":[],"failureMessages":[],"fullName":"providerParams.helper extracts Player ID","invocations":1,"location":null,"numPassingAsserts":2,"retryReasons":[],"startAt":1785206838281,"status":"passed","title":"extracts Player ID"},{"ancestorTitles":["providerParams.helper"],"duration":2,"failing":false,"failureDetails":[],"failureMessages":[],"fullName":"providerParams.helper extracts User ID","invocations":1,"location":null,"numPassingAsserts":2,"retryReasons":[],"startAt":1785206838285,"status":"passed","title":"extracts User ID"},{"ancestorTitles":["providerParams.helper"],"duration":2,"failing":false,"failureDetails":[],"failureMessages":[],"fullName":"providerParams.helper extracts Account ID","invocations":1,"location":null,"numPassingAsserts":2,"retryReasons":[],"startAt":1785206838288,"status":"passed","title":"extracts Account ID"},{"ancestorTitles":["providerParams.helper"],"duration":2,"failing":false,"failureDetails":[],"failureMessages":[],"fullName":"providerParams.helper extracts ID","invocations":1,"location":null,"numPassingAsserts":2,"retryReasons":[],"startAt":1785206838290,"status":"passed","title":"extracts ID"},{"ancestorTitles":["providerParams.helper"],"duration":2,"failing":false,"failureDetails":[],"failureMessages":[],"fullName":"providerParams.helper extracts display aliases after normalizing spaces and punctuation","invocations":1,"location":null,"numPassingAsserts":2,"retryReasons":[],"startAt":1785206838293,"status":"passed","title":"extracts display aliases after normalizing spaces and punctuation"},{"ancestorTitles":["providerParams.helper"],"duration":2,"failing":false,"failureDetails":[],"failureMessages":[],"fullName":"providerParams.helper returns null when missing or blank","invocations":1,"location":null,"numPassingAsserts":5,"retryReasons":[],"startAt":1785206838296,"status":"passed","title":"returns null when missing or blank"},{"ancestorTitles":["providerParams.helper"],"duration":2,"failing":false,"failureDetails":[],"failureMessages":[],"fullName":"providerParams.helper normalizes supported aliases into canonical playerId without mutating input","invocations":1,"location":null,"numPassingAsserts":2,"retryReasons":[],"startAt":1785206838299,"status":"passed","title":"normalizes supported aliases into canonical playerId without mutating input"},{"ancestorTitles":["providerParams.helper"],"duration":3,"failing":false,"failureDetails":[],"failureMessages":[],"fullName":"providerParams.helper uses plain id only when there is no reserved id context","invocations":1,"location":null,"numPassingAsserts":3,"retryReasons":[],"startAt":1785206838302,"status":"passed","title":"uses plain id only when there is no reserved id context"},{"ancestorTitles":["AlkasrVipAdapter target extraction"],"duration":4,"failing":false,"failureDetails":[],"failureMessages":[],"fullName":"AlkasrVipAdapter target extraction does not call supplier when target is missing","invocations":1,"location":null,"numPassingAsserts":2,"retryReasons":[],"startAt":1785206838306,"status":"passed","title":"does not call supplier when target is missing"},{"ancestorTitles":["AlkasrVipAdapter target extraction"],"duration":5,"failing":false,"failureDetails":[],"failureMessages":[],"fullName":"AlkasrVipAdapter target extraction sends playerId when source key is player_id","invocations":1,"location":null,"numPassingAsserts":3,"retryReasons":[],"startAt":1785206838311,"status":"passed","title":"sends playerId when source key is player_id"},{"ancestorTitles":["AlkasrVipAdapter target extraction"],"duration":4,"failing":false,"failureDetails":[],"failureMessages":[],"fullName":"AlkasrVipAdapter target extraction sends playerId when source key is link","invocations":1,"location":null,"numPassingAsserts":3,"retryReasons":[],"startAt":1785206838317,"status":"passed","title":"sends playerId when source key is link"},{"ancestorTitles":["AlkasrVipAdapter target extraction"],"duration":3,"failing":false,"failureDetails":[],"failureMessages":[],"fullName":"AlkasrVipAdapter target extraction sends playerId when source key is uid","invocations":1,"location":null,"numPassingAsserts":3,"retryReasons":[],"startAt":1785206838325,"status":"passed","title":"sends playerId when source key is uid"}],"endTime":1785206838332,"message":"","name":"D:\\projects\\Kareem\\Kanz Coins\\Backend\\src\\tests\\providerParams.test.js","startTime":1785206837947,"status":"passed","summary":""}],"wasInterrupted":false}
